<?xml version="1.0" encoding="UTF-8"?>
<testsuite name="com.team.todaycheck.main.ProfileTest" tests="3" skipped="0" failures="0" errors="0" timestamp="2022-12-20T09:07:34" hostname="DESKTOP-OFA3CC5" time="0.117">
  <properties/>
  <testcase name="사용자 정보 변경" classname="com.team.todaycheck.main.ProfileTest" time="0.042"/>
  <testcase name="중복된 아이디 변경 오류" classname="com.team.todaycheck.main.ProfileTest" time="0.029"/>
  <testcase name="사용자 정보 가져오기" classname="com.team.todaycheck.main.ProfileTest" time="0.044"/>
  <system-out><![CDATA[2022-12-20 18:07:31.974  INFO 20468 --- [    Test worker] .b.t.c.SpringBootTestContextBootstrapper : Neither @ContextConfiguration nor @ContextHierarchy found for test class [com.team.todaycheck.main.ProfileTest], using SpringBootContextLoader
2022-12-20 18:07:31.975  INFO 20468 --- [    Test worker] o.s.t.c.support.AbstractContextLoader    : Could not detect default resource locations for test class [com.team.todaycheck.main.ProfileTest]: no resource found for suffixes {-context.xml, Context.groovy}.
2022-12-20 18:07:31.975  INFO 20468 --- [    Test worker] t.c.s.AnnotationConfigContextLoaderUtils : Could not detect default configuration classes for test class [com.team.todaycheck.main.ProfileTest]: ProfileTest does not declare any static, non-private, non-final, nested classes annotated with @Configuration.
2022-12-20 18:07:31.977  INFO 20468 --- [    Test worker] .b.t.c.SpringBootTestContextBootstrapper : Found @SpringBootConfiguration com.team.todaycheck.main.Library for test class com.team.todaycheck.main.ProfileTest
2022-12-20 18:07:31.979  INFO 20468 --- [    Test worker] .b.t.c.SpringBootTestContextBootstrapper : Loaded default TestExecutionListener class names from location [META-INF/spring.factories]: [org.springframework.security.test.context.support.WithSecurityContextTestExecutionListener, org.springframework.security.test.context.support.ReactorContextTestExecutionListener, org.springframework.boot.test.autoconfigure.restdocs.RestDocsTestExecutionListener, org.springframework.boot.test.autoconfigure.web.client.MockRestServiceServerResetTestExecutionListener, org.springframework.boot.test.autoconfigure.web.servlet.MockMvcPrintOnlyOnFailureTestExecutionListener, org.springframework.boot.test.autoconfigure.web.servlet.WebDriverTestExecutionListener, org.springframework.boot.test.autoconfigure.webservices.client.MockWebServiceServerTestExecutionListener, org.springframework.boot.test.mock.mockito.MockitoTestExecutionListener, org.springframework.boot.test.mock.mockito.ResetMocksTestExecutionListener, org.springframework.test.context.web.ServletTestExecutionListener, org.springframework.test.context.support.DirtiesContextBeforeModesTestExecutionListener, org.springframework.test.context.event.ApplicationEventsTestExecutionListener, org.springframework.test.context.support.DependencyInjectionTestExecutionListener, org.springframework.test.context.support.DirtiesContextTestExecutionListener, org.springframework.test.context.transaction.TransactionalTestExecutionListener, org.springframework.test.context.jdbc.SqlScriptsTestExecutionListener, org.springframework.test.context.event.EventPublishingTestExecutionListener]
2022-12-20 18:07:31.980  INFO 20468 --- [    Test worker] .b.t.c.SpringBootTestContextBootstrapper : Using TestExecutionListeners: [org.springframework.test.context.web.ServletTestExecutionListener@5a558335, org.springframework.test.context.support.DirtiesContextBeforeModesTestExecutionListener@20c9b155, org.springframework.test.context.event.ApplicationEventsTestExecutionListener@154f5d37, org.springframework.boot.test.mock.mockito.MockitoTestExecutionListener@58c84be1, org.springframework.boot.test.autoconfigure.SpringBootDependencyInjectionTestExecutionListener@2e7227e6, org.springframework.test.context.support.DirtiesContextTestExecutionListener@43dc6864, org.springframework.test.context.transaction.TransactionalTestExecutionListener@2c1523cd, org.springframework.test.context.jdbc.SqlScriptsTestExecutionListener@3698f2ed, org.springframework.security.test.context.support.WithSecurityContextTestExecutionListener@9eaaecf, org.springframework.test.context.event.EventPublishingTestExecutionListener@29d578de, org.springframework.security.test.context.support.ReactorContextTestExecutionListener@2c5b2d62, org.springframework.boot.test.autoconfigure.restdocs.RestDocsTestExecutionListener@5da5bd9e, org.springframework.boot.test.autoconfigure.web.client.MockRestServiceServerResetTestExecutionListener@165ec33, org.springframework.boot.test.autoconfigure.web.servlet.MockMvcPrintOnlyOnFailureTestExecutionListener@3746749, org.springframework.boot.test.autoconfigure.web.servlet.WebDriverTestExecutionListener@76b17a78, org.springframework.boot.test.autoconfigure.webservices.client.MockWebServiceServerTestExecutionListener@608707d, org.springframework.boot.test.mock.mockito.ResetMocksTestExecutionListener@28a210fb]

  .   ____          _            __ _ _
 /\\ / ___'_ __ _ _(_)_ __  __ _ \ \ \ \
( ( )\___ | '_ | '_| | '_ \/ _` | \ \ \ \
 \\/  ___)| |_)| | | | | || (_| |  ) ) ) )
  '  |____| .__|_| |_|_| |_\__, | / / / /
 =========|_|==============|___/=/_/_/_/
 :: Spring Boot ::                (v2.7.4)

2022-12-20 18:07:32.011  INFO 20468 --- [    Test worker] com.team.todaycheck.main.ProfileTest     : Starting ProfileTest using Java 17.0.1 on DESKTOP-OFA3CC5 with PID 20468 (started by tjseo in C:\Users\tjseo\OneDrive\바탕 화면\projects\today-check\todayCheck\lib)
2022-12-20 18:07:32.011  INFO 20468 --- [    Test worker] com.team.todaycheck.main.ProfileTest     : No active profile set, falling back to 1 default profile: "default"
2022-12-20 18:07:32.021 DEBUG 20468 --- [    Test worker] o.s.w.c.s.GenericWebApplicationContext   : Refreshing org.springframework.web.context.support.GenericWebApplicationContext@10fc01e0
2022-12-20 18:07:32.373  INFO 20468 --- [    Test worker] .s.d.r.c.RepositoryConfigurationDelegate : Bootstrapping Spring Data JPA repositories in DEFAULT mode.
2022-12-20 18:07:32.418  INFO 20468 --- [    Test worker] .s.d.r.c.RepositoryConfigurationDelegate : Finished Spring Data repository scanning in 44 ms. Found 7 JPA repository interfaces.
2022-12-20 18:07:32.514  INFO 20468 --- [    Test worker] trationDelegate$BeanPostProcessorChecker : Bean 'org.springframework.ws.config.annotation.DelegatingWsConfiguration' of type [org.springframework.ws.config.annotation.DelegatingWsConfiguration$$EnhancerBySpringCGLIB$$f51fa885] is not eligible for getting processed by all BeanPostProcessors (for example: not eligible for auto-proxying)
2022-12-20 18:07:32.521  INFO 20468 --- [    Test worker] .w.s.a.s.AnnotationActionEndpointMapping : Supporting [WS-Addressing August 2004, WS-Addressing 1.0]
2022-12-20 18:07:32.619  INFO 20468 --- [    Test worker] o.hibernate.jpa.internal.util.LogHelper  : HHH000204: Processing PersistenceUnitInfo [name: default]
2022-12-20 18:07:32.627  INFO 20468 --- [    Test worker] com.zaxxer.hikari.HikariDataSource       : HikariPool-2 - Starting...
2022-12-20 18:07:32.631  INFO 20468 --- [    Test worker] com.zaxxer.hikari.HikariDataSource       : HikariPool-2 - Start completed.
2022-12-20 18:07:32.631  INFO 20468 --- [    Test worker] org.hibernate.dialect.Dialect            : HHH000400: Using dialect: org.hibernate.dialect.MySQL5InnoDBDialect
2022-12-20 18:07:32.794  INFO 20468 --- [    Test worker] o.h.e.t.j.p.i.JtaPlatformInitiator       : HHH000490: Using JtaPlatform implementation: [org.hibernate.engine.transaction.jta.platform.internal.NoJtaPlatform]
2022-12-20 18:07:32.794  INFO 20468 --- [    Test worker] j.LocalContainerEntityManagerFactoryBean : Initialized JPA EntityManagerFactory for persistence unit 'default'
2022-12-20 18:07:33.223  WARN 20468 --- [    Test worker] JpaBaseConfiguration$JpaWebConfiguration : spring.jpa.open-in-view is enabled by default. Therefore, database queries may be performed during view rendering. Explicitly configure spring.jpa.open-in-view to disable this warning
2022-12-20 18:07:33.301 DEBUG 20468 --- [    Test worker] s.w.s.m.m.a.RequestMappingHandlerMapping : 34 mappings in 'requestMappingHandlerMapping'
2022-12-20 18:07:33.510  INFO 20468 --- [    Test worker] o.s.s.web.DefaultSecurityFilterChain     : Will secure any request with [org.springframework.security.web.session.DisableEncodeUrlFilter@6df38b48, org.springframework.security.web.context.request.async.WebAsyncManagerIntegrationFilter@1f4e9eee, org.springframework.security.web.context.SecurityContextPersistenceFilter@2183db30, org.springframework.security.web.header.HeaderWriterFilter@385abc08, org.springframework.security.web.authentication.logout.LogoutFilter@2184c27b, org.springframework.security.oauth2.client.web.OAuth2AuthorizationRequestRedirectFilter@55781d31, org.springframework.security.oauth2.client.web.OAuth2LoginAuthenticationFilter@6d02c23f, com.team.todaycheck.main.security.JwtAuthenticationFilter@aca89a3, org.springframework.security.web.savedrequest.RequestCacheAwareFilter@389d371a, org.springframework.security.web.servletapi.SecurityContextHolderAwareRequestFilter@554a76fd, org.springframework.security.web.authentication.AnonymousAuthenticationFilter@7122b1ff, org.springframework.security.web.session.SessionManagementFilter@78067cc4, org.springframework.security.web.access.ExceptionTranslationFilter@5b3847f5, org.springframework.security.web.access.intercept.FilterSecurityInterceptor@7b313fdf]
2022-12-20 18:07:33.697 DEBUG 20468 --- [    Test worker] s.w.s.m.m.a.RequestMappingHandlerAdapter : ControllerAdvice beans: 0 @ModelAttribute, 0 @InitBinder, 1 RequestBodyAdvice, 1 ResponseBodyAdvice
2022-12-20 18:07:33.734 DEBUG 20468 --- [    Test worker] o.s.w.s.handler.SimpleUrlHandlerMapping  : Patterns [/swagger-ui/] in 'viewControllerHandlerMapping'
2022-12-20 18:07:33.754 DEBUG 20468 --- [    Test worker] o.s.w.s.handler.SimpleUrlHandlerMapping  : Patterns [/webjars/**, /**, /swagger-ui/**] in 'resourceHandlerMapping'
2022-12-20 18:07:33.766 DEBUG 20468 --- [    Test worker] .m.m.a.ExceptionHandlerExceptionResolver : ControllerAdvice beans: 1 @ExceptionHandler, 1 ResponseBodyAdvice
2022-12-20 18:07:34.091  INFO 20468 --- [    Test worker] com.team.todaycheck.main.ProfileTest     : Started ProfileTest in 2.109 seconds (JVM running for 11.538)
Hibernate: select userentity0_.user_id as user_id1_7_, userentity0_.address as address2_7_, userentity0_.admin as admin3_7_, userentity0_.id as id4_7_, userentity0_.password as password5_7_, userentity0_.phone_number as phone_nu6_7_, userentity0_.profile_images as profile_7_7_ from user_entity userentity0_ where userentity0_.id=?
Hibernate: select roles0_.user_entity_user_id as user_ent1_8_0_, roles0_.roles as roles2_8_0_ from user_entity_roles roles0_ where roles0_.user_entity_user_id=?
Hibernate: select mission0_.mission_id as mission_2_3_0_, mission0_.participants_mission_id as particip1_3_0_, mission0_.participants_mission_id as particip1_3_1_, mission0_.mission_id as mission_2_3_1_, mission0_.participants_id as particip3_3_1_ from participants_mission mission0_ where mission0_.mission_id=?
Hibernate: select post0_.user_id as user_id9_4_0_, post0_.post_key as post_key1_4_0_, post0_.post_key as post_key1_4_1_, post0_.date as date2_4_1_, post0_.description as descript3_4_1_, post0_.recommendation as recommen4_4_1_, post0_.thumbnail as thumbnai5_4_1_, post0_.title as title6_4_1_, post0_.user_id as user_id9_4_1_, post0_.views as views7_4_1_, post0_.writer as writer8_4_1_ from post post0_ where post0_.user_id=?
Hibernate: delete from user_entity_roles where user_entity_user_id=?
Hibernate: delete from user_entity where user_id=?
Hibernate: select userentity0_.user_id as user_id1_7_, userentity0_.address as address2_7_, userentity0_.admin as admin3_7_, userentity0_.id as id4_7_, userentity0_.password as password5_7_, userentity0_.phone_number as phone_nu6_7_, userentity0_.profile_images as profile_7_7_ from user_entity userentity0_ where userentity0_.id=?
2022-12-20 18:07:34.130  INFO 20468 --- [    Test worker] o.s.t.c.transaction.TransactionContext   : Began transaction (1) for test context [DefaultTestContext@31e5f3f0 testClass = ProfileTest, testInstance = com.team.todaycheck.main.ProfileTest@47c62b8e, testMethod = testUserInfoChange@ProfileTest, testException = [null], mergedContextConfiguration = [WebMergedContextConfiguration@3dd1f392 testClass = ProfileTest, locations = '{}', classes = '{class com.team.todaycheck.main.Library}', contextInitializerClasses = '[]', activeProfiles = '{}', propertySourceLocations = '{}', propertySourceProperties = '{org.springframework.boot.test.context.SpringBootTestContextBootstrapper=true}', contextCustomizers = set[org.springframework.boot.test.autoconfigure.actuate.metrics.MetricsExportContextCustomizerFactory$DisableMetricExportContextCustomizer@3c0fae6c, org.springframework.boot.test.autoconfigure.properties.PropertyMappingContextCustomizer@0, org.springframework.boot.test.autoconfigure.web.servlet.WebDriverContextCustomizerFactory$Customizer@756cf158, org.springframework.boot.test.context.filter.ExcludeFilterContextCustomizer@46e8a539, org.springframework.boot.test.json.DuplicateJsonObjectContextCustomizerFactory$DuplicateJsonObjectContextCustomizer@66629f63, org.springframework.boot.test.mock.mockito.MockitoContextCustomizer@0, org.springframework.boot.test.web.client.TestRestTemplateContextCustomizer@32cb636e, org.springframework.boot.test.context.SpringBootTestArgs@1, org.springframework.boot.test.context.SpringBootTestWebEnvironment@53251a66], resourceBasePath = 'src/main/webapp', contextLoader = 'org.springframework.boot.test.context.SpringBootContextLoader', parent = [null]], attributes = map['org.springframework.test.context.web.ServletTestExecutionListener.activateListener' -> true, 'org.springframework.test.context.web.ServletTestExecutionListener.populatedRequestContextHolder' -> true, 'org.springframework.test.context.web.ServletTestExecutionListener.resetRequestContextHolder' -> true, 'org.springframework.test.context.event.ApplicationEventsTestExecutionListener.recordApplicationEvents' -> false]]; transaction manager [org.springframework.orm.jpa.JpaTransactionManager@33cbd883]; rollback [true]
Hibernate: select userentity0_.user_id as user_id1_7_, userentity0_.address as address2_7_, userentity0_.admin as admin3_7_, userentity0_.id as id4_7_, userentity0_.password as password5_7_, userentity0_.phone_number as phone_nu6_7_, userentity0_.profile_images as profile_7_7_ from user_entity userentity0_ where userentity0_.id=?
Hibernate: select next_val as id_val from hibernate_sequence for update
Hibernate: update hibernate_sequence set next_val= ? where next_val=?
Hibernate: insert into user_entity (address, admin, id, password, phone_number, profile_images, user_id) values (?, ?, ?, ?, ?, ?, ?)
Hibernate: insert into user_entity_roles (user_entity_user_id, roles) values (?, ?)
Hibernate: select userentity0_.user_id as user_id1_7_, userentity0_.address as address2_7_, userentity0_.admin as admin3_7_, userentity0_.id as id4_7_, userentity0_.password as password5_7_, userentity0_.phone_number as phone_nu6_7_, userentity0_.profile_images as profile_7_7_ from user_entity userentity0_ where userentity0_.id=?
Hibernate: select userentity0_.user_id as user_id1_7_, userentity0_.address as address2_7_, userentity0_.admin as admin3_7_, userentity0_.id as id4_7_, userentity0_.password as password5_7_, userentity0_.phone_number as phone_nu6_7_, userentity0_.profile_images as profile_7_7_ from user_entity userentity0_ where userentity0_.id=?
Hibernate: update post set writer=? where writer=?
Hibernate: update comment set writer=? where writer=?
Hibernate: update recommander set recommender=? where recommender=?
2022-12-20 18:07:34.170  INFO 20468 --- [    Test worker] o.s.t.c.transaction.TransactionContext   : Rolled back transaction for test: [DefaultTestContext@31e5f3f0 testClass = ProfileTest, testInstance = com.team.todaycheck.main.ProfileTest@47c62b8e, testMethod = testUserInfoChange@ProfileTest, testException = [null], mergedContextConfiguration = [WebMergedContextConfiguration@3dd1f392 testClass = ProfileTest, locations = '{}', classes = '{class com.team.todaycheck.main.Library}', contextInitializerClasses = '[]', activeProfiles = '{}', propertySourceLocations = '{}', propertySourceProperties = '{org.springframework.boot.test.context.SpringBootTestContextBootstrapper=true}', contextCustomizers = set[org.springframework.boot.test.autoconfigure.actuate.metrics.MetricsExportContextCustomizerFactory$DisableMetricExportContextCustomizer@3c0fae6c, org.springframework.boot.test.autoconfigure.properties.PropertyMappingContextCustomizer@0, org.springframework.boot.test.autoconfigure.web.servlet.WebDriverContextCustomizerFactory$Customizer@756cf158, org.springframework.boot.test.context.filter.ExcludeFilterContextCustomizer@46e8a539, org.springframework.boot.test.json.DuplicateJsonObjectContextCustomizerFactory$DuplicateJsonObjectContextCustomizer@66629f63, org.springframework.boot.test.mock.mockito.MockitoContextCustomizer@0, org.springframework.boot.test.web.client.TestRestTemplateContextCustomizer@32cb636e, org.springframework.boot.test.context.SpringBootTestArgs@1, org.springframework.boot.test.context.SpringBootTestWebEnvironment@53251a66], resourceBasePath = 'src/main/webapp', contextLoader = 'org.springframework.boot.test.context.SpringBootContextLoader', parent = [null]], attributes = map['org.springframework.test.context.web.ServletTestExecutionListener.activateListener' -> true, 'org.springframework.test.context.web.ServletTestExecutionListener.populatedRequestContextHolder' -> true, 'org.springframework.test.context.web.ServletTestExecutionListener.resetRequestContextHolder' -> true, 'org.springframework.test.context.event.ApplicationEventsTestExecutionListener.recordApplicationEvents' -> false]]
2022-12-20 18:07:34.172  INFO 20468 --- [    Test worker] o.s.t.c.transaction.TransactionContext   : Began transaction (1) for test context [DefaultTestContext@31e5f3f0 testClass = ProfileTest, testInstance = com.team.todaycheck.main.ProfileTest@47c62b8e, testMethod = changeExistUserNameChange@ProfileTest, testException = [null], mergedContextConfiguration = [WebMergedContextConfiguration@3dd1f392 testClass = ProfileTest, locations = '{}', classes = '{class com.team.todaycheck.main.Library}', contextInitializerClasses = '[]', activeProfiles = '{}', propertySourceLocations = '{}', propertySourceProperties = '{org.springframework.boot.test.context.SpringBootTestContextBootstrapper=true}', contextCustomizers = set[org.springframework.boot.test.autoconfigure.actuate.metrics.MetricsExportContextCustomizerFactory$DisableMetricExportContextCustomizer@3c0fae6c, org.springframework.boot.test.autoconfigure.properties.PropertyMappingContextCustomizer@0, org.springframework.boot.test.autoconfigure.web.servlet.WebDriverContextCustomizerFactory$Customizer@756cf158, org.springframework.boot.test.context.filter.ExcludeFilterContextCustomizer@46e8a539, org.springframework.boot.test.json.DuplicateJsonObjectContextCustomizerFactory$DuplicateJsonObjectContextCustomizer@66629f63, org.springframework.boot.test.mock.mockito.MockitoContextCustomizer@0, org.springframework.boot.test.web.client.TestRestTemplateContextCustomizer@32cb636e, org.springframework.boot.test.context.SpringBootTestArgs@1, org.springframework.boot.test.context.SpringBootTestWebEnvironment@53251a66], resourceBasePath = 'src/main/webapp', contextLoader = 'org.springframework.boot.test.context.SpringBootContextLoader', parent = [null]], attributes = map['org.springframework.test.context.web.ServletTestExecutionListener.activateListener' -> true, 'org.springframework.test.context.web.ServletTestExecutionListener.populatedRequestContextHolder' -> true, 'org.springframework.test.context.web.ServletTestExecutionListener.resetRequestContextHolder' -> true, 'org.springframework.test.context.event.ApplicationEventsTestExecutionListener.recordApplicationEvents' -> false]]; transaction manager [org.springframework.orm.jpa.JpaTransactionManager@33cbd883]; rollback [true]
Hibernate: select userentity0_.user_id as user_id1_7_, userentity0_.address as address2_7_, userentity0_.admin as admin3_7_, userentity0_.id as id4_7_, userentity0_.password as password5_7_, userentity0_.phone_number as phone_nu6_7_, userentity0_.profile_images as profile_7_7_ from user_entity userentity0_ where userentity0_.id=?
Hibernate: select next_val as id_val from hibernate_sequence for update
Hibernate: update hibernate_sequence set next_val= ? where next_val=?
Hibernate: insert into user_entity (address, admin, id, password, phone_number, profile_images, user_id) values (?, ?, ?, ?, ?, ?, ?)
Hibernate: insert into user_entity_roles (user_entity_user_id, roles) values (?, ?)
Hibernate: select userentity0_.user_id as user_id1_7_, userentity0_.address as address2_7_, userentity0_.admin as admin3_7_, userentity0_.id as id4_7_, userentity0_.password as password5_7_, userentity0_.phone_number as phone_nu6_7_, userentity0_.profile_images as profile_7_7_ from user_entity userentity0_ where userentity0_.id=?
Hibernate: select next_val as id_val from hibernate_sequence for update
Hibernate: update hibernate_sequence set next_val= ? where next_val=?
Hibernate: insert into user_entity (address, admin, id, password, phone_number, profile_images, user_id) values (?, ?, ?, ?, ?, ?, ?)
Hibernate: insert into user_entity_roles (user_entity_user_id, roles) values (?, ?)
Hibernate: select userentity0_.user_id as user_id1_7_, userentity0_.address as address2_7_, userentity0_.admin as admin3_7_, userentity0_.id as id4_7_, userentity0_.password as password5_7_, userentity0_.phone_number as phone_nu6_7_, userentity0_.profile_images as profile_7_7_ from user_entity userentity0_ where userentity0_.id=?
Hibernate: select userentity0_.user_id as user_id1_7_, userentity0_.address as address2_7_, userentity0_.admin as admin3_7_, userentity0_.id as id4_7_, userentity0_.password as password5_7_, userentity0_.phone_number as phone_nu6_7_, userentity0_.profile_images as profile_7_7_ from user_entity userentity0_ where userentity0_.id=?
2022-12-20 18:07:34.200  INFO 20468 --- [    Test worker] o.s.t.c.transaction.TransactionContext   : Rolled back transaction for test: [DefaultTestContext@31e5f3f0 testClass = ProfileTest, testInstance = com.team.todaycheck.main.ProfileTest@47c62b8e, testMethod = changeExistUserNameChange@ProfileTest, testException = [null], mergedContextConfiguration = [WebMergedContextConfiguration@3dd1f392 testClass = ProfileTest, locations = '{}', classes = '{class com.team.todaycheck.main.Library}', contextInitializerClasses = '[]', activeProfiles = '{}', propertySourceLocations = '{}', propertySourceProperties = '{org.springframework.boot.test.context.SpringBootTestContextBootstrapper=true}', contextCustomizers = set[org.springframework.boot.test.autoconfigure.actuate.metrics.MetricsExportContextCustomizerFactory$DisableMetricExportContextCustomizer@3c0fae6c, org.springframework.boot.test.autoconfigure.properties.PropertyMappingContextCustomizer@0, org.springframework.boot.test.autoconfigure.web.servlet.WebDriverContextCustomizerFactory$Customizer@756cf158, org.springframework.boot.test.context.filter.ExcludeFilterContextCustomizer@46e8a539, org.springframework.boot.test.json.DuplicateJsonObjectContextCustomizerFactory$DuplicateJsonObjectContextCustomizer@66629f63, org.springframework.boot.test.mock.mockito.MockitoContextCustomizer@0, org.springframework.boot.test.web.client.TestRestTemplateContextCustomizer@32cb636e, org.springframework.boot.test.context.SpringBootTestArgs@1, org.springframework.boot.test.context.SpringBootTestWebEnvironment@53251a66], resourceBasePath = 'src/main/webapp', contextLoader = 'org.springframework.boot.test.context.SpringBootContextLoader', parent = [null]], attributes = map['org.springframework.test.context.web.ServletTestExecutionListener.activateListener' -> true, 'org.springframework.test.context.web.ServletTestExecutionListener.populatedRequestContextHolder' -> true, 'org.springframework.test.context.web.ServletTestExecutionListener.resetRequestContextHolder' -> true, 'org.springframework.test.context.event.ApplicationEventsTestExecutionListener.recordApplicationEvents' -> false]]
2022-12-20 18:07:34.203  INFO 20468 --- [    Test worker] o.s.t.c.transaction.TransactionContext   : Began transaction (1) for test context [DefaultTestContext@31e5f3f0 testClass = ProfileTest, testInstance = com.team.todaycheck.main.ProfileTest@47c62b8e, testMethod = getUserData@ProfileTest, testException = [null], mergedContextConfiguration = [WebMergedContextConfiguration@3dd1f392 testClass = ProfileTest, locations = '{}', classes = '{class com.team.todaycheck.main.Library}', contextInitializerClasses = '[]', activeProfiles = '{}', propertySourceLocations = '{}', propertySourceProperties = '{org.springframework.boot.test.context.SpringBootTestContextBootstrapper=true}', contextCustomizers = set[org.springframework.boot.test.autoconfigure.actuate.metrics.MetricsExportContextCustomizerFactory$DisableMetricExportContextCustomizer@3c0fae6c, org.springframework.boot.test.autoconfigure.properties.PropertyMappingContextCustomizer@0, org.springframework.boot.test.autoconfigure.web.servlet.WebDriverContextCustomizerFactory$Customizer@756cf158, org.springframework.boot.test.context.filter.ExcludeFilterContextCustomizer@46e8a539, org.springframework.boot.test.json.DuplicateJsonObjectContextCustomizerFactory$DuplicateJsonObjectContextCustomizer@66629f63, org.springframework.boot.test.mock.mockito.MockitoContextCustomizer@0, org.springframework.boot.test.web.client.TestRestTemplateContextCustomizer@32cb636e, org.springframework.boot.test.context.SpringBootTestArgs@1, org.springframework.boot.test.context.SpringBootTestWebEnvironment@53251a66], resourceBasePath = 'src/main/webapp', contextLoader = 'org.springframework.boot.test.context.SpringBootContextLoader', parent = [null]], attributes = map['org.springframework.test.context.web.ServletTestExecutionListener.activateListener' -> true, 'org.springframework.test.context.web.ServletTestExecutionListener.populatedRequestContextHolder' -> true, 'org.springframework.test.context.web.ServletTestExecutionListener.resetRequestContextHolder' -> true, 'org.springframework.test.context.event.ApplicationEventsTestExecutionListener.recordApplicationEvents' -> false]]; transaction manager [org.springframework.orm.jpa.JpaTransactionManager@33cbd883]; rollback [true]
Hibernate: select userentity0_.user_id as user_id1_7_, userentity0_.address as address2_7_, userentity0_.admin as admin3_7_, userentity0_.id as id4_7_, userentity0_.password as password5_7_, userentity0_.phone_number as phone_nu6_7_, userentity0_.profile_images as profile_7_7_ from user_entity userentity0_ where userentity0_.id=?
Hibernate: select next_val as id_val from hibernate_sequence for update
Hibernate: update hibernate_sequence set next_val= ? where next_val=?
Hibernate: insert into user_entity (address, admin, id, password, phone_number, profile_images, user_id) values (?, ?, ?, ?, ?, ?, ?)
Hibernate: insert into user_entity_roles (user_entity_user_id, roles) values (?, ?)
Hibernate: select userentity0_.user_id as user_id1_7_, userentity0_.address as address2_7_, userentity0_.admin as admin3_7_, userentity0_.id as id4_7_, userentity0_.password as password5_7_, userentity0_.phone_number as phone_nu6_7_, userentity0_.profile_images as profile_7_7_ from user_entity userentity0_ where userentity0_.id=?
Hibernate: select mission0_.id as col_0_0_, mission0_.title as col_1_0_, mission0_.thumbnail as col_2_0_, mission0_.content as col_3_0_, mission0_.start_date as col_4_0_, mission0_.end_date as col_5_0_ from mission mission0_ where mission0_.id in (select mission3_.id from participants_mission participan1_ inner join user_entity userentity2_ on participan1_.participants_id=userentity2_.user_id and (userentity2_.id=?) inner join mission mission3_ on participan1_.mission_id=mission3_.id)
Hibernate: select mission0_.id as col_0_0_, mission0_.title as col_1_0_, mission0_.thumbnail as col_2_0_, mission0_.content as col_3_0_, mission0_.start_date as col_4_0_, mission0_.end_date as col_5_0_ from mission mission0_ right outer join user_entity userentity1_ on mission0_.admin_id=userentity1_.user_id where userentity1_.id=?
2022-12-20 18:07:34.246  INFO 20468 --- [    Test worker] o.s.t.c.transaction.TransactionContext   : Rolled back transaction for test: [DefaultTestContext@31e5f3f0 testClass = ProfileTest, testInstance = com.team.todaycheck.main.ProfileTest@47c62b8e, testMethod = getUserData@ProfileTest, testException = [null], mergedContextConfiguration = [WebMergedContextConfiguration@3dd1f392 testClass = ProfileTest, locations = '{}', classes = '{class com.team.todaycheck.main.Library}', contextInitializerClasses = '[]', activeProfiles = '{}', propertySourceLocations = '{}', propertySourceProperties = '{org.springframework.boot.test.context.SpringBootTestContextBootstrapper=true}', contextCustomizers = set[org.springframework.boot.test.autoconfigure.actuate.metrics.MetricsExportContextCustomizerFactory$DisableMetricExportContextCustomizer@3c0fae6c, org.springframework.boot.test.autoconfigure.properties.PropertyMappingContextCustomizer@0, org.springframework.boot.test.autoconfigure.web.servlet.WebDriverContextCustomizerFactory$Customizer@756cf158, org.springframework.boot.test.context.filter.ExcludeFilterContextCustomizer@46e8a539, org.springframework.boot.test.json.DuplicateJsonObjectContextCustomizerFactory$DuplicateJsonObjectContextCustomizer@66629f63, org.springframework.boot.test.mock.mockito.MockitoContextCustomizer@0, org.springframework.boot.test.web.client.TestRestTemplateContextCustomizer@32cb636e, org.springframework.boot.test.context.SpringBootTestArgs@1, org.springframework.boot.test.context.SpringBootTestWebEnvironment@53251a66], resourceBasePath = 'src/main/webapp', contextLoader = 'org.springframework.boot.test.context.SpringBootContextLoader', parent = [null]], attributes = map['org.springframework.test.context.web.ServletTestExecutionListener.activateListener' -> true, 'org.springframework.test.context.web.ServletTestExecutionListener.populatedRequestContextHolder' -> true, 'org.springframework.test.context.web.ServletTestExecutionListener.resetRequestContextHolder' -> true, 'org.springframework.test.context.event.ApplicationEventsTestExecutionListener.recordApplicationEvents' -> false]]
Hibernate: select userentity0_.user_id as user_id1_7_, userentity0_.address as address2_7_, userentity0_.admin as admin3_7_, userentity0_.id as id4_7_, userentity0_.password as password5_7_, userentity0_.phone_number as phone_nu6_7_, userentity0_.profile_images as profile_7_7_ from user_entity userentity0_ where userentity0_.id=?
Hibernate: select userentity0_.user_id as user_id1_7_, userentity0_.address as address2_7_, userentity0_.admin as admin3_7_, userentity0_.id as id4_7_, userentity0_.password as password5_7_, userentity0_.phone_number as phone_nu6_7_, userentity0_.profile_images as profile_7_7_ from user_entity userentity0_ where userentity0_.id=?
]]></system-out>
  <system-err><![CDATA[]]></system-err>
</testsuite>
