<?xml version="1.0" encoding="UTF-8"?>
<testsuite name="com.team.todaycheck.main.UserTest" tests="8" skipped="0" failures="0" errors="0" timestamp="2022-12-20T10:00:53" hostname="DESKTOP-OFA3CC5" time="0.251">
  <properties/>
  <testcase name="잘못된 아이디 삽입" classname="com.team.todaycheck.main.UserTest" time="0.006"/>
  <testcase name="변조된 RefreshToken 차단" classname="com.team.todaycheck.main.UserTest" time="0.012"/>
  <testcase name="RefreshToken 으로 새로운 AccessToken 발급" classname="com.team.todaycheck.main.UserTest" time="0.113"/>
  <testcase name="인가되지 않는 접근 차단 및 리다이렉트" classname="com.team.todaycheck.main.UserTest" time="0.008"/>
  <testcase name="인가된 ADMIN 권한의 사용자 접근 허용" classname="com.team.todaycheck.main.UserTest" time="0.056"/>
  <testcase name="인가된 USER 권한의 사용자 접근 허용" classname="com.team.todaycheck.main.UserTest" time="0.025"/>
  <testcase name="잘못된 비밀번호 삽입" classname="com.team.todaycheck.main.UserTest" time="0.012"/>
  <testcase name="중복된 아이디 가입" classname="com.team.todaycheck.main.UserTest" time="0.013"/>
  <system-out><![CDATA[2022-12-20 19:00:53.654  INFO 7464 --- [    Test worker] .b.t.c.SpringBootTestContextBootstrapper : Neither @ContextConfiguration nor @ContextHierarchy found for test class [com.team.todaycheck.main.UserTest], using SpringBootContextLoader
2022-12-20 19:00:53.654  INFO 7464 --- [    Test worker] o.s.t.c.support.AbstractContextLoader    : Could not detect default resource locations for test class [com.team.todaycheck.main.UserTest]: no resource found for suffixes {-context.xml, Context.groovy}.
2022-12-20 19:00:53.654  INFO 7464 --- [    Test worker] t.c.s.AnnotationConfigContextLoaderUtils : Could not detect default configuration classes for test class [com.team.todaycheck.main.UserTest]: UserTest does not declare any static, non-private, non-final, nested classes annotated with @Configuration.
2022-12-20 19:00:53.657  INFO 7464 --- [    Test worker] .b.t.c.SpringBootTestContextBootstrapper : Found @SpringBootConfiguration com.team.todaycheck.main.Library for test class com.team.todaycheck.main.UserTest
2022-12-20 19:00:53.659  INFO 7464 --- [    Test worker] .b.t.c.SpringBootTestContextBootstrapper : Loaded default TestExecutionListener class names from location [META-INF/spring.factories]: [org.springframework.security.test.context.support.WithSecurityContextTestExecutionListener, org.springframework.security.test.context.support.ReactorContextTestExecutionListener, org.springframework.boot.test.autoconfigure.restdocs.RestDocsTestExecutionListener, org.springframework.boot.test.autoconfigure.web.client.MockRestServiceServerResetTestExecutionListener, org.springframework.boot.test.autoconfigure.web.servlet.MockMvcPrintOnlyOnFailureTestExecutionListener, org.springframework.boot.test.autoconfigure.web.servlet.WebDriverTestExecutionListener, org.springframework.boot.test.autoconfigure.webservices.client.MockWebServiceServerTestExecutionListener, org.springframework.boot.test.mock.mockito.MockitoTestExecutionListener, org.springframework.boot.test.mock.mockito.ResetMocksTestExecutionListener, org.springframework.test.context.web.ServletTestExecutionListener, org.springframework.test.context.support.DirtiesContextBeforeModesTestExecutionListener, org.springframework.test.context.event.ApplicationEventsTestExecutionListener, org.springframework.test.context.support.DependencyInjectionTestExecutionListener, org.springframework.test.context.support.DirtiesContextTestExecutionListener, org.springframework.test.context.transaction.TransactionalTestExecutionListener, org.springframework.test.context.jdbc.SqlScriptsTestExecutionListener, org.springframework.test.context.event.EventPublishingTestExecutionListener]
2022-12-20 19:00:53.660  INFO 7464 --- [    Test worker] .b.t.c.SpringBootTestContextBootstrapper : Using TestExecutionListeners: [org.springframework.test.context.web.ServletTestExecutionListener@57268fc3, org.springframework.test.context.support.DirtiesContextBeforeModesTestExecutionListener@4f4a0e4, org.springframework.test.context.event.ApplicationEventsTestExecutionListener@2869ef63, org.springframework.boot.test.mock.mockito.MockitoTestExecutionListener@1a5247c8, org.springframework.boot.test.autoconfigure.SpringBootDependencyInjectionTestExecutionListener@79e98bd6, org.springframework.test.context.support.DirtiesContextTestExecutionListener@58bbe78f, org.springframework.test.context.transaction.TransactionalTestExecutionListener@3f4e090c, org.springframework.test.context.jdbc.SqlScriptsTestExecutionListener@37aa752a, org.springframework.security.test.context.support.WithSecurityContextTestExecutionListener@2a8ff32, org.springframework.test.context.event.EventPublishingTestExecutionListener@5a8f777, org.springframework.security.test.context.support.ReactorContextTestExecutionListener@4a6198a7, org.springframework.boot.test.autoconfigure.restdocs.RestDocsTestExecutionListener@2e06a7e4, org.springframework.boot.test.autoconfigure.web.client.MockRestServiceServerResetTestExecutionListener@6b928c79, org.springframework.boot.test.autoconfigure.web.servlet.MockMvcPrintOnlyOnFailureTestExecutionListener@29c3dd33, org.springframework.boot.test.autoconfigure.web.servlet.WebDriverTestExecutionListener@6fa1dc0c, org.springframework.boot.test.autoconfigure.webservices.client.MockWebServiceServerTestExecutionListener@74037f9b, org.springframework.boot.test.mock.mockito.ResetMocksTestExecutionListener@b0dc426]
Hibernate: select userentity0_.user_id as user_id1_7_, userentity0_.address as address2_7_, userentity0_.admin as admin3_7_, userentity0_.id as id4_7_, userentity0_.password as password5_7_, userentity0_.phone_number as phone_nu6_7_, userentity0_.profile_images as profile_7_7_ from user_entity userentity0_ where userentity0_.id=?
Hibernate: select refreshtok0_.refresh_token_id as refresh_1_6_, refreshtok0_.key_email as key_emai2_6_, refreshtok0_.refresh_token as refresh_3_6_ from t_refresh_token refreshtok0_ where refreshtok0_.refresh_token=?
Hibernate: select userentity0_.user_id as user_id1_7_, userentity0_.address as address2_7_, userentity0_.admin as admin3_7_, userentity0_.id as id4_7_, userentity0_.password as password5_7_, userentity0_.phone_number as phone_nu6_7_, userentity0_.profile_images as profile_7_7_ from user_entity userentity0_ where userentity0_.id=?
Hibernate: select roles0_.user_entity_user_id as user_ent1_8_0_, roles0_.roles as roles2_8_0_ from user_entity_roles roles0_ where roles0_.user_entity_user_id=?
Hibernate: select userentity0_.user_id as user_id1_7_, userentity0_.address as address2_7_, userentity0_.admin as admin3_7_, userentity0_.id as id4_7_, userentity0_.password as password5_7_, userentity0_.phone_number as phone_nu6_7_, userentity0_.profile_images as profile_7_7_ from user_entity userentity0_ where userentity0_.id=?
Hibernate: select roles0_.user_entity_user_id as user_ent1_8_0_, roles0_.roles as roles2_8_0_ from user_entity_roles roles0_ where roles0_.user_entity_user_id=?
Hibernate: select refreshtok0_.refresh_token_id as refresh_1_6_, refreshtok0_.key_email as key_emai2_6_, refreshtok0_.refresh_token as refresh_3_6_ from t_refresh_token refreshtok0_ where refreshtok0_.key_email=?
Hibernate: select refreshtok0_.refresh_token_id as refresh_1_6_, refreshtok0_.key_email as key_emai2_6_, refreshtok0_.refresh_token as refresh_3_6_ from t_refresh_token refreshtok0_ where refreshtok0_.key_email=?
Hibernate: insert into t_refresh_token (key_email, refresh_token) values (?, ?)
Hibernate: delete from t_refresh_token where refresh_token_id=?
Hibernate: select refreshtok0_.refresh_token_id as refresh_1_6_, refreshtok0_.key_email as key_emai2_6_, refreshtok0_.refresh_token as refresh_3_6_ from t_refresh_token refreshtok0_ where refreshtok0_.refresh_token=?
Hibernate: select userentity0_.user_id as user_id1_7_, userentity0_.address as address2_7_, userentity0_.admin as admin3_7_, userentity0_.id as id4_7_, userentity0_.password as password5_7_, userentity0_.phone_number as phone_nu6_7_, userentity0_.profile_images as profile_7_7_ from user_entity userentity0_ where userentity0_.id=?
Hibernate: select roles0_.user_entity_user_id as user_ent1_8_0_, roles0_.roles as roles2_8_0_ from user_entity_roles roles0_ where roles0_.user_entity_user_id=?
Hibernate: select userentity0_.user_id as user_id1_7_, userentity0_.address as address2_7_, userentity0_.admin as admin3_7_, userentity0_.id as id4_7_, userentity0_.password as password5_7_, userentity0_.phone_number as phone_nu6_7_, userentity0_.profile_images as profile_7_7_ from user_entity userentity0_ where userentity0_.id=?
Hibernate: select roles0_.user_entity_user_id as user_ent1_8_0_, roles0_.roles as roles2_8_0_ from user_entity_roles roles0_ where roles0_.user_entity_user_id=?
Hibernate: select refreshtok0_.refresh_token_id as refresh_1_6_, refreshtok0_.key_email as key_emai2_6_, refreshtok0_.refresh_token as refresh_3_6_ from t_refresh_token refreshtok0_ where refreshtok0_.key_email=?
Hibernate: select refreshtok0_.refresh_token_id as refresh_1_6_, refreshtok0_.key_email as key_emai2_6_, refreshtok0_.refresh_token as refresh_3_6_ from t_refresh_token refreshtok0_ where refreshtok0_.key_email=?
Hibernate: insert into t_refresh_token (key_email, refresh_token) values (?, ?)
Hibernate: delete from t_refresh_token where refresh_token_id=?
Hibernate: select userentity0_.user_id as user_id1_7_, userentity0_.address as address2_7_, userentity0_.admin as admin3_7_, userentity0_.id as id4_7_, userentity0_.password as password5_7_, userentity0_.phone_number as phone_nu6_7_, userentity0_.profile_images as profile_7_7_ from user_entity userentity0_ where userentity0_.id=?
Hibernate: select roles0_.user_entity_user_id as user_ent1_8_0_, roles0_.roles as roles2_8_0_ from user_entity_roles roles0_ where roles0_.user_entity_user_id=?
2022-12-20 19:00:53.834 DEBUG 7464 --- [    Test worker] s.w.s.m.m.a.RequestMappingHandlerMapping : Mapped to com.team.todaycheck.main.controller.LoginController#testAdminAuthorizaztion()
2022-12-20 19:00:53.854 DEBUG 7464 --- [    Test worker] m.m.a.RequestResponseBodyMethodProcessor : Using 'application/json', given [application/json] and supported [text/plain, */*, text/plain, */*, application/json, application/*+json, application/json, application/*+json]
2022-12-20 19:00:53.855 DEBUG 7464 --- [    Test worker] m.m.a.RequestResponseBodyMethodProcessor : Writing ["어드민 데이터"]
Hibernate: select userentity0_.user_id as user_id1_7_, userentity0_.address as address2_7_, userentity0_.admin as admin3_7_, userentity0_.id as id4_7_, userentity0_.password as password5_7_, userentity0_.phone_number as phone_nu6_7_, userentity0_.profile_images as profile_7_7_ from user_entity userentity0_ where userentity0_.id=?
Hibernate: select roles0_.user_entity_user_id as user_ent1_8_0_, roles0_.roles as roles2_8_0_ from user_entity_roles roles0_ where roles0_.user_entity_user_id=?
Hibernate: select userentity0_.user_id as user_id1_7_, userentity0_.address as address2_7_, userentity0_.admin as admin3_7_, userentity0_.id as id4_7_, userentity0_.password as password5_7_, userentity0_.phone_number as phone_nu6_7_, userentity0_.profile_images as profile_7_7_ from user_entity userentity0_ where userentity0_.id=?
Hibernate: select roles0_.user_entity_user_id as user_ent1_8_0_, roles0_.roles as roles2_8_0_ from user_entity_roles roles0_ where roles0_.user_entity_user_id=?
Hibernate: select refreshtok0_.refresh_token_id as refresh_1_6_, refreshtok0_.key_email as key_emai2_6_, refreshtok0_.refresh_token as refresh_3_6_ from t_refresh_token refreshtok0_ where refreshtok0_.key_email=?
Hibernate: select refreshtok0_.refresh_token_id as refresh_1_6_, refreshtok0_.key_email as key_emai2_6_, refreshtok0_.refresh_token as refresh_3_6_ from t_refresh_token refreshtok0_ where refreshtok0_.key_email=?
Hibernate: insert into t_refresh_token (key_email, refresh_token) values (?, ?)
Hibernate: delete from t_refresh_token where refresh_token_id=?
Hibernate: select userentity0_.user_id as user_id1_7_, userentity0_.address as address2_7_, userentity0_.admin as admin3_7_, userentity0_.id as id4_7_, userentity0_.password as password5_7_, userentity0_.phone_number as phone_nu6_7_, userentity0_.profile_images as profile_7_7_ from user_entity userentity0_ where userentity0_.id=?
Hibernate: select roles0_.user_entity_user_id as user_ent1_8_0_, roles0_.roles as roles2_8_0_ from user_entity_roles roles0_ where roles0_.user_entity_user_id=?
2022-12-20 19:00:53.883 DEBUG 7464 --- [    Test worker] s.w.s.m.m.a.RequestMappingHandlerMapping : Mapped to com.team.todaycheck.main.controller.LoginController#testUserAuthorizaztion()
2022-12-20 19:00:53.883 DEBUG 7464 --- [    Test worker] m.m.a.RequestResponseBodyMethodProcessor : Using 'application/json', given [application/json] and supported [text/plain, */*, text/plain, */*, application/json, application/*+json, application/json, application/*+json]
2022-12-20 19:00:53.884 DEBUG 7464 --- [    Test worker] m.m.a.RequestResponseBodyMethodProcessor : Writing ["유저 데이터 POST"]
Hibernate: select userentity0_.user_id as user_id1_7_, userentity0_.address as address2_7_, userentity0_.admin as admin3_7_, userentity0_.id as id4_7_, userentity0_.password as password5_7_, userentity0_.phone_number as phone_nu6_7_, userentity0_.profile_images as profile_7_7_ from user_entity userentity0_ where userentity0_.id=?
Hibernate: select roles0_.user_entity_user_id as user_ent1_8_0_, roles0_.roles as roles2_8_0_ from user_entity_roles roles0_ where roles0_.user_entity_user_id=?
Hibernate: select userentity0_.user_id as user_id1_7_, userentity0_.address as address2_7_, userentity0_.admin as admin3_7_, userentity0_.id as id4_7_, userentity0_.password as password5_7_, userentity0_.phone_number as phone_nu6_7_, userentity0_.profile_images as profile_7_7_ from user_entity userentity0_ where userentity0_.id=?
Hibernate: select roles0_.user_entity_user_id as user_ent1_8_0_, roles0_.roles as roles2_8_0_ from user_entity_roles roles0_ where roles0_.user_entity_user_id=?
Hibernate: select userentity0_.user_id as user_id1_7_, userentity0_.address as address2_7_, userentity0_.admin as admin3_7_, userentity0_.id as id4_7_, userentity0_.password as password5_7_, userentity0_.phone_number as phone_nu6_7_, userentity0_.profile_images as profile_7_7_ from user_entity userentity0_ where userentity0_.id=?
Hibernate: select roles0_.user_entity_user_id as user_ent1_8_0_, roles0_.roles as roles2_8_0_ from user_entity_roles roles0_ where roles0_.user_entity_user_id=?
Hibernate: select userentity0_.user_id as user_id1_7_, userentity0_.address as address2_7_, userentity0_.admin as admin3_7_, userentity0_.id as id4_7_, userentity0_.password as password5_7_, userentity0_.phone_number as phone_nu6_7_, userentity0_.profile_images as profile_7_7_ from user_entity userentity0_ where userentity0_.id=?
Hibernate: select roles0_.user_entity_user_id as user_ent1_8_0_, roles0_.roles as roles2_8_0_ from user_entity_roles roles0_ where roles0_.user_entity_user_id=?
]]></system-out>
  <system-err><![CDATA[]]></system-err>
</testsuite>
