<?xml version="1.0" encoding="UTF-8"?>
<testsuite name="com.team.todaycheck.main.UserTest" tests="8" skipped="0" failures="0" errors="0" timestamp="2022-12-20T06:07:30" hostname="DESKTOP-OFA3CC5" time="0.235">
  <properties/>
  <testcase name="잘못된 아이디 삽입" classname="com.team.todaycheck.main.UserTest" time="0.005"/>
  <testcase name="변조된 RefreshToken 차단" classname="com.team.todaycheck.main.UserTest" time="0.009"/>
  <testcase name="RefreshToken 으로 새로운 AccessToken 발급" classname="com.team.todaycheck.main.UserTest" time="0.106"/>
  <testcase name="인가되지 않는 접근 차단 및 리다이렉트" classname="com.team.todaycheck.main.UserTest" time="0.006"/>
  <testcase name="인가된 ADMIN 권한의 사용자 접근 허용" classname="com.team.todaycheck.main.UserTest" time="0.053"/>
  <testcase name="인가된 USER 권한의 사용자 접근 허용" classname="com.team.todaycheck.main.UserTest" time="0.029"/>
  <testcase name="잘못된 비밀번호 삽입" classname="com.team.todaycheck.main.UserTest" time="0.011"/>
  <testcase name="중복된 아이디 가입" classname="com.team.todaycheck.main.UserTest" time="0.01"/>
  <system-out><![CDATA[2022-12-20 15:07:30.944  INFO 13332 --- [    Test worker] .b.t.c.SpringBootTestContextBootstrapper : Neither @ContextConfiguration nor @ContextHierarchy found for test class [com.team.todaycheck.main.UserTest], using SpringBootContextLoader
2022-12-20 15:07:30.945  INFO 13332 --- [    Test worker] o.s.t.c.support.AbstractContextLoader    : Could not detect default resource locations for test class [com.team.todaycheck.main.UserTest]: no resource found for suffixes {-context.xml, Context.groovy}.
2022-12-20 15:07:30.945  INFO 13332 --- [    Test worker] t.c.s.AnnotationConfigContextLoaderUtils : Could not detect default configuration classes for test class [com.team.todaycheck.main.UserTest]: UserTest does not declare any static, non-private, non-final, nested classes annotated with @Configuration.
2022-12-20 15:07:30.948  INFO 13332 --- [    Test worker] .b.t.c.SpringBootTestContextBootstrapper : Found @SpringBootConfiguration com.team.todaycheck.main.Library for test class com.team.todaycheck.main.UserTest
2022-12-20 15:07:30.951  INFO 13332 --- [    Test worker] .b.t.c.SpringBootTestContextBootstrapper : Loaded default TestExecutionListener class names from location [META-INF/spring.factories]: [org.springframework.security.test.context.support.WithSecurityContextTestExecutionListener, org.springframework.security.test.context.support.ReactorContextTestExecutionListener, org.springframework.boot.test.autoconfigure.restdocs.RestDocsTestExecutionListener, org.springframework.boot.test.autoconfigure.web.client.MockRestServiceServerResetTestExecutionListener, org.springframework.boot.test.autoconfigure.web.servlet.MockMvcPrintOnlyOnFailureTestExecutionListener, org.springframework.boot.test.autoconfigure.web.servlet.WebDriverTestExecutionListener, org.springframework.boot.test.autoconfigure.webservices.client.MockWebServiceServerTestExecutionListener, org.springframework.boot.test.mock.mockito.MockitoTestExecutionListener, org.springframework.boot.test.mock.mockito.ResetMocksTestExecutionListener, org.springframework.test.context.web.ServletTestExecutionListener, org.springframework.test.context.support.DirtiesContextBeforeModesTestExecutionListener, org.springframework.test.context.event.ApplicationEventsTestExecutionListener, org.springframework.test.context.support.DependencyInjectionTestExecutionListener, org.springframework.test.context.support.DirtiesContextTestExecutionListener, org.springframework.test.context.transaction.TransactionalTestExecutionListener, org.springframework.test.context.jdbc.SqlScriptsTestExecutionListener, org.springframework.test.context.event.EventPublishingTestExecutionListener]
2022-12-20 15:07:30.952  INFO 13332 --- [    Test worker] .b.t.c.SpringBootTestContextBootstrapper : Using TestExecutionListeners: [org.springframework.test.context.web.ServletTestExecutionListener@1d033ae1, org.springframework.test.context.support.DirtiesContextBeforeModesTestExecutionListener@5de4f44e, org.springframework.test.context.event.ApplicationEventsTestExecutionListener@36e7a455, org.springframework.boot.test.mock.mockito.MockitoTestExecutionListener@627ceaf, org.springframework.boot.test.autoconfigure.SpringBootDependencyInjectionTestExecutionListener@2f738b8, org.springframework.test.context.support.DirtiesContextTestExecutionListener@784bea2c, org.springframework.test.context.transaction.TransactionalTestExecutionListener@73852c7c, org.springframework.test.context.jdbc.SqlScriptsTestExecutionListener@4b6fc615, org.springframework.security.test.context.support.WithSecurityContextTestExecutionListener@70661538, org.springframework.test.context.event.EventPublishingTestExecutionListener@575b9b92, org.springframework.security.test.context.support.ReactorContextTestExecutionListener@de7abc9, org.springframework.boot.test.autoconfigure.restdocs.RestDocsTestExecutionListener@380d8b0e, org.springframework.boot.test.autoconfigure.web.client.MockRestServiceServerResetTestExecutionListener@780296e2, org.springframework.boot.test.autoconfigure.web.servlet.MockMvcPrintOnlyOnFailureTestExecutionListener@738e057b, org.springframework.boot.test.autoconfigure.web.servlet.WebDriverTestExecutionListener@43874120, org.springframework.boot.test.autoconfigure.webservices.client.MockWebServiceServerTestExecutionListener@1786e7a5, org.springframework.boot.test.mock.mockito.ResetMocksTestExecutionListener@7bdfd631]
Hibernate: select userentity0_.user_id as user_id1_6_, userentity0_.address as address2_6_, userentity0_.admin as admin3_6_, userentity0_.id as id4_6_, userentity0_.password as password5_6_, userentity0_.phone_number as phone_nu6_6_, userentity0_.profile_images as profile_7_6_ from user_entity userentity0_ where userentity0_.id=?
Hibernate: select refreshtok0_.refresh_token_id as refresh_1_5_, refreshtok0_.key_email as key_emai2_5_, refreshtok0_.refresh_token as refresh_3_5_ from t_refresh_token refreshtok0_ where refreshtok0_.refresh_token=?
Hibernate: select userentity0_.user_id as user_id1_6_, userentity0_.address as address2_6_, userentity0_.admin as admin3_6_, userentity0_.id as id4_6_, userentity0_.password as password5_6_, userentity0_.phone_number as phone_nu6_6_, userentity0_.profile_images as profile_7_6_ from user_entity userentity0_ where userentity0_.id=?
Hibernate: select roles0_.user_entity_user_id as user_ent1_7_0_, roles0_.roles as roles2_7_0_ from user_entity_roles roles0_ where roles0_.user_entity_user_id=?
Hibernate: select userentity0_.user_id as user_id1_6_, userentity0_.address as address2_6_, userentity0_.admin as admin3_6_, userentity0_.id as id4_6_, userentity0_.password as password5_6_, userentity0_.phone_number as phone_nu6_6_, userentity0_.profile_images as profile_7_6_ from user_entity userentity0_ where userentity0_.id=?
Hibernate: select roles0_.user_entity_user_id as user_ent1_7_0_, roles0_.roles as roles2_7_0_ from user_entity_roles roles0_ where roles0_.user_entity_user_id=?
Hibernate: select refreshtok0_.refresh_token_id as refresh_1_5_, refreshtok0_.key_email as key_emai2_5_, refreshtok0_.refresh_token as refresh_3_5_ from t_refresh_token refreshtok0_ where refreshtok0_.key_email=?
Hibernate: select refreshtok0_.refresh_token_id as refresh_1_5_, refreshtok0_.key_email as key_emai2_5_, refreshtok0_.refresh_token as refresh_3_5_ from t_refresh_token refreshtok0_ where refreshtok0_.key_email=?
Hibernate: insert into t_refresh_token (key_email, refresh_token) values (?, ?)
Hibernate: delete from t_refresh_token where refresh_token_id=?
Hibernate: select refreshtok0_.refresh_token_id as refresh_1_5_, refreshtok0_.key_email as key_emai2_5_, refreshtok0_.refresh_token as refresh_3_5_ from t_refresh_token refreshtok0_ where refreshtok0_.refresh_token=?
Hibernate: select userentity0_.user_id as user_id1_6_, userentity0_.address as address2_6_, userentity0_.admin as admin3_6_, userentity0_.id as id4_6_, userentity0_.password as password5_6_, userentity0_.phone_number as phone_nu6_6_, userentity0_.profile_images as profile_7_6_ from user_entity userentity0_ where userentity0_.id=?
Hibernate: select roles0_.user_entity_user_id as user_ent1_7_0_, roles0_.roles as roles2_7_0_ from user_entity_roles roles0_ where roles0_.user_entity_user_id=?
Hibernate: select userentity0_.user_id as user_id1_6_, userentity0_.address as address2_6_, userentity0_.admin as admin3_6_, userentity0_.id as id4_6_, userentity0_.password as password5_6_, userentity0_.phone_number as phone_nu6_6_, userentity0_.profile_images as profile_7_6_ from user_entity userentity0_ where userentity0_.id=?
Hibernate: select roles0_.user_entity_user_id as user_ent1_7_0_, roles0_.roles as roles2_7_0_ from user_entity_roles roles0_ where roles0_.user_entity_user_id=?
Hibernate: select refreshtok0_.refresh_token_id as refresh_1_5_, refreshtok0_.key_email as key_emai2_5_, refreshtok0_.refresh_token as refresh_3_5_ from t_refresh_token refreshtok0_ where refreshtok0_.key_email=?
Hibernate: select refreshtok0_.refresh_token_id as refresh_1_5_, refreshtok0_.key_email as key_emai2_5_, refreshtok0_.refresh_token as refresh_3_5_ from t_refresh_token refreshtok0_ where refreshtok0_.key_email=?
Hibernate: insert into t_refresh_token (key_email, refresh_token) values (?, ?)
Hibernate: delete from t_refresh_token where refresh_token_id=?
Hibernate: select userentity0_.user_id as user_id1_6_, userentity0_.address as address2_6_, userentity0_.admin as admin3_6_, userentity0_.id as id4_6_, userentity0_.password as password5_6_, userentity0_.phone_number as phone_nu6_6_, userentity0_.profile_images as profile_7_6_ from user_entity userentity0_ where userentity0_.id=?
Hibernate: select roles0_.user_entity_user_id as user_ent1_7_0_, roles0_.roles as roles2_7_0_ from user_entity_roles roles0_ where roles0_.user_entity_user_id=?
2022-12-20 15:07:31.114 DEBUG 13332 --- [    Test worker] s.w.s.m.m.a.RequestMappingHandlerMapping : Mapped to com.team.todaycheck.main.controller.LoginController#testAdminAuthorizaztion()
2022-12-20 15:07:31.131 DEBUG 13332 --- [    Test worker] m.m.a.RequestResponseBodyMethodProcessor : Using 'application/json', given [application/json] and supported [text/plain, */*, text/plain, */*, application/json, application/*+json, application/json, application/*+json]
2022-12-20 15:07:31.132 DEBUG 13332 --- [    Test worker] m.m.a.RequestResponseBodyMethodProcessor : Writing ["어드민 데이터"]
Hibernate: select userentity0_.user_id as user_id1_6_, userentity0_.address as address2_6_, userentity0_.admin as admin3_6_, userentity0_.id as id4_6_, userentity0_.password as password5_6_, userentity0_.phone_number as phone_nu6_6_, userentity0_.profile_images as profile_7_6_ from user_entity userentity0_ where userentity0_.id=?
Hibernate: select roles0_.user_entity_user_id as user_ent1_7_0_, roles0_.roles as roles2_7_0_ from user_entity_roles roles0_ where roles0_.user_entity_user_id=?
Hibernate: select userentity0_.user_id as user_id1_6_, userentity0_.address as address2_6_, userentity0_.admin as admin3_6_, userentity0_.id as id4_6_, userentity0_.password as password5_6_, userentity0_.phone_number as phone_nu6_6_, userentity0_.profile_images as profile_7_6_ from user_entity userentity0_ where userentity0_.id=?
Hibernate: select roles0_.user_entity_user_id as user_ent1_7_0_, roles0_.roles as roles2_7_0_ from user_entity_roles roles0_ where roles0_.user_entity_user_id=?
Hibernate: select refreshtok0_.refresh_token_id as refresh_1_5_, refreshtok0_.key_email as key_emai2_5_, refreshtok0_.refresh_token as refresh_3_5_ from t_refresh_token refreshtok0_ where refreshtok0_.key_email=?
Hibernate: select refreshtok0_.refresh_token_id as refresh_1_5_, refreshtok0_.key_email as key_emai2_5_, refreshtok0_.refresh_token as refresh_3_5_ from t_refresh_token refreshtok0_ where refreshtok0_.key_email=?
Hibernate: insert into t_refresh_token (key_email, refresh_token) values (?, ?)
Hibernate: delete from t_refresh_token where refresh_token_id=?
Hibernate: select userentity0_.user_id as user_id1_6_, userentity0_.address as address2_6_, userentity0_.admin as admin3_6_, userentity0_.id as id4_6_, userentity0_.password as password5_6_, userentity0_.phone_number as phone_nu6_6_, userentity0_.profile_images as profile_7_6_ from user_entity userentity0_ where userentity0_.id=?
Hibernate: select roles0_.user_entity_user_id as user_ent1_7_0_, roles0_.roles as roles2_7_0_ from user_entity_roles roles0_ where roles0_.user_entity_user_id=?
2022-12-20 15:07:31.164 DEBUG 13332 --- [    Test worker] s.w.s.m.m.a.RequestMappingHandlerMapping : Mapped to com.team.todaycheck.main.controller.LoginController#testUserAuthorizaztion()
2022-12-20 15:07:31.164 DEBUG 13332 --- [    Test worker] m.m.a.RequestResponseBodyMethodProcessor : Using 'application/json', given [application/json] and supported [text/plain, */*, text/plain, */*, application/json, application/*+json, application/json, application/*+json]
2022-12-20 15:07:31.164 DEBUG 13332 --- [    Test worker] m.m.a.RequestResponseBodyMethodProcessor : Writing ["유저 데이터 POST"]
Hibernate: select userentity0_.user_id as user_id1_6_, userentity0_.address as address2_6_, userentity0_.admin as admin3_6_, userentity0_.id as id4_6_, userentity0_.password as password5_6_, userentity0_.phone_number as phone_nu6_6_, userentity0_.profile_images as profile_7_6_ from user_entity userentity0_ where userentity0_.id=?
Hibernate: select roles0_.user_entity_user_id as user_ent1_7_0_, roles0_.roles as roles2_7_0_ from user_entity_roles roles0_ where roles0_.user_entity_user_id=?
Hibernate: select userentity0_.user_id as user_id1_6_, userentity0_.address as address2_6_, userentity0_.admin as admin3_6_, userentity0_.id as id4_6_, userentity0_.password as password5_6_, userentity0_.phone_number as phone_nu6_6_, userentity0_.profile_images as profile_7_6_ from user_entity userentity0_ where userentity0_.id=?
Hibernate: select roles0_.user_entity_user_id as user_ent1_7_0_, roles0_.roles as roles2_7_0_ from user_entity_roles roles0_ where roles0_.user_entity_user_id=?
Hibernate: select userentity0_.user_id as user_id1_6_, userentity0_.address as address2_6_, userentity0_.admin as admin3_6_, userentity0_.id as id4_6_, userentity0_.password as password5_6_, userentity0_.phone_number as phone_nu6_6_, userentity0_.profile_images as profile_7_6_ from user_entity userentity0_ where userentity0_.id=?
Hibernate: select roles0_.user_entity_user_id as user_ent1_7_0_, roles0_.roles as roles2_7_0_ from user_entity_roles roles0_ where roles0_.user_entity_user_id=?
Hibernate: select userentity0_.user_id as user_id1_6_, userentity0_.address as address2_6_, userentity0_.admin as admin3_6_, userentity0_.id as id4_6_, userentity0_.password as password5_6_, userentity0_.phone_number as phone_nu6_6_, userentity0_.profile_images as profile_7_6_ from user_entity userentity0_ where userentity0_.id=?
Hibernate: select roles0_.user_entity_user_id as user_ent1_7_0_, roles0_.roles as roles2_7_0_ from user_entity_roles roles0_ where roles0_.user_entity_user_id=?
]]></system-out>
  <system-err><![CDATA[]]></system-err>
</testsuite>
