<?xml version="1.0" encoding="UTF-8"?>
<testsuite name="com.team.todaycheck.main.PostTest" tests="10" skipped="0" failures="0" errors="0" timestamp="2022-12-20T06:07:30" hostname="DESKTOP-OFA3CC5" time="0.339">
  <properties/>
  <testcase name="새 Post 등록" classname="com.team.todaycheck.main.PostTest" time="0.067"/>
  <testcase name="Post 리스트 가져오기" classname="com.team.todaycheck.main.PostTest" time="0.016"/>
  <testcase name="특정 포스트 가져오기" classname="com.team.todaycheck.main.PostTest" time="0.024"/>
  <testcase name="동일 작성자가 Post 수정" classname="com.team.todaycheck.main.PostTest" time="0.024"/>
  <testcase name="다른 작성자가 Post 수정 거부" classname="com.team.todaycheck.main.PostTest" time="0.026"/>
  <testcase name="Post 삭제" classname="com.team.todaycheck.main.PostTest" time="0.027"/>
  <testcase name="Comment 등록" classname="com.team.todaycheck.main.PostTest" time="0.023"/>
  <testcase name="동일 사용자가 Comment 삭제" classname="com.team.todaycheck.main.PostTest" time="0.046"/>
  <testcase name="등록자가 아닌 다른 사용자가 Comment 삭제" classname="com.team.todaycheck.main.PostTest" time="0.032"/>
  <testcase name="인증이 필요한 요청에 존재하지 않는 헤더 예외 발생" classname="com.team.todaycheck.main.PostTest" time="0.048"/>
  <system-out><![CDATA[2022-12-20 15:07:27.255  INFO 13332 --- [    Test worker] .b.t.c.SpringBootTestContextBootstrapper : Neither @ContextConfiguration nor @ContextHierarchy found for test class [com.team.todaycheck.main.PostTest], using SpringBootContextLoader
2022-12-20 15:07:27.257  INFO 13332 --- [    Test worker] o.s.t.c.support.AbstractContextLoader    : Could not detect default resource locations for test class [com.team.todaycheck.main.PostTest]: no resource found for suffixes {-context.xml, Context.groovy}.
2022-12-20 15:07:27.257  INFO 13332 --- [    Test worker] t.c.s.AnnotationConfigContextLoaderUtils : Could not detect default configuration classes for test class [com.team.todaycheck.main.PostTest]: PostTest does not declare any static, non-private, non-final, nested classes annotated with @Configuration.
2022-12-20 15:07:27.271  INFO 13332 --- [    Test worker] .b.t.c.SpringBootTestContextBootstrapper : Found @SpringBootConfiguration com.team.todaycheck.main.Library for test class com.team.todaycheck.main.PostTest
2022-12-20 15:07:27.274  INFO 13332 --- [    Test worker] .b.t.c.SpringBootTestContextBootstrapper : Loaded default TestExecutionListener class names from location [META-INF/spring.factories]: [org.springframework.security.test.context.support.WithSecurityContextTestExecutionListener, org.springframework.security.test.context.support.ReactorContextTestExecutionListener, org.springframework.boot.test.autoconfigure.restdocs.RestDocsTestExecutionListener, org.springframework.boot.test.autoconfigure.web.client.MockRestServiceServerResetTestExecutionListener, org.springframework.boot.test.autoconfigure.web.servlet.MockMvcPrintOnlyOnFailureTestExecutionListener, org.springframework.boot.test.autoconfigure.web.servlet.WebDriverTestExecutionListener, org.springframework.boot.test.autoconfigure.webservices.client.MockWebServiceServerTestExecutionListener, org.springframework.boot.test.mock.mockito.MockitoTestExecutionListener, org.springframework.boot.test.mock.mockito.ResetMocksTestExecutionListener, org.springframework.test.context.web.ServletTestExecutionListener, org.springframework.test.context.support.DirtiesContextBeforeModesTestExecutionListener, org.springframework.test.context.event.ApplicationEventsTestExecutionListener, org.springframework.test.context.support.DependencyInjectionTestExecutionListener, org.springframework.test.context.support.DirtiesContextTestExecutionListener, org.springframework.test.context.transaction.TransactionalTestExecutionListener, org.springframework.test.context.jdbc.SqlScriptsTestExecutionListener, org.springframework.test.context.event.EventPublishingTestExecutionListener]
2022-12-20 15:07:27.275  INFO 13332 --- [    Test worker] .b.t.c.SpringBootTestContextBootstrapper : Using TestExecutionListeners: [org.springframework.test.context.web.ServletTestExecutionListener@4f4c3934, org.springframework.test.context.support.DirtiesContextBeforeModesTestExecutionListener@45b244c4, org.springframework.test.context.event.ApplicationEventsTestExecutionListener@2954be42, org.springframework.boot.test.mock.mockito.MockitoTestExecutionListener@5c65d5c3, org.springframework.boot.test.autoconfigure.SpringBootDependencyInjectionTestExecutionListener@72cec2e2, org.springframework.test.context.support.DirtiesContextTestExecutionListener@250d3c1b, org.springframework.test.context.transaction.TransactionalTestExecutionListener@29a73056, org.springframework.test.context.jdbc.SqlScriptsTestExecutionListener@5b1e336c, org.springframework.security.test.context.support.WithSecurityContextTestExecutionListener@5fc3333f, org.springframework.test.context.event.EventPublishingTestExecutionListener@13623138, org.springframework.security.test.context.support.ReactorContextTestExecutionListener@3579682, org.springframework.boot.test.autoconfigure.restdocs.RestDocsTestExecutionListener@297840d7, org.springframework.boot.test.autoconfigure.web.client.MockRestServiceServerResetTestExecutionListener@6f64c40c, org.springframework.boot.test.autoconfigure.web.servlet.MockMvcPrintOnlyOnFailureTestExecutionListener@6d8dc329, org.springframework.boot.test.autoconfigure.web.servlet.WebDriverTestExecutionListener@52d1bb9c, org.springframework.boot.test.autoconfigure.webservices.client.MockWebServiceServerTestExecutionListener@39c437e9, org.springframework.boot.test.mock.mockito.ResetMocksTestExecutionListener@7049d079]

  .   ____          _            __ _ _
 /\\ / ___'_ __ _ _(_)_ __  __ _ \ \ \ \
( ( )\___ | '_ | '_| | '_ \/ _` | \ \ \ \
 \\/  ___)| |_)| | | | | || (_| |  ) ) ) )
  '  |____| .__|_| |_|_| |_\__, | / / / /
 =========|_|==============|___/=/_/_/_/
 :: Spring Boot ::                (v2.7.4)

2022-12-20 15:07:27.333  INFO 13332 --- [    Test worker] com.team.todaycheck.main.PostTest        : Starting PostTest using Java 17.0.1 on DESKTOP-OFA3CC5 with PID 13332 (started by tjseo in C:\Users\tjseo\OneDrive\바탕 화면\projects\today-check\todayCheck\lib)
2022-12-20 15:07:27.334  INFO 13332 --- [    Test worker] com.team.todaycheck.main.PostTest        : No active profile set, falling back to 1 default profile: "default"
2022-12-20 15:07:27.345 DEBUG 13332 --- [    Test worker] o.s.w.c.s.GenericWebApplicationContext   : Refreshing org.springframework.web.context.support.GenericWebApplicationContext@438f205c
2022-12-20 15:07:28.015  INFO 13332 --- [    Test worker] .s.d.r.c.RepositoryConfigurationDelegate : Bootstrapping Spring Data JPA repositories in DEFAULT mode.
2022-12-20 15:07:28.092  INFO 13332 --- [    Test worker] .s.d.r.c.RepositoryConfigurationDelegate : Finished Spring Data repository scanning in 76 ms. Found 7 JPA repository interfaces.
2022-12-20 15:07:28.352  INFO 13332 --- [    Test worker] trationDelegate$BeanPostProcessorChecker : Bean 'org.springframework.ws.config.annotation.DelegatingWsConfiguration' of type [org.springframework.ws.config.annotation.DelegatingWsConfiguration$$EnhancerBySpringCGLIB$$9987057e] is not eligible for getting processed by all BeanPostProcessors (for example: not eligible for auto-proxying)
2022-12-20 15:07:28.364  INFO 13332 --- [    Test worker] .w.s.a.s.AnnotationActionEndpointMapping : Supporting [WS-Addressing August 2004, WS-Addressing 1.0]
2022-12-20 15:07:28.532  INFO 13332 --- [    Test worker] o.hibernate.jpa.internal.util.LogHelper  : HHH000204: Processing PersistenceUnitInfo [name: default]
2022-12-20 15:07:28.548  INFO 13332 --- [    Test worker] com.zaxxer.hikari.HikariDataSource       : HikariPool-2 - Starting...
2022-12-20 15:07:28.555  INFO 13332 --- [    Test worker] com.zaxxer.hikari.HikariDataSource       : HikariPool-2 - Start completed.
2022-12-20 15:07:28.556  INFO 13332 --- [    Test worker] org.hibernate.dialect.Dialect            : HHH000400: Using dialect: org.hibernate.dialect.MySQL5InnoDBDialect
2022-12-20 15:07:28.767  INFO 13332 --- [    Test worker] o.h.e.t.j.p.i.JtaPlatformInitiator       : HHH000490: Using JtaPlatform implementation: [org.hibernate.engine.transaction.jta.platform.internal.NoJtaPlatform]
2022-12-20 15:07:28.768  INFO 13332 --- [    Test worker] j.LocalContainerEntityManagerFactoryBean : Initialized JPA EntityManagerFactory for persistence unit 'default'
2022-12-20 15:07:29.568  WARN 13332 --- [    Test worker] JpaBaseConfiguration$JpaWebConfiguration : spring.jpa.open-in-view is enabled by default. Therefore, database queries may be performed during view rendering. Explicitly configure spring.jpa.open-in-view to disable this warning
2022-12-20 15:07:29.666 DEBUG 13332 --- [    Test worker] s.w.s.m.m.a.RequestMappingHandlerMapping : 32 mappings in 'requestMappingHandlerMapping'
2022-12-20 15:07:29.908  INFO 13332 --- [    Test worker] o.s.s.web.DefaultSecurityFilterChain     : Will secure any request with [org.springframework.security.web.session.DisableEncodeUrlFilter@239629ed, org.springframework.security.web.context.request.async.WebAsyncManagerIntegrationFilter@676aec4c, org.springframework.security.web.context.SecurityContextPersistenceFilter@6dcf902, org.springframework.security.web.header.HeaderWriterFilter@652f3a8c, org.springframework.security.web.authentication.logout.LogoutFilter@6d2058b1, org.springframework.security.oauth2.client.web.OAuth2AuthorizationRequestRedirectFilter@459c7fa1, org.springframework.security.oauth2.client.web.OAuth2LoginAuthenticationFilter@3b3e9814, com.team.todaycheck.main.security.JwtAuthenticationFilter@412de677, org.springframework.security.web.savedrequest.RequestCacheAwareFilter@5308c994, org.springframework.security.web.servletapi.SecurityContextHolderAwareRequestFilter@4f6f6223, org.springframework.security.web.authentication.AnonymousAuthenticationFilter@e1c387e, org.springframework.security.web.session.SessionManagementFilter@24ccf6a8, org.springframework.security.web.access.ExceptionTranslationFilter@70a416c, org.springframework.security.web.access.intercept.FilterSecurityInterceptor@4971a92a]
2022-12-20 15:07:30.097 DEBUG 13332 --- [    Test worker] s.w.s.m.m.a.RequestMappingHandlerAdapter : ControllerAdvice beans: 0 @ModelAttribute, 0 @InitBinder, 1 RequestBodyAdvice, 1 ResponseBodyAdvice
2022-12-20 15:07:30.137 DEBUG 13332 --- [    Test worker] o.s.w.s.handler.SimpleUrlHandlerMapping  : Patterns [/swagger-ui/] in 'viewControllerHandlerMapping'
2022-12-20 15:07:30.156 DEBUG 13332 --- [    Test worker] o.s.w.s.handler.SimpleUrlHandlerMapping  : Patterns [/webjars/**, /**, /swagger-ui/**] in 'resourceHandlerMapping'
2022-12-20 15:07:30.168 DEBUG 13332 --- [    Test worker] .m.m.a.ExceptionHandlerExceptionResolver : ControllerAdvice beans: 1 @ExceptionHandler, 1 ResponseBodyAdvice
2022-12-20 15:07:30.378  INFO 13332 --- [    Test worker] o.s.b.t.m.w.SpringBootMockServletContext : Initializing Spring TestDispatcherServlet ''
2022-12-20 15:07:30.378  INFO 13332 --- [    Test worker] o.s.t.web.servlet.TestDispatcherServlet  : Initializing Servlet ''
2022-12-20 15:07:30.379  INFO 13332 --- [    Test worker] o.s.t.web.servlet.TestDispatcherServlet  : Completed initialization in 1 ms
2022-12-20 15:07:30.540  INFO 13332 --- [    Test worker] com.team.todaycheck.main.PostTest        : Started PostTest in 3.261 seconds (JVM running for 14.055)
Hibernate: select userentity0_.user_id as user_id1_6_, userentity0_.address as address2_6_, userentity0_.admin as admin3_6_, userentity0_.id as id4_6_, userentity0_.password as password5_6_, userentity0_.phone_number as phone_nu6_6_, userentity0_.profile_images as profile_7_6_ from user_entity userentity0_ where userentity0_.id=?
Hibernate: select next_val as id_val from hibernate_sequence for update
Hibernate: update hibernate_sequence set next_val= ? where next_val=?
Hibernate: insert into user_entity (address, admin, id, password, phone_number, profile_images, user_id) values (?, ?, ?, ?, ?, ?, ?)
Hibernate: insert into user_entity_roles (user_entity_user_id, roles) values (?, ?)
2022-12-20 15:07:30.602  INFO 13332 --- [    Test worker] o.s.t.c.transaction.TransactionContext   : Began transaction (1) for test context [DefaultTestContext@45bf1b4e testClass = PostTest, testInstance = com.team.todaycheck.main.PostTest@59250335, testMethod = addNewPost@PostTest, testException = [null], mergedContextConfiguration = [WebMergedContextConfiguration@109fa8e2 testClass = PostTest, locations = '{}', classes = '{class com.team.todaycheck.main.Library}', contextInitializerClasses = '[]', activeProfiles = '{}', propertySourceLocations = '{}', propertySourceProperties = '{org.springframework.boot.test.context.SpringBootTestContextBootstrapper=true}', contextCustomizers = set[org.springframework.boot.test.autoconfigure.actuate.metrics.MetricsExportContextCustomizerFactory$DisableMetricExportContextCustomizer@4ebea12c, org.springframework.boot.test.autoconfigure.properties.PropertyMappingContextCustomizer@4b3fa0b3, org.springframework.boot.test.autoconfigure.web.servlet.WebDriverContextCustomizerFactory$Customizer@5dbe30be, [ImportsContextCustomizer@743fc1ee key = [org.springframework.boot.test.autoconfigure.web.servlet.MockMvcAutoConfiguration, org.springframework.boot.test.autoconfigure.web.servlet.MockMvcWebClientAutoConfiguration, org.springframework.boot.test.autoconfigure.web.servlet.MockMvcWebDriverAutoConfiguration, org.springframework.boot.autoconfigure.security.oauth2.client.servlet.OAuth2ClientAutoConfiguration, org.springframework.boot.autoconfigure.security.oauth2.resource.servlet.OAuth2ResourceServerAutoConfiguration, org.springframework.boot.autoconfigure.security.servlet.SecurityAutoConfiguration, org.springframework.boot.autoconfigure.security.servlet.SecurityFilterAutoConfiguration, org.springframework.boot.autoconfigure.security.servlet.UserDetailsServiceAutoConfiguration, org.springframework.boot.test.autoconfigure.web.servlet.MockMvcSecurityConfiguration, org.springframework.boot.test.autoconfigure.web.reactive.WebTestClientAutoConfiguration]], org.springframework.boot.test.context.filter.ExcludeFilterContextCustomizer@3d08f3f5, org.springframework.boot.test.json.DuplicateJsonObjectContextCustomizerFactory$DuplicateJsonObjectContextCustomizer@165b8a71, org.springframework.boot.test.mock.mockito.MockitoContextCustomizer@0, org.springframework.boot.test.web.client.TestRestTemplateContextCustomizer@6ffab045, org.springframework.boot.test.context.SpringBootTestArgs@1, org.springframework.boot.test.context.SpringBootTestWebEnvironment@7e19ebf0], resourceBasePath = 'src/main/webapp', contextLoader = 'org.springframework.boot.test.context.SpringBootContextLoader', parent = [null]], attributes = map['org.springframework.test.context.web.ServletTestExecutionListener.activateListener' -> true, 'org.springframework.test.context.web.ServletTestExecutionListener.populatedRequestContextHolder' -> true, 'org.springframework.test.context.web.ServletTestExecutionListener.resetRequestContextHolder' -> true, 'org.springframework.test.context.event.ApplicationEventsTestExecutionListener.recordApplicationEvents' -> false]]; transaction manager [org.springframework.orm.jpa.JpaTransactionManager@1bccd936]; rollback [true]
Hibernate: select userentity0_.user_id as user_id1_6_, userentity0_.address as address2_6_, userentity0_.admin as admin3_6_, userentity0_.id as id4_6_, userentity0_.password as password5_6_, userentity0_.phone_number as phone_nu6_6_, userentity0_.profile_images as profile_7_6_ from user_entity userentity0_ where userentity0_.id=?
Hibernate: select roles0_.user_entity_user_id as user_ent1_7_0_, roles0_.roles as roles2_7_0_ from user_entity_roles roles0_ where roles0_.user_entity_user_id=?
Hibernate: insert into post (date, description, recommendation, thumbnail, title, user_id, views, writer) values (?, ?, ?, ?, ?, ?, ?, ?)
Hibernate: select max(post0_.post_key) as col_0_0_ from post post0_
2022-12-20 15:07:30.667  INFO 13332 --- [    Test worker] o.s.t.c.transaction.TransactionContext   : Rolled back transaction for test: [DefaultTestContext@45bf1b4e testClass = PostTest, testInstance = com.team.todaycheck.main.PostTest@59250335, testMethod = addNewPost@PostTest, testException = [null], mergedContextConfiguration = [WebMergedContextConfiguration@109fa8e2 testClass = PostTest, locations = '{}', classes = '{class com.team.todaycheck.main.Library}', contextInitializerClasses = '[]', activeProfiles = '{}', propertySourceLocations = '{}', propertySourceProperties = '{org.springframework.boot.test.context.SpringBootTestContextBootstrapper=true}', contextCustomizers = set[org.springframework.boot.test.autoconfigure.actuate.metrics.MetricsExportContextCustomizerFactory$DisableMetricExportContextCustomizer@4ebea12c, org.springframework.boot.test.autoconfigure.properties.PropertyMappingContextCustomizer@4b3fa0b3, org.springframework.boot.test.autoconfigure.web.servlet.WebDriverContextCustomizerFactory$Customizer@5dbe30be, [ImportsContextCustomizer@743fc1ee key = [org.springframework.boot.test.autoconfigure.web.servlet.MockMvcAutoConfiguration, org.springframework.boot.test.autoconfigure.web.servlet.MockMvcWebClientAutoConfiguration, org.springframework.boot.test.autoconfigure.web.servlet.MockMvcWebDriverAutoConfiguration, org.springframework.boot.autoconfigure.security.oauth2.client.servlet.OAuth2ClientAutoConfiguration, org.springframework.boot.autoconfigure.security.oauth2.resource.servlet.OAuth2ResourceServerAutoConfiguration, org.springframework.boot.autoconfigure.security.servlet.SecurityAutoConfiguration, org.springframework.boot.autoconfigure.security.servlet.SecurityFilterAutoConfiguration, org.springframework.boot.autoconfigure.security.servlet.UserDetailsServiceAutoConfiguration, org.springframework.boot.test.autoconfigure.web.servlet.MockMvcSecurityConfiguration, org.springframework.boot.test.autoconfigure.web.reactive.WebTestClientAutoConfiguration]], org.springframework.boot.test.context.filter.ExcludeFilterContextCustomizer@3d08f3f5, org.springframework.boot.test.json.DuplicateJsonObjectContextCustomizerFactory$DuplicateJsonObjectContextCustomizer@165b8a71, org.springframework.boot.test.mock.mockito.MockitoContextCustomizer@0, org.springframework.boot.test.web.client.TestRestTemplateContextCustomizer@6ffab045, org.springframework.boot.test.context.SpringBootTestArgs@1, org.springframework.boot.test.context.SpringBootTestWebEnvironment@7e19ebf0], resourceBasePath = 'src/main/webapp', contextLoader = 'org.springframework.boot.test.context.SpringBootContextLoader', parent = [null]], attributes = map['org.springframework.test.context.web.ServletTestExecutionListener.activateListener' -> true, 'org.springframework.test.context.web.ServletTestExecutionListener.populatedRequestContextHolder' -> true, 'org.springframework.test.context.web.ServletTestExecutionListener.resetRequestContextHolder' -> true, 'org.springframework.test.context.event.ApplicationEventsTestExecutionListener.recordApplicationEvents' -> false]]
2022-12-20 15:07:30.670  INFO 13332 --- [    Test worker] o.s.t.c.transaction.TransactionContext   : Began transaction (1) for test context [DefaultTestContext@45bf1b4e testClass = PostTest, testInstance = com.team.todaycheck.main.PostTest@59250335, testMethod = getAllPost@PostTest, testException = [null], mergedContextConfiguration = [WebMergedContextConfiguration@109fa8e2 testClass = PostTest, locations = '{}', classes = '{class com.team.todaycheck.main.Library}', contextInitializerClasses = '[]', activeProfiles = '{}', propertySourceLocations = '{}', propertySourceProperties = '{org.springframework.boot.test.context.SpringBootTestContextBootstrapper=true}', contextCustomizers = set[org.springframework.boot.test.autoconfigure.actuate.metrics.MetricsExportContextCustomizerFactory$DisableMetricExportContextCustomizer@4ebea12c, org.springframework.boot.test.autoconfigure.properties.PropertyMappingContextCustomizer@4b3fa0b3, org.springframework.boot.test.autoconfigure.web.servlet.WebDriverContextCustomizerFactory$Customizer@5dbe30be, [ImportsContextCustomizer@743fc1ee key = [org.springframework.boot.test.autoconfigure.web.servlet.MockMvcAutoConfiguration, org.springframework.boot.test.autoconfigure.web.servlet.MockMvcWebClientAutoConfiguration, org.springframework.boot.test.autoconfigure.web.servlet.MockMvcWebDriverAutoConfiguration, org.springframework.boot.autoconfigure.security.oauth2.client.servlet.OAuth2ClientAutoConfiguration, org.springframework.boot.autoconfigure.security.oauth2.resource.servlet.OAuth2ResourceServerAutoConfiguration, org.springframework.boot.autoconfigure.security.servlet.SecurityAutoConfiguration, org.springframework.boot.autoconfigure.security.servlet.SecurityFilterAutoConfiguration, org.springframework.boot.autoconfigure.security.servlet.UserDetailsServiceAutoConfiguration, org.springframework.boot.test.autoconfigure.web.servlet.MockMvcSecurityConfiguration, org.springframework.boot.test.autoconfigure.web.reactive.WebTestClientAutoConfiguration]], org.springframework.boot.test.context.filter.ExcludeFilterContextCustomizer@3d08f3f5, org.springframework.boot.test.json.DuplicateJsonObjectContextCustomizerFactory$DuplicateJsonObjectContextCustomizer@165b8a71, org.springframework.boot.test.mock.mockito.MockitoContextCustomizer@0, org.springframework.boot.test.web.client.TestRestTemplateContextCustomizer@6ffab045, org.springframework.boot.test.context.SpringBootTestArgs@1, org.springframework.boot.test.context.SpringBootTestWebEnvironment@7e19ebf0], resourceBasePath = 'src/main/webapp', contextLoader = 'org.springframework.boot.test.context.SpringBootContextLoader', parent = [null]], attributes = map['org.springframework.test.context.web.ServletTestExecutionListener.activateListener' -> true, 'org.springframework.test.context.web.ServletTestExecutionListener.populatedRequestContextHolder' -> true, 'org.springframework.test.context.web.ServletTestExecutionListener.resetRequestContextHolder' -> true, 'org.springframework.test.context.event.ApplicationEventsTestExecutionListener.recordApplicationEvents' -> false]]; transaction manager [org.springframework.orm.jpa.JpaTransactionManager@1bccd936]; rollback [true]
2022-12-20 15:07:30.679  WARN 13332 --- [    Test worker] o.h.h.internal.ast.QueryTranslatorImpl   : HHH000104: firstResult/maxResults specified with collection fetch; applying in memory!
Hibernate: select post0_.post_key as post_key1_3_0_, comment1_.comment_id as comment_1_0_1_, post0_.date as date2_3_0_, post0_.description as descript3_3_0_, post0_.recommendation as recommen4_3_0_, post0_.thumbnail as thumbnai5_3_0_, post0_.title as title6_3_0_, post0_.user_id as user_id9_3_0_, post0_.views as views7_3_0_, post0_.writer as writer8_3_0_, comment1_.content as content2_0_1_, comment1_.date as date3_0_1_, comment1_.post_id as post_id5_0_1_, comment1_.writer as writer4_0_1_, comment1_.post_id as post_id5_0_0__, comment1_.comment_id as comment_1_0_0__ from post post0_ left outer join comment comment1_ on post0_.post_key=comment1_.post_id order by post0_.post_key desc
2022-12-20 15:07:30.683  INFO 13332 --- [    Test worker] o.s.t.c.transaction.TransactionContext   : Rolled back transaction for test: [DefaultTestContext@45bf1b4e testClass = PostTest, testInstance = com.team.todaycheck.main.PostTest@59250335, testMethod = getAllPost@PostTest, testException = [null], mergedContextConfiguration = [WebMergedContextConfiguration@109fa8e2 testClass = PostTest, locations = '{}', classes = '{class com.team.todaycheck.main.Library}', contextInitializerClasses = '[]', activeProfiles = '{}', propertySourceLocations = '{}', propertySourceProperties = '{org.springframework.boot.test.context.SpringBootTestContextBootstrapper=true}', contextCustomizers = set[org.springframework.boot.test.autoconfigure.actuate.metrics.MetricsExportContextCustomizerFactory$DisableMetricExportContextCustomizer@4ebea12c, org.springframework.boot.test.autoconfigure.properties.PropertyMappingContextCustomizer@4b3fa0b3, org.springframework.boot.test.autoconfigure.web.servlet.WebDriverContextCustomizerFactory$Customizer@5dbe30be, [ImportsContextCustomizer@743fc1ee key = [org.springframework.boot.test.autoconfigure.web.servlet.MockMvcAutoConfiguration, org.springframework.boot.test.autoconfigure.web.servlet.MockMvcWebClientAutoConfiguration, org.springframework.boot.test.autoconfigure.web.servlet.MockMvcWebDriverAutoConfiguration, org.springframework.boot.autoconfigure.security.oauth2.client.servlet.OAuth2ClientAutoConfiguration, org.springframework.boot.autoconfigure.security.oauth2.resource.servlet.OAuth2ResourceServerAutoConfiguration, org.springframework.boot.autoconfigure.security.servlet.SecurityAutoConfiguration, org.springframework.boot.autoconfigure.security.servlet.SecurityFilterAutoConfiguration, org.springframework.boot.autoconfigure.security.servlet.UserDetailsServiceAutoConfiguration, org.springframework.boot.test.autoconfigure.web.servlet.MockMvcSecurityConfiguration, org.springframework.boot.test.autoconfigure.web.reactive.WebTestClientAutoConfiguration]], org.springframework.boot.test.context.filter.ExcludeFilterContextCustomizer@3d08f3f5, org.springframework.boot.test.json.DuplicateJsonObjectContextCustomizerFactory$DuplicateJsonObjectContextCustomizer@165b8a71, org.springframework.boot.test.mock.mockito.MockitoContextCustomizer@0, org.springframework.boot.test.web.client.TestRestTemplateContextCustomizer@6ffab045, org.springframework.boot.test.context.SpringBootTestArgs@1, org.springframework.boot.test.context.SpringBootTestWebEnvironment@7e19ebf0], resourceBasePath = 'src/main/webapp', contextLoader = 'org.springframework.boot.test.context.SpringBootContextLoader', parent = [null]], attributes = map['org.springframework.test.context.web.ServletTestExecutionListener.activateListener' -> true, 'org.springframework.test.context.web.ServletTestExecutionListener.populatedRequestContextHolder' -> true, 'org.springframework.test.context.web.ServletTestExecutionListener.resetRequestContextHolder' -> true, 'org.springframework.test.context.event.ApplicationEventsTestExecutionListener.recordApplicationEvents' -> false]]
2022-12-20 15:07:30.686  INFO 13332 --- [    Test worker] o.s.t.c.transaction.TransactionContext   : Began transaction (1) for test context [DefaultTestContext@45bf1b4e testClass = PostTest, testInstance = com.team.todaycheck.main.PostTest@59250335, testMethod = getPostOne@PostTest, testException = [null], mergedContextConfiguration = [WebMergedContextConfiguration@109fa8e2 testClass = PostTest, locations = '{}', classes = '{class com.team.todaycheck.main.Library}', contextInitializerClasses = '[]', activeProfiles = '{}', propertySourceLocations = '{}', propertySourceProperties = '{org.springframework.boot.test.context.SpringBootTestContextBootstrapper=true}', contextCustomizers = set[org.springframework.boot.test.autoconfigure.actuate.metrics.MetricsExportContextCustomizerFactory$DisableMetricExportContextCustomizer@4ebea12c, org.springframework.boot.test.autoconfigure.properties.PropertyMappingContextCustomizer@4b3fa0b3, org.springframework.boot.test.autoconfigure.web.servlet.WebDriverContextCustomizerFactory$Customizer@5dbe30be, [ImportsContextCustomizer@743fc1ee key = [org.springframework.boot.test.autoconfigure.web.servlet.MockMvcAutoConfiguration, org.springframework.boot.test.autoconfigure.web.servlet.MockMvcWebClientAutoConfiguration, org.springframework.boot.test.autoconfigure.web.servlet.MockMvcWebDriverAutoConfiguration, org.springframework.boot.autoconfigure.security.oauth2.client.servlet.OAuth2ClientAutoConfiguration, org.springframework.boot.autoconfigure.security.oauth2.resource.servlet.OAuth2ResourceServerAutoConfiguration, org.springframework.boot.autoconfigure.security.servlet.SecurityAutoConfiguration, org.springframework.boot.autoconfigure.security.servlet.SecurityFilterAutoConfiguration, org.springframework.boot.autoconfigure.security.servlet.UserDetailsServiceAutoConfiguration, org.springframework.boot.test.autoconfigure.web.servlet.MockMvcSecurityConfiguration, org.springframework.boot.test.autoconfigure.web.reactive.WebTestClientAutoConfiguration]], org.springframework.boot.test.context.filter.ExcludeFilterContextCustomizer@3d08f3f5, org.springframework.boot.test.json.DuplicateJsonObjectContextCustomizerFactory$DuplicateJsonObjectContextCustomizer@165b8a71, org.springframework.boot.test.mock.mockito.MockitoContextCustomizer@0, org.springframework.boot.test.web.client.TestRestTemplateContextCustomizer@6ffab045, org.springframework.boot.test.context.SpringBootTestArgs@1, org.springframework.boot.test.context.SpringBootTestWebEnvironment@7e19ebf0], resourceBasePath = 'src/main/webapp', contextLoader = 'org.springframework.boot.test.context.SpringBootContextLoader', parent = [null]], attributes = map['org.springframework.test.context.web.ServletTestExecutionListener.activateListener' -> true, 'org.springframework.test.context.web.ServletTestExecutionListener.populatedRequestContextHolder' -> true, 'org.springframework.test.context.web.ServletTestExecutionListener.resetRequestContextHolder' -> true, 'org.springframework.test.context.event.ApplicationEventsTestExecutionListener.recordApplicationEvents' -> false]]; transaction manager [org.springframework.orm.jpa.JpaTransactionManager@1bccd936]; rollback [true]
Hibernate: select userentity0_.user_id as user_id1_6_, userentity0_.address as address2_6_, userentity0_.admin as admin3_6_, userentity0_.id as id4_6_, userentity0_.password as password5_6_, userentity0_.phone_number as phone_nu6_6_, userentity0_.profile_images as profile_7_6_ from user_entity userentity0_ where userentity0_.id=?
Hibernate: select roles0_.user_entity_user_id as user_ent1_7_0_, roles0_.roles as roles2_7_0_ from user_entity_roles roles0_ where roles0_.user_entity_user_id=?
Hibernate: insert into post (date, description, recommendation, thumbnail, title, user_id, views, writer) values (?, ?, ?, ?, ?, ?, ?, ?)
Hibernate: select max(post0_.post_key) as col_0_0_ from post post0_
Hibernate: select max(post0_.post_key) as col_0_0_ from post post0_
Hibernate: update post set views=views+? where post_key=?
Hibernate: select post0_.post_key as post_key1_3_0_, comment1_.comment_id as comment_1_0_1_, post0_.date as date2_3_0_, post0_.description as descript3_3_0_, post0_.recommendation as recommen4_3_0_, post0_.thumbnail as thumbnai5_3_0_, post0_.title as title6_3_0_, post0_.user_id as user_id9_3_0_, post0_.views as views7_3_0_, post0_.writer as writer8_3_0_, comment1_.content as content2_0_1_, comment1_.date as date3_0_1_, comment1_.post_id as post_id5_0_1_, comment1_.writer as writer4_0_1_, comment1_.post_id as post_id5_0_0__, comment1_.comment_id as comment_1_0_0__ from post post0_ left outer join comment comment1_ on post0_.post_key=comment1_.post_id where post0_.post_key=?
2022-12-20 15:07:30.708  INFO 13332 --- [    Test worker] o.s.t.c.transaction.TransactionContext   : Rolled back transaction for test: [DefaultTestContext@45bf1b4e testClass = PostTest, testInstance = com.team.todaycheck.main.PostTest@59250335, testMethod = getPostOne@PostTest, testException = [null], mergedContextConfiguration = [WebMergedContextConfiguration@109fa8e2 testClass = PostTest, locations = '{}', classes = '{class com.team.todaycheck.main.Library}', contextInitializerClasses = '[]', activeProfiles = '{}', propertySourceLocations = '{}', propertySourceProperties = '{org.springframework.boot.test.context.SpringBootTestContextBootstrapper=true}', contextCustomizers = set[org.springframework.boot.test.autoconfigure.actuate.metrics.MetricsExportContextCustomizerFactory$DisableMetricExportContextCustomizer@4ebea12c, org.springframework.boot.test.autoconfigure.properties.PropertyMappingContextCustomizer@4b3fa0b3, org.springframework.boot.test.autoconfigure.web.servlet.WebDriverContextCustomizerFactory$Customizer@5dbe30be, [ImportsContextCustomizer@743fc1ee key = [org.springframework.boot.test.autoconfigure.web.servlet.MockMvcAutoConfiguration, org.springframework.boot.test.autoconfigure.web.servlet.MockMvcWebClientAutoConfiguration, org.springframework.boot.test.autoconfigure.web.servlet.MockMvcWebDriverAutoConfiguration, org.springframework.boot.autoconfigure.security.oauth2.client.servlet.OAuth2ClientAutoConfiguration, org.springframework.boot.autoconfigure.security.oauth2.resource.servlet.OAuth2ResourceServerAutoConfiguration, org.springframework.boot.autoconfigure.security.servlet.SecurityAutoConfiguration, org.springframework.boot.autoconfigure.security.servlet.SecurityFilterAutoConfiguration, org.springframework.boot.autoconfigure.security.servlet.UserDetailsServiceAutoConfiguration, org.springframework.boot.test.autoconfigure.web.servlet.MockMvcSecurityConfiguration, org.springframework.boot.test.autoconfigure.web.reactive.WebTestClientAutoConfiguration]], org.springframework.boot.test.context.filter.ExcludeFilterContextCustomizer@3d08f3f5, org.springframework.boot.test.json.DuplicateJsonObjectContextCustomizerFactory$DuplicateJsonObjectContextCustomizer@165b8a71, org.springframework.boot.test.mock.mockito.MockitoContextCustomizer@0, org.springframework.boot.test.web.client.TestRestTemplateContextCustomizer@6ffab045, org.springframework.boot.test.context.SpringBootTestArgs@1, org.springframework.boot.test.context.SpringBootTestWebEnvironment@7e19ebf0], resourceBasePath = 'src/main/webapp', contextLoader = 'org.springframework.boot.test.context.SpringBootContextLoader', parent = [null]], attributes = map['org.springframework.test.context.web.ServletTestExecutionListener.activateListener' -> true, 'org.springframework.test.context.web.ServletTestExecutionListener.populatedRequestContextHolder' -> true, 'org.springframework.test.context.web.ServletTestExecutionListener.resetRequestContextHolder' -> true, 'org.springframework.test.context.event.ApplicationEventsTestExecutionListener.recordApplicationEvents' -> false]]
2022-12-20 15:07:30.712  INFO 13332 --- [    Test worker] o.s.t.c.transaction.TransactionContext   : Began transaction (1) for test context [DefaultTestContext@45bf1b4e testClass = PostTest, testInstance = com.team.todaycheck.main.PostTest@59250335, testMethod = sameAuthorModifyPost@PostTest, testException = [null], mergedContextConfiguration = [WebMergedContextConfiguration@109fa8e2 testClass = PostTest, locations = '{}', classes = '{class com.team.todaycheck.main.Library}', contextInitializerClasses = '[]', activeProfiles = '{}', propertySourceLocations = '{}', propertySourceProperties = '{org.springframework.boot.test.context.SpringBootTestContextBootstrapper=true}', contextCustomizers = set[org.springframework.boot.test.autoconfigure.actuate.metrics.MetricsExportContextCustomizerFactory$DisableMetricExportContextCustomizer@4ebea12c, org.springframework.boot.test.autoconfigure.properties.PropertyMappingContextCustomizer@4b3fa0b3, org.springframework.boot.test.autoconfigure.web.servlet.WebDriverContextCustomizerFactory$Customizer@5dbe30be, [ImportsContextCustomizer@743fc1ee key = [org.springframework.boot.test.autoconfigure.web.servlet.MockMvcAutoConfiguration, org.springframework.boot.test.autoconfigure.web.servlet.MockMvcWebClientAutoConfiguration, org.springframework.boot.test.autoconfigure.web.servlet.MockMvcWebDriverAutoConfiguration, org.springframework.boot.autoconfigure.security.oauth2.client.servlet.OAuth2ClientAutoConfiguration, org.springframework.boot.autoconfigure.security.oauth2.resource.servlet.OAuth2ResourceServerAutoConfiguration, org.springframework.boot.autoconfigure.security.servlet.SecurityAutoConfiguration, org.springframework.boot.autoconfigure.security.servlet.SecurityFilterAutoConfiguration, org.springframework.boot.autoconfigure.security.servlet.UserDetailsServiceAutoConfiguration, org.springframework.boot.test.autoconfigure.web.servlet.MockMvcSecurityConfiguration, org.springframework.boot.test.autoconfigure.web.reactive.WebTestClientAutoConfiguration]], org.springframework.boot.test.context.filter.ExcludeFilterContextCustomizer@3d08f3f5, org.springframework.boot.test.json.DuplicateJsonObjectContextCustomizerFactory$DuplicateJsonObjectContextCustomizer@165b8a71, org.springframework.boot.test.mock.mockito.MockitoContextCustomizer@0, org.springframework.boot.test.web.client.TestRestTemplateContextCustomizer@6ffab045, org.springframework.boot.test.context.SpringBootTestArgs@1, org.springframework.boot.test.context.SpringBootTestWebEnvironment@7e19ebf0], resourceBasePath = 'src/main/webapp', contextLoader = 'org.springframework.boot.test.context.SpringBootContextLoader', parent = [null]], attributes = map['org.springframework.test.context.web.ServletTestExecutionListener.activateListener' -> true, 'org.springframework.test.context.web.ServletTestExecutionListener.populatedRequestContextHolder' -> true, 'org.springframework.test.context.web.ServletTestExecutionListener.resetRequestContextHolder' -> true, 'org.springframework.test.context.event.ApplicationEventsTestExecutionListener.recordApplicationEvents' -> false]]; transaction manager [org.springframework.orm.jpa.JpaTransactionManager@1bccd936]; rollback [true]
Hibernate: select userentity0_.user_id as user_id1_6_, userentity0_.address as address2_6_, userentity0_.admin as admin3_6_, userentity0_.id as id4_6_, userentity0_.password as password5_6_, userentity0_.phone_number as phone_nu6_6_, userentity0_.profile_images as profile_7_6_ from user_entity userentity0_ where userentity0_.id=?
Hibernate: select roles0_.user_entity_user_id as user_ent1_7_0_, roles0_.roles as roles2_7_0_ from user_entity_roles roles0_ where roles0_.user_entity_user_id=?
Hibernate: insert into post (date, description, recommendation, thumbnail, title, user_id, views, writer) values (?, ?, ?, ?, ?, ?, ?, ?)
Hibernate: select max(post0_.post_key) as col_0_0_ from post post0_
Hibernate: select max(post0_.post_key) as col_0_0_ from post post0_
Hibernate: select post0_.post_key as post_key1_3_, post0_.date as date2_3_, post0_.description as descript3_3_, post0_.recommendation as recommen4_3_, post0_.thumbnail as thumbnai5_3_, post0_.title as title6_3_, post0_.user_id as user_id9_3_, post0_.views as views7_3_, post0_.writer as writer8_3_ from post post0_ where post0_.post_key=? and post0_.writer=?
2022-12-20 15:07:30.733  INFO 13332 --- [    Test worker] o.s.t.c.transaction.TransactionContext   : Rolled back transaction for test: [DefaultTestContext@45bf1b4e testClass = PostTest, testInstance = com.team.todaycheck.main.PostTest@59250335, testMethod = sameAuthorModifyPost@PostTest, testException = [null], mergedContextConfiguration = [WebMergedContextConfiguration@109fa8e2 testClass = PostTest, locations = '{}', classes = '{class com.team.todaycheck.main.Library}', contextInitializerClasses = '[]', activeProfiles = '{}', propertySourceLocations = '{}', propertySourceProperties = '{org.springframework.boot.test.context.SpringBootTestContextBootstrapper=true}', contextCustomizers = set[org.springframework.boot.test.autoconfigure.actuate.metrics.MetricsExportContextCustomizerFactory$DisableMetricExportContextCustomizer@4ebea12c, org.springframework.boot.test.autoconfigure.properties.PropertyMappingContextCustomizer@4b3fa0b3, org.springframework.boot.test.autoconfigure.web.servlet.WebDriverContextCustomizerFactory$Customizer@5dbe30be, [ImportsContextCustomizer@743fc1ee key = [org.springframework.boot.test.autoconfigure.web.servlet.MockMvcAutoConfiguration, org.springframework.boot.test.autoconfigure.web.servlet.MockMvcWebClientAutoConfiguration, org.springframework.boot.test.autoconfigure.web.servlet.MockMvcWebDriverAutoConfiguration, org.springframework.boot.autoconfigure.security.oauth2.client.servlet.OAuth2ClientAutoConfiguration, org.springframework.boot.autoconfigure.security.oauth2.resource.servlet.OAuth2ResourceServerAutoConfiguration, org.springframework.boot.autoconfigure.security.servlet.SecurityAutoConfiguration, org.springframework.boot.autoconfigure.security.servlet.SecurityFilterAutoConfiguration, org.springframework.boot.autoconfigure.security.servlet.UserDetailsServiceAutoConfiguration, org.springframework.boot.test.autoconfigure.web.servlet.MockMvcSecurityConfiguration, org.springframework.boot.test.autoconfigure.web.reactive.WebTestClientAutoConfiguration]], org.springframework.boot.test.context.filter.ExcludeFilterContextCustomizer@3d08f3f5, org.springframework.boot.test.json.DuplicateJsonObjectContextCustomizerFactory$DuplicateJsonObjectContextCustomizer@165b8a71, org.springframework.boot.test.mock.mockito.MockitoContextCustomizer@0, org.springframework.boot.test.web.client.TestRestTemplateContextCustomizer@6ffab045, org.springframework.boot.test.context.SpringBootTestArgs@1, org.springframework.boot.test.context.SpringBootTestWebEnvironment@7e19ebf0], resourceBasePath = 'src/main/webapp', contextLoader = 'org.springframework.boot.test.context.SpringBootContextLoader', parent = [null]], attributes = map['org.springframework.test.context.web.ServletTestExecutionListener.activateListener' -> true, 'org.springframework.test.context.web.ServletTestExecutionListener.populatedRequestContextHolder' -> true, 'org.springframework.test.context.web.ServletTestExecutionListener.resetRequestContextHolder' -> true, 'org.springframework.test.context.event.ApplicationEventsTestExecutionListener.recordApplicationEvents' -> false]]
2022-12-20 15:07:30.737  INFO 13332 --- [    Test worker] o.s.t.c.transaction.TransactionContext   : Began transaction (1) for test context [DefaultTestContext@45bf1b4e testClass = PostTest, testInstance = com.team.todaycheck.main.PostTest@59250335, testMethod = otherAuthorModifyPost@PostTest, testException = [null], mergedContextConfiguration = [WebMergedContextConfiguration@109fa8e2 testClass = PostTest, locations = '{}', classes = '{class com.team.todaycheck.main.Library}', contextInitializerClasses = '[]', activeProfiles = '{}', propertySourceLocations = '{}', propertySourceProperties = '{org.springframework.boot.test.context.SpringBootTestContextBootstrapper=true}', contextCustomizers = set[org.springframework.boot.test.autoconfigure.actuate.metrics.MetricsExportContextCustomizerFactory$DisableMetricExportContextCustomizer@4ebea12c, org.springframework.boot.test.autoconfigure.properties.PropertyMappingContextCustomizer@4b3fa0b3, org.springframework.boot.test.autoconfigure.web.servlet.WebDriverContextCustomizerFactory$Customizer@5dbe30be, [ImportsContextCustomizer@743fc1ee key = [org.springframework.boot.test.autoconfigure.web.servlet.MockMvcAutoConfiguration, org.springframework.boot.test.autoconfigure.web.servlet.MockMvcWebClientAutoConfiguration, org.springframework.boot.test.autoconfigure.web.servlet.MockMvcWebDriverAutoConfiguration, org.springframework.boot.autoconfigure.security.oauth2.client.servlet.OAuth2ClientAutoConfiguration, org.springframework.boot.autoconfigure.security.oauth2.resource.servlet.OAuth2ResourceServerAutoConfiguration, org.springframework.boot.autoconfigure.security.servlet.SecurityAutoConfiguration, org.springframework.boot.autoconfigure.security.servlet.SecurityFilterAutoConfiguration, org.springframework.boot.autoconfigure.security.servlet.UserDetailsServiceAutoConfiguration, org.springframework.boot.test.autoconfigure.web.servlet.MockMvcSecurityConfiguration, org.springframework.boot.test.autoconfigure.web.reactive.WebTestClientAutoConfiguration]], org.springframework.boot.test.context.filter.ExcludeFilterContextCustomizer@3d08f3f5, org.springframework.boot.test.json.DuplicateJsonObjectContextCustomizerFactory$DuplicateJsonObjectContextCustomizer@165b8a71, org.springframework.boot.test.mock.mockito.MockitoContextCustomizer@0, org.springframework.boot.test.web.client.TestRestTemplateContextCustomizer@6ffab045, org.springframework.boot.test.context.SpringBootTestArgs@1, org.springframework.boot.test.context.SpringBootTestWebEnvironment@7e19ebf0], resourceBasePath = 'src/main/webapp', contextLoader = 'org.springframework.boot.test.context.SpringBootContextLoader', parent = [null]], attributes = map['org.springframework.test.context.web.ServletTestExecutionListener.activateListener' -> true, 'org.springframework.test.context.web.ServletTestExecutionListener.populatedRequestContextHolder' -> true, 'org.springframework.test.context.web.ServletTestExecutionListener.resetRequestContextHolder' -> true, 'org.springframework.test.context.event.ApplicationEventsTestExecutionListener.recordApplicationEvents' -> false]]; transaction manager [org.springframework.orm.jpa.JpaTransactionManager@1bccd936]; rollback [true]
Hibernate: select userentity0_.user_id as user_id1_6_, userentity0_.address as address2_6_, userentity0_.admin as admin3_6_, userentity0_.id as id4_6_, userentity0_.password as password5_6_, userentity0_.phone_number as phone_nu6_6_, userentity0_.profile_images as profile_7_6_ from user_entity userentity0_ where userentity0_.id=?
Hibernate: select roles0_.user_entity_user_id as user_ent1_7_0_, roles0_.roles as roles2_7_0_ from user_entity_roles roles0_ where roles0_.user_entity_user_id=?
Hibernate: insert into post (date, description, recommendation, thumbnail, title, user_id, views, writer) values (?, ?, ?, ?, ?, ?, ?, ?)
Hibernate: select max(post0_.post_key) as col_0_0_ from post post0_
Hibernate: select max(post0_.post_key) as col_0_0_ from post post0_
Hibernate: select post0_.post_key as post_key1_3_, post0_.date as date2_3_, post0_.description as descript3_3_, post0_.recommendation as recommen4_3_, post0_.thumbnail as thumbnai5_3_, post0_.title as title6_3_, post0_.user_id as user_id9_3_, post0_.views as views7_3_, post0_.writer as writer8_3_ from post post0_ where post0_.post_key=? and post0_.writer=?
2022-12-20 15:07:30.760  INFO 13332 --- [    Test worker] o.s.t.c.transaction.TransactionContext   : Rolled back transaction for test: [DefaultTestContext@45bf1b4e testClass = PostTest, testInstance = com.team.todaycheck.main.PostTest@59250335, testMethod = otherAuthorModifyPost@PostTest, testException = [null], mergedContextConfiguration = [WebMergedContextConfiguration@109fa8e2 testClass = PostTest, locations = '{}', classes = '{class com.team.todaycheck.main.Library}', contextInitializerClasses = '[]', activeProfiles = '{}', propertySourceLocations = '{}', propertySourceProperties = '{org.springframework.boot.test.context.SpringBootTestContextBootstrapper=true}', contextCustomizers = set[org.springframework.boot.test.autoconfigure.actuate.metrics.MetricsExportContextCustomizerFactory$DisableMetricExportContextCustomizer@4ebea12c, org.springframework.boot.test.autoconfigure.properties.PropertyMappingContextCustomizer@4b3fa0b3, org.springframework.boot.test.autoconfigure.web.servlet.WebDriverContextCustomizerFactory$Customizer@5dbe30be, [ImportsContextCustomizer@743fc1ee key = [org.springframework.boot.test.autoconfigure.web.servlet.MockMvcAutoConfiguration, org.springframework.boot.test.autoconfigure.web.servlet.MockMvcWebClientAutoConfiguration, org.springframework.boot.test.autoconfigure.web.servlet.MockMvcWebDriverAutoConfiguration, org.springframework.boot.autoconfigure.security.oauth2.client.servlet.OAuth2ClientAutoConfiguration, org.springframework.boot.autoconfigure.security.oauth2.resource.servlet.OAuth2ResourceServerAutoConfiguration, org.springframework.boot.autoconfigure.security.servlet.SecurityAutoConfiguration, org.springframework.boot.autoconfigure.security.servlet.SecurityFilterAutoConfiguration, org.springframework.boot.autoconfigure.security.servlet.UserDetailsServiceAutoConfiguration, org.springframework.boot.test.autoconfigure.web.servlet.MockMvcSecurityConfiguration, org.springframework.boot.test.autoconfigure.web.reactive.WebTestClientAutoConfiguration]], org.springframework.boot.test.context.filter.ExcludeFilterContextCustomizer@3d08f3f5, org.springframework.boot.test.json.DuplicateJsonObjectContextCustomizerFactory$DuplicateJsonObjectContextCustomizer@165b8a71, org.springframework.boot.test.mock.mockito.MockitoContextCustomizer@0, org.springframework.boot.test.web.client.TestRestTemplateContextCustomizer@6ffab045, org.springframework.boot.test.context.SpringBootTestArgs@1, org.springframework.boot.test.context.SpringBootTestWebEnvironment@7e19ebf0], resourceBasePath = 'src/main/webapp', contextLoader = 'org.springframework.boot.test.context.SpringBootContextLoader', parent = [null]], attributes = map['org.springframework.test.context.web.ServletTestExecutionListener.activateListener' -> true, 'org.springframework.test.context.web.ServletTestExecutionListener.populatedRequestContextHolder' -> true, 'org.springframework.test.context.web.ServletTestExecutionListener.resetRequestContextHolder' -> true, 'org.springframework.test.context.event.ApplicationEventsTestExecutionListener.recordApplicationEvents' -> false]]
2022-12-20 15:07:30.763  INFO 13332 --- [    Test worker] o.s.t.c.transaction.TransactionContext   : Began transaction (1) for test context [DefaultTestContext@45bf1b4e testClass = PostTest, testInstance = com.team.todaycheck.main.PostTest@59250335, testMethod = deletePost@PostTest, testException = [null], mergedContextConfiguration = [WebMergedContextConfiguration@109fa8e2 testClass = PostTest, locations = '{}', classes = '{class com.team.todaycheck.main.Library}', contextInitializerClasses = '[]', activeProfiles = '{}', propertySourceLocations = '{}', propertySourceProperties = '{org.springframework.boot.test.context.SpringBootTestContextBootstrapper=true}', contextCustomizers = set[org.springframework.boot.test.autoconfigure.actuate.metrics.MetricsExportContextCustomizerFactory$DisableMetricExportContextCustomizer@4ebea12c, org.springframework.boot.test.autoconfigure.properties.PropertyMappingContextCustomizer@4b3fa0b3, org.springframework.boot.test.autoconfigure.web.servlet.WebDriverContextCustomizerFactory$Customizer@5dbe30be, [ImportsContextCustomizer@743fc1ee key = [org.springframework.boot.test.autoconfigure.web.servlet.MockMvcAutoConfiguration, org.springframework.boot.test.autoconfigure.web.servlet.MockMvcWebClientAutoConfiguration, org.springframework.boot.test.autoconfigure.web.servlet.MockMvcWebDriverAutoConfiguration, org.springframework.boot.autoconfigure.security.oauth2.client.servlet.OAuth2ClientAutoConfiguration, org.springframework.boot.autoconfigure.security.oauth2.resource.servlet.OAuth2ResourceServerAutoConfiguration, org.springframework.boot.autoconfigure.security.servlet.SecurityAutoConfiguration, org.springframework.boot.autoconfigure.security.servlet.SecurityFilterAutoConfiguration, org.springframework.boot.autoconfigure.security.servlet.UserDetailsServiceAutoConfiguration, org.springframework.boot.test.autoconfigure.web.servlet.MockMvcSecurityConfiguration, org.springframework.boot.test.autoconfigure.web.reactive.WebTestClientAutoConfiguration]], org.springframework.boot.test.context.filter.ExcludeFilterContextCustomizer@3d08f3f5, org.springframework.boot.test.json.DuplicateJsonObjectContextCustomizerFactory$DuplicateJsonObjectContextCustomizer@165b8a71, org.springframework.boot.test.mock.mockito.MockitoContextCustomizer@0, org.springframework.boot.test.web.client.TestRestTemplateContextCustomizer@6ffab045, org.springframework.boot.test.context.SpringBootTestArgs@1, org.springframework.boot.test.context.SpringBootTestWebEnvironment@7e19ebf0], resourceBasePath = 'src/main/webapp', contextLoader = 'org.springframework.boot.test.context.SpringBootContextLoader', parent = [null]], attributes = map['org.springframework.test.context.web.ServletTestExecutionListener.activateListener' -> true, 'org.springframework.test.context.web.ServletTestExecutionListener.populatedRequestContextHolder' -> true, 'org.springframework.test.context.web.ServletTestExecutionListener.resetRequestContextHolder' -> true, 'org.springframework.test.context.event.ApplicationEventsTestExecutionListener.recordApplicationEvents' -> false]]; transaction manager [org.springframework.orm.jpa.JpaTransactionManager@1bccd936]; rollback [true]
Hibernate: select userentity0_.user_id as user_id1_6_, userentity0_.address as address2_6_, userentity0_.admin as admin3_6_, userentity0_.id as id4_6_, userentity0_.password as password5_6_, userentity0_.phone_number as phone_nu6_6_, userentity0_.profile_images as profile_7_6_ from user_entity userentity0_ where userentity0_.id=?
Hibernate: select roles0_.user_entity_user_id as user_ent1_7_0_, roles0_.roles as roles2_7_0_ from user_entity_roles roles0_ where roles0_.user_entity_user_id=?
Hibernate: insert into post (date, description, recommendation, thumbnail, title, user_id, views, writer) values (?, ?, ?, ?, ?, ?, ?, ?)
Hibernate: select max(post0_.post_key) as col_0_0_ from post post0_
Hibernate: select max(post0_.post_key) as col_0_0_ from post post0_
Hibernate: delete from post where writer=? and post_key=?
2022-12-20 15:07:30.789  INFO 13332 --- [    Test worker] o.s.t.c.transaction.TransactionContext   : Rolled back transaction for test: [DefaultTestContext@45bf1b4e testClass = PostTest, testInstance = com.team.todaycheck.main.PostTest@59250335, testMethod = deletePost@PostTest, testException = [null], mergedContextConfiguration = [WebMergedContextConfiguration@109fa8e2 testClass = PostTest, locations = '{}', classes = '{class com.team.todaycheck.main.Library}', contextInitializerClasses = '[]', activeProfiles = '{}', propertySourceLocations = '{}', propertySourceProperties = '{org.springframework.boot.test.context.SpringBootTestContextBootstrapper=true}', contextCustomizers = set[org.springframework.boot.test.autoconfigure.actuate.metrics.MetricsExportContextCustomizerFactory$DisableMetricExportContextCustomizer@4ebea12c, org.springframework.boot.test.autoconfigure.properties.PropertyMappingContextCustomizer@4b3fa0b3, org.springframework.boot.test.autoconfigure.web.servlet.WebDriverContextCustomizerFactory$Customizer@5dbe30be, [ImportsContextCustomizer@743fc1ee key = [org.springframework.boot.test.autoconfigure.web.servlet.MockMvcAutoConfiguration, org.springframework.boot.test.autoconfigure.web.servlet.MockMvcWebClientAutoConfiguration, org.springframework.boot.test.autoconfigure.web.servlet.MockMvcWebDriverAutoConfiguration, org.springframework.boot.autoconfigure.security.oauth2.client.servlet.OAuth2ClientAutoConfiguration, org.springframework.boot.autoconfigure.security.oauth2.resource.servlet.OAuth2ResourceServerAutoConfiguration, org.springframework.boot.autoconfigure.security.servlet.SecurityAutoConfiguration, org.springframework.boot.autoconfigure.security.servlet.SecurityFilterAutoConfiguration, org.springframework.boot.autoconfigure.security.servlet.UserDetailsServiceAutoConfiguration, org.springframework.boot.test.autoconfigure.web.servlet.MockMvcSecurityConfiguration, org.springframework.boot.test.autoconfigure.web.reactive.WebTestClientAutoConfiguration]], org.springframework.boot.test.context.filter.ExcludeFilterContextCustomizer@3d08f3f5, org.springframework.boot.test.json.DuplicateJsonObjectContextCustomizerFactory$DuplicateJsonObjectContextCustomizer@165b8a71, org.springframework.boot.test.mock.mockito.MockitoContextCustomizer@0, org.springframework.boot.test.web.client.TestRestTemplateContextCustomizer@6ffab045, org.springframework.boot.test.context.SpringBootTestArgs@1, org.springframework.boot.test.context.SpringBootTestWebEnvironment@7e19ebf0], resourceBasePath = 'src/main/webapp', contextLoader = 'org.springframework.boot.test.context.SpringBootContextLoader', parent = [null]], attributes = map['org.springframework.test.context.web.ServletTestExecutionListener.activateListener' -> true, 'org.springframework.test.context.web.ServletTestExecutionListener.populatedRequestContextHolder' -> true, 'org.springframework.test.context.web.ServletTestExecutionListener.resetRequestContextHolder' -> true, 'org.springframework.test.context.event.ApplicationEventsTestExecutionListener.recordApplicationEvents' -> false]]
2022-12-20 15:07:30.791  INFO 13332 --- [    Test worker] o.s.t.c.transaction.TransactionContext   : Began transaction (1) for test context [DefaultTestContext@45bf1b4e testClass = PostTest, testInstance = com.team.todaycheck.main.PostTest@59250335, testMethod = addComment@PostTest, testException = [null], mergedContextConfiguration = [WebMergedContextConfiguration@109fa8e2 testClass = PostTest, locations = '{}', classes = '{class com.team.todaycheck.main.Library}', contextInitializerClasses = '[]', activeProfiles = '{}', propertySourceLocations = '{}', propertySourceProperties = '{org.springframework.boot.test.context.SpringBootTestContextBootstrapper=true}', contextCustomizers = set[org.springframework.boot.test.autoconfigure.actuate.metrics.MetricsExportContextCustomizerFactory$DisableMetricExportContextCustomizer@4ebea12c, org.springframework.boot.test.autoconfigure.properties.PropertyMappingContextCustomizer@4b3fa0b3, org.springframework.boot.test.autoconfigure.web.servlet.WebDriverContextCustomizerFactory$Customizer@5dbe30be, [ImportsContextCustomizer@743fc1ee key = [org.springframework.boot.test.autoconfigure.web.servlet.MockMvcAutoConfiguration, org.springframework.boot.test.autoconfigure.web.servlet.MockMvcWebClientAutoConfiguration, org.springframework.boot.test.autoconfigure.web.servlet.MockMvcWebDriverAutoConfiguration, org.springframework.boot.autoconfigure.security.oauth2.client.servlet.OAuth2ClientAutoConfiguration, org.springframework.boot.autoconfigure.security.oauth2.resource.servlet.OAuth2ResourceServerAutoConfiguration, org.springframework.boot.autoconfigure.security.servlet.SecurityAutoConfiguration, org.springframework.boot.autoconfigure.security.servlet.SecurityFilterAutoConfiguration, org.springframework.boot.autoconfigure.security.servlet.UserDetailsServiceAutoConfiguration, org.springframework.boot.test.autoconfigure.web.servlet.MockMvcSecurityConfiguration, org.springframework.boot.test.autoconfigure.web.reactive.WebTestClientAutoConfiguration]], org.springframework.boot.test.context.filter.ExcludeFilterContextCustomizer@3d08f3f5, org.springframework.boot.test.json.DuplicateJsonObjectContextCustomizerFactory$DuplicateJsonObjectContextCustomizer@165b8a71, org.springframework.boot.test.mock.mockito.MockitoContextCustomizer@0, org.springframework.boot.test.web.client.TestRestTemplateContextCustomizer@6ffab045, org.springframework.boot.test.context.SpringBootTestArgs@1, org.springframework.boot.test.context.SpringBootTestWebEnvironment@7e19ebf0], resourceBasePath = 'src/main/webapp', contextLoader = 'org.springframework.boot.test.context.SpringBootContextLoader', parent = [null]], attributes = map['org.springframework.test.context.web.ServletTestExecutionListener.activateListener' -> true, 'org.springframework.test.context.web.ServletTestExecutionListener.populatedRequestContextHolder' -> true, 'org.springframework.test.context.web.ServletTestExecutionListener.resetRequestContextHolder' -> true, 'org.springframework.test.context.event.ApplicationEventsTestExecutionListener.recordApplicationEvents' -> false]]; transaction manager [org.springframework.orm.jpa.JpaTransactionManager@1bccd936]; rollback [true]
Hibernate: select userentity0_.user_id as user_id1_6_, userentity0_.address as address2_6_, userentity0_.admin as admin3_6_, userentity0_.id as id4_6_, userentity0_.password as password5_6_, userentity0_.phone_number as phone_nu6_6_, userentity0_.profile_images as profile_7_6_ from user_entity userentity0_ where userentity0_.id=?
Hibernate: select roles0_.user_entity_user_id as user_ent1_7_0_, roles0_.roles as roles2_7_0_ from user_entity_roles roles0_ where roles0_.user_entity_user_id=?
Hibernate: insert into post (date, description, recommendation, thumbnail, title, user_id, views, writer) values (?, ?, ?, ?, ?, ?, ?, ?)
Hibernate: select max(post0_.post_key) as col_0_0_ from post post0_
Hibernate: select max(post0_.post_key) as col_0_0_ from post post0_
Hibernate: select post0_.post_key as post_key1_3_0_, comment1_.comment_id as comment_1_0_1_, post0_.date as date2_3_0_, post0_.description as descript3_3_0_, post0_.recommendation as recommen4_3_0_, post0_.thumbnail as thumbnai5_3_0_, post0_.title as title6_3_0_, post0_.user_id as user_id9_3_0_, post0_.views as views7_3_0_, post0_.writer as writer8_3_0_, comment1_.content as content2_0_1_, comment1_.date as date3_0_1_, comment1_.post_id as post_id5_0_1_, comment1_.writer as writer4_0_1_, comment1_.post_id as post_id5_0_0__, comment1_.comment_id as comment_1_0_0__ from post post0_ left outer join comment comment1_ on post0_.post_key=comment1_.post_id where post0_.post_key=?
2022-12-20 15:07:30.812  INFO 13332 --- [    Test worker] o.s.t.c.transaction.TransactionContext   : Rolled back transaction for test: [DefaultTestContext@45bf1b4e testClass = PostTest, testInstance = com.team.todaycheck.main.PostTest@59250335, testMethod = addComment@PostTest, testException = [null], mergedContextConfiguration = [WebMergedContextConfiguration@109fa8e2 testClass = PostTest, locations = '{}', classes = '{class com.team.todaycheck.main.Library}', contextInitializerClasses = '[]', activeProfiles = '{}', propertySourceLocations = '{}', propertySourceProperties = '{org.springframework.boot.test.context.SpringBootTestContextBootstrapper=true}', contextCustomizers = set[org.springframework.boot.test.autoconfigure.actuate.metrics.MetricsExportContextCustomizerFactory$DisableMetricExportContextCustomizer@4ebea12c, org.springframework.boot.test.autoconfigure.properties.PropertyMappingContextCustomizer@4b3fa0b3, org.springframework.boot.test.autoconfigure.web.servlet.WebDriverContextCustomizerFactory$Customizer@5dbe30be, [ImportsContextCustomizer@743fc1ee key = [org.springframework.boot.test.autoconfigure.web.servlet.MockMvcAutoConfiguration, org.springframework.boot.test.autoconfigure.web.servlet.MockMvcWebClientAutoConfiguration, org.springframework.boot.test.autoconfigure.web.servlet.MockMvcWebDriverAutoConfiguration, org.springframework.boot.autoconfigure.security.oauth2.client.servlet.OAuth2ClientAutoConfiguration, org.springframework.boot.autoconfigure.security.oauth2.resource.servlet.OAuth2ResourceServerAutoConfiguration, org.springframework.boot.autoconfigure.security.servlet.SecurityAutoConfiguration, org.springframework.boot.autoconfigure.security.servlet.SecurityFilterAutoConfiguration, org.springframework.boot.autoconfigure.security.servlet.UserDetailsServiceAutoConfiguration, org.springframework.boot.test.autoconfigure.web.servlet.MockMvcSecurityConfiguration, org.springframework.boot.test.autoconfigure.web.reactive.WebTestClientAutoConfiguration]], org.springframework.boot.test.context.filter.ExcludeFilterContextCustomizer@3d08f3f5, org.springframework.boot.test.json.DuplicateJsonObjectContextCustomizerFactory$DuplicateJsonObjectContextCustomizer@165b8a71, org.springframework.boot.test.mock.mockito.MockitoContextCustomizer@0, org.springframework.boot.test.web.client.TestRestTemplateContextCustomizer@6ffab045, org.springframework.boot.test.context.SpringBootTestArgs@1, org.springframework.boot.test.context.SpringBootTestWebEnvironment@7e19ebf0], resourceBasePath = 'src/main/webapp', contextLoader = 'org.springframework.boot.test.context.SpringBootContextLoader', parent = [null]], attributes = map['org.springframework.test.context.web.ServletTestExecutionListener.activateListener' -> true, 'org.springframework.test.context.web.ServletTestExecutionListener.populatedRequestContextHolder' -> true, 'org.springframework.test.context.web.ServletTestExecutionListener.resetRequestContextHolder' -> true, 'org.springframework.test.context.event.ApplicationEventsTestExecutionListener.recordApplicationEvents' -> false]]
2022-12-20 15:07:30.815  INFO 13332 --- [    Test worker] o.s.t.c.transaction.TransactionContext   : Began transaction (1) for test context [DefaultTestContext@45bf1b4e testClass = PostTest, testInstance = com.team.todaycheck.main.PostTest@59250335, testMethod = removeCommitFromSameUser@PostTest, testException = [null], mergedContextConfiguration = [WebMergedContextConfiguration@109fa8e2 testClass = PostTest, locations = '{}', classes = '{class com.team.todaycheck.main.Library}', contextInitializerClasses = '[]', activeProfiles = '{}', propertySourceLocations = '{}', propertySourceProperties = '{org.springframework.boot.test.context.SpringBootTestContextBootstrapper=true}', contextCustomizers = set[org.springframework.boot.test.autoconfigure.actuate.metrics.MetricsExportContextCustomizerFactory$DisableMetricExportContextCustomizer@4ebea12c, org.springframework.boot.test.autoconfigure.properties.PropertyMappingContextCustomizer@4b3fa0b3, org.springframework.boot.test.autoconfigure.web.servlet.WebDriverContextCustomizerFactory$Customizer@5dbe30be, [ImportsContextCustomizer@743fc1ee key = [org.springframework.boot.test.autoconfigure.web.servlet.MockMvcAutoConfiguration, org.springframework.boot.test.autoconfigure.web.servlet.MockMvcWebClientAutoConfiguration, org.springframework.boot.test.autoconfigure.web.servlet.MockMvcWebDriverAutoConfiguration, org.springframework.boot.autoconfigure.security.oauth2.client.servlet.OAuth2ClientAutoConfiguration, org.springframework.boot.autoconfigure.security.oauth2.resource.servlet.OAuth2ResourceServerAutoConfiguration, org.springframework.boot.autoconfigure.security.servlet.SecurityAutoConfiguration, org.springframework.boot.autoconfigure.security.servlet.SecurityFilterAutoConfiguration, org.springframework.boot.autoconfigure.security.servlet.UserDetailsServiceAutoConfiguration, org.springframework.boot.test.autoconfigure.web.servlet.MockMvcSecurityConfiguration, org.springframework.boot.test.autoconfigure.web.reactive.WebTestClientAutoConfiguration]], org.springframework.boot.test.context.filter.ExcludeFilterContextCustomizer@3d08f3f5, org.springframework.boot.test.json.DuplicateJsonObjectContextCustomizerFactory$DuplicateJsonObjectContextCustomizer@165b8a71, org.springframework.boot.test.mock.mockito.MockitoContextCustomizer@0, org.springframework.boot.test.web.client.TestRestTemplateContextCustomizer@6ffab045, org.springframework.boot.test.context.SpringBootTestArgs@1, org.springframework.boot.test.context.SpringBootTestWebEnvironment@7e19ebf0], resourceBasePath = 'src/main/webapp', contextLoader = 'org.springframework.boot.test.context.SpringBootContextLoader', parent = [null]], attributes = map['org.springframework.test.context.web.ServletTestExecutionListener.activateListener' -> true, 'org.springframework.test.context.web.ServletTestExecutionListener.populatedRequestContextHolder' -> true, 'org.springframework.test.context.web.ServletTestExecutionListener.resetRequestContextHolder' -> true, 'org.springframework.test.context.event.ApplicationEventsTestExecutionListener.recordApplicationEvents' -> false]]; transaction manager [org.springframework.orm.jpa.JpaTransactionManager@1bccd936]; rollback [true]
Hibernate: select userentity0_.user_id as user_id1_6_, userentity0_.address as address2_6_, userentity0_.admin as admin3_6_, userentity0_.id as id4_6_, userentity0_.password as password5_6_, userentity0_.phone_number as phone_nu6_6_, userentity0_.profile_images as profile_7_6_ from user_entity userentity0_ where userentity0_.id=?
Hibernate: select roles0_.user_entity_user_id as user_ent1_7_0_, roles0_.roles as roles2_7_0_ from user_entity_roles roles0_ where roles0_.user_entity_user_id=?
Hibernate: insert into post (date, description, recommendation, thumbnail, title, user_id, views, writer) values (?, ?, ?, ?, ?, ?, ?, ?)
Hibernate: select max(post0_.post_key) as col_0_0_ from post post0_
Hibernate: select max(post0_.post_key) as col_0_0_ from post post0_
Hibernate: select post0_.post_key as post_key1_3_0_, comment1_.comment_id as comment_1_0_1_, post0_.date as date2_3_0_, post0_.description as descript3_3_0_, post0_.recommendation as recommen4_3_0_, post0_.thumbnail as thumbnai5_3_0_, post0_.title as title6_3_0_, post0_.user_id as user_id9_3_0_, post0_.views as views7_3_0_, post0_.writer as writer8_3_0_, comment1_.content as content2_0_1_, comment1_.date as date3_0_1_, comment1_.post_id as post_id5_0_1_, comment1_.writer as writer4_0_1_, comment1_.post_id as post_id5_0_0__, comment1_.comment_id as comment_1_0_0__ from post post0_ left outer join comment comment1_ on post0_.post_key=comment1_.post_id where post0_.post_key=?
Hibernate: select next_val as id_val from hibernate_sequence for update
Hibernate: update hibernate_sequence set next_val= ? where next_val=?
Hibernate: insert into comment (content, date, post_id, writer, comment_id) values (?, ?, ?, ?, ?)
Hibernate: select max(comment0_.comment_id) as col_0_0_ from comment comment0_
Hibernate: delete from comment where comment_id=? and writer=?
2022-12-20 15:07:30.858  INFO 13332 --- [    Test worker] o.s.t.c.transaction.TransactionContext   : Rolled back transaction for test: [DefaultTestContext@45bf1b4e testClass = PostTest, testInstance = com.team.todaycheck.main.PostTest@59250335, testMethod = removeCommitFromSameUser@PostTest, testException = [null], mergedContextConfiguration = [WebMergedContextConfiguration@109fa8e2 testClass = PostTest, locations = '{}', classes = '{class com.team.todaycheck.main.Library}', contextInitializerClasses = '[]', activeProfiles = '{}', propertySourceLocations = '{}', propertySourceProperties = '{org.springframework.boot.test.context.SpringBootTestContextBootstrapper=true}', contextCustomizers = set[org.springframework.boot.test.autoconfigure.actuate.metrics.MetricsExportContextCustomizerFactory$DisableMetricExportContextCustomizer@4ebea12c, org.springframework.boot.test.autoconfigure.properties.PropertyMappingContextCustomizer@4b3fa0b3, org.springframework.boot.test.autoconfigure.web.servlet.WebDriverContextCustomizerFactory$Customizer@5dbe30be, [ImportsContextCustomizer@743fc1ee key = [org.springframework.boot.test.autoconfigure.web.servlet.MockMvcAutoConfiguration, org.springframework.boot.test.autoconfigure.web.servlet.MockMvcWebClientAutoConfiguration, org.springframework.boot.test.autoconfigure.web.servlet.MockMvcWebDriverAutoConfiguration, org.springframework.boot.autoconfigure.security.oauth2.client.servlet.OAuth2ClientAutoConfiguration, org.springframework.boot.autoconfigure.security.oauth2.resource.servlet.OAuth2ResourceServerAutoConfiguration, org.springframework.boot.autoconfigure.security.servlet.SecurityAutoConfiguration, org.springframework.boot.autoconfigure.security.servlet.SecurityFilterAutoConfiguration, org.springframework.boot.autoconfigure.security.servlet.UserDetailsServiceAutoConfiguration, org.springframework.boot.test.autoconfigure.web.servlet.MockMvcSecurityConfiguration, org.springframework.boot.test.autoconfigure.web.reactive.WebTestClientAutoConfiguration]], org.springframework.boot.test.context.filter.ExcludeFilterContextCustomizer@3d08f3f5, org.springframework.boot.test.json.DuplicateJsonObjectContextCustomizerFactory$DuplicateJsonObjectContextCustomizer@165b8a71, org.springframework.boot.test.mock.mockito.MockitoContextCustomizer@0, org.springframework.boot.test.web.client.TestRestTemplateContextCustomizer@6ffab045, org.springframework.boot.test.context.SpringBootTestArgs@1, org.springframework.boot.test.context.SpringBootTestWebEnvironment@7e19ebf0], resourceBasePath = 'src/main/webapp', contextLoader = 'org.springframework.boot.test.context.SpringBootContextLoader', parent = [null]], attributes = map['org.springframework.test.context.web.ServletTestExecutionListener.activateListener' -> true, 'org.springframework.test.context.web.ServletTestExecutionListener.populatedRequestContextHolder' -> true, 'org.springframework.test.context.web.ServletTestExecutionListener.resetRequestContextHolder' -> true, 'org.springframework.test.context.event.ApplicationEventsTestExecutionListener.recordApplicationEvents' -> false]]
2022-12-20 15:07:30.861  INFO 13332 --- [    Test worker] o.s.t.c.transaction.TransactionContext   : Began transaction (1) for test context [DefaultTestContext@45bf1b4e testClass = PostTest, testInstance = com.team.todaycheck.main.PostTest@59250335, testMethod = removeCommitFromAnotherUser@PostTest, testException = [null], mergedContextConfiguration = [WebMergedContextConfiguration@109fa8e2 testClass = PostTest, locations = '{}', classes = '{class com.team.todaycheck.main.Library}', contextInitializerClasses = '[]', activeProfiles = '{}', propertySourceLocations = '{}', propertySourceProperties = '{org.springframework.boot.test.context.SpringBootTestContextBootstrapper=true}', contextCustomizers = set[org.springframework.boot.test.autoconfigure.actuate.metrics.MetricsExportContextCustomizerFactory$DisableMetricExportContextCustomizer@4ebea12c, org.springframework.boot.test.autoconfigure.properties.PropertyMappingContextCustomizer@4b3fa0b3, org.springframework.boot.test.autoconfigure.web.servlet.WebDriverContextCustomizerFactory$Customizer@5dbe30be, [ImportsContextCustomizer@743fc1ee key = [org.springframework.boot.test.autoconfigure.web.servlet.MockMvcAutoConfiguration, org.springframework.boot.test.autoconfigure.web.servlet.MockMvcWebClientAutoConfiguration, org.springframework.boot.test.autoconfigure.web.servlet.MockMvcWebDriverAutoConfiguration, org.springframework.boot.autoconfigure.security.oauth2.client.servlet.OAuth2ClientAutoConfiguration, org.springframework.boot.autoconfigure.security.oauth2.resource.servlet.OAuth2ResourceServerAutoConfiguration, org.springframework.boot.autoconfigure.security.servlet.SecurityAutoConfiguration, org.springframework.boot.autoconfigure.security.servlet.SecurityFilterAutoConfiguration, org.springframework.boot.autoconfigure.security.servlet.UserDetailsServiceAutoConfiguration, org.springframework.boot.test.autoconfigure.web.servlet.MockMvcSecurityConfiguration, org.springframework.boot.test.autoconfigure.web.reactive.WebTestClientAutoConfiguration]], org.springframework.boot.test.context.filter.ExcludeFilterContextCustomizer@3d08f3f5, org.springframework.boot.test.json.DuplicateJsonObjectContextCustomizerFactory$DuplicateJsonObjectContextCustomizer@165b8a71, org.springframework.boot.test.mock.mockito.MockitoContextCustomizer@0, org.springframework.boot.test.web.client.TestRestTemplateContextCustomizer@6ffab045, org.springframework.boot.test.context.SpringBootTestArgs@1, org.springframework.boot.test.context.SpringBootTestWebEnvironment@7e19ebf0], resourceBasePath = 'src/main/webapp', contextLoader = 'org.springframework.boot.test.context.SpringBootContextLoader', parent = [null]], attributes = map['org.springframework.test.context.web.ServletTestExecutionListener.activateListener' -> true, 'org.springframework.test.context.web.ServletTestExecutionListener.populatedRequestContextHolder' -> true, 'org.springframework.test.context.web.ServletTestExecutionListener.resetRequestContextHolder' -> true, 'org.springframework.test.context.event.ApplicationEventsTestExecutionListener.recordApplicationEvents' -> false]]; transaction manager [org.springframework.orm.jpa.JpaTransactionManager@1bccd936]; rollback [true]
Hibernate: select userentity0_.user_id as user_id1_6_, userentity0_.address as address2_6_, userentity0_.admin as admin3_6_, userentity0_.id as id4_6_, userentity0_.password as password5_6_, userentity0_.phone_number as phone_nu6_6_, userentity0_.profile_images as profile_7_6_ from user_entity userentity0_ where userentity0_.id=?
Hibernate: select roles0_.user_entity_user_id as user_ent1_7_0_, roles0_.roles as roles2_7_0_ from user_entity_roles roles0_ where roles0_.user_entity_user_id=?
Hibernate: insert into post (date, description, recommendation, thumbnail, title, user_id, views, writer) values (?, ?, ?, ?, ?, ?, ?, ?)
Hibernate: select max(post0_.post_key) as col_0_0_ from post post0_
Hibernate: select max(post0_.post_key) as col_0_0_ from post post0_
Hibernate: select post0_.post_key as post_key1_3_0_, comment1_.comment_id as comment_1_0_1_, post0_.date as date2_3_0_, post0_.description as descript3_3_0_, post0_.recommendation as recommen4_3_0_, post0_.thumbnail as thumbnai5_3_0_, post0_.title as title6_3_0_, post0_.user_id as user_id9_3_0_, post0_.views as views7_3_0_, post0_.writer as writer8_3_0_, comment1_.content as content2_0_1_, comment1_.date as date3_0_1_, comment1_.post_id as post_id5_0_1_, comment1_.writer as writer4_0_1_, comment1_.post_id as post_id5_0_0__, comment1_.comment_id as comment_1_0_0__ from post post0_ left outer join comment comment1_ on post0_.post_key=comment1_.post_id where post0_.post_key=?
Hibernate: select next_val as id_val from hibernate_sequence for update
Hibernate: update hibernate_sequence set next_val= ? where next_val=?
Hibernate: insert into comment (content, date, post_id, writer, comment_id) values (?, ?, ?, ?, ?)
Hibernate: select max(comment0_.comment_id) as col_0_0_ from comment comment0_
Hibernate: delete from comment where comment_id=? and writer=?
2022-12-20 15:07:30.891  INFO 13332 --- [    Test worker] o.s.t.c.transaction.TransactionContext   : Rolled back transaction for test: [DefaultTestContext@45bf1b4e testClass = PostTest, testInstance = com.team.todaycheck.main.PostTest@59250335, testMethod = removeCommitFromAnotherUser@PostTest, testException = [null], mergedContextConfiguration = [WebMergedContextConfiguration@109fa8e2 testClass = PostTest, locations = '{}', classes = '{class com.team.todaycheck.main.Library}', contextInitializerClasses = '[]', activeProfiles = '{}', propertySourceLocations = '{}', propertySourceProperties = '{org.springframework.boot.test.context.SpringBootTestContextBootstrapper=true}', contextCustomizers = set[org.springframework.boot.test.autoconfigure.actuate.metrics.MetricsExportContextCustomizerFactory$DisableMetricExportContextCustomizer@4ebea12c, org.springframework.boot.test.autoconfigure.properties.PropertyMappingContextCustomizer@4b3fa0b3, org.springframework.boot.test.autoconfigure.web.servlet.WebDriverContextCustomizerFactory$Customizer@5dbe30be, [ImportsContextCustomizer@743fc1ee key = [org.springframework.boot.test.autoconfigure.web.servlet.MockMvcAutoConfiguration, org.springframework.boot.test.autoconfigure.web.servlet.MockMvcWebClientAutoConfiguration, org.springframework.boot.test.autoconfigure.web.servlet.MockMvcWebDriverAutoConfiguration, org.springframework.boot.autoconfigure.security.oauth2.client.servlet.OAuth2ClientAutoConfiguration, org.springframework.boot.autoconfigure.security.oauth2.resource.servlet.OAuth2ResourceServerAutoConfiguration, org.springframework.boot.autoconfigure.security.servlet.SecurityAutoConfiguration, org.springframework.boot.autoconfigure.security.servlet.SecurityFilterAutoConfiguration, org.springframework.boot.autoconfigure.security.servlet.UserDetailsServiceAutoConfiguration, org.springframework.boot.test.autoconfigure.web.servlet.MockMvcSecurityConfiguration, org.springframework.boot.test.autoconfigure.web.reactive.WebTestClientAutoConfiguration]], org.springframework.boot.test.context.filter.ExcludeFilterContextCustomizer@3d08f3f5, org.springframework.boot.test.json.DuplicateJsonObjectContextCustomizerFactory$DuplicateJsonObjectContextCustomizer@165b8a71, org.springframework.boot.test.mock.mockito.MockitoContextCustomizer@0, org.springframework.boot.test.web.client.TestRestTemplateContextCustomizer@6ffab045, org.springframework.boot.test.context.SpringBootTestArgs@1, org.springframework.boot.test.context.SpringBootTestWebEnvironment@7e19ebf0], resourceBasePath = 'src/main/webapp', contextLoader = 'org.springframework.boot.test.context.SpringBootContextLoader', parent = [null]], attributes = map['org.springframework.test.context.web.ServletTestExecutionListener.activateListener' -> true, 'org.springframework.test.context.web.ServletTestExecutionListener.populatedRequestContextHolder' -> true, 'org.springframework.test.context.web.ServletTestExecutionListener.resetRequestContextHolder' -> true, 'org.springframework.test.context.event.ApplicationEventsTestExecutionListener.recordApplicationEvents' -> false]]
2022-12-20 15:07:30.893  INFO 13332 --- [    Test worker] o.s.t.c.transaction.TransactionContext   : Began transaction (1) for test context [DefaultTestContext@45bf1b4e testClass = PostTest, testInstance = com.team.todaycheck.main.PostTest@59250335, testMethod = notexistHeaderException@PostTest, testException = [null], mergedContextConfiguration = [WebMergedContextConfiguration@109fa8e2 testClass = PostTest, locations = '{}', classes = '{class com.team.todaycheck.main.Library}', contextInitializerClasses = '[]', activeProfiles = '{}', propertySourceLocations = '{}', propertySourceProperties = '{org.springframework.boot.test.context.SpringBootTestContextBootstrapper=true}', contextCustomizers = set[org.springframework.boot.test.autoconfigure.actuate.metrics.MetricsExportContextCustomizerFactory$DisableMetricExportContextCustomizer@4ebea12c, org.springframework.boot.test.autoconfigure.properties.PropertyMappingContextCustomizer@4b3fa0b3, org.springframework.boot.test.autoconfigure.web.servlet.WebDriverContextCustomizerFactory$Customizer@5dbe30be, [ImportsContextCustomizer@743fc1ee key = [org.springframework.boot.test.autoconfigure.web.servlet.MockMvcAutoConfiguration, org.springframework.boot.test.autoconfigure.web.servlet.MockMvcWebClientAutoConfiguration, org.springframework.boot.test.autoconfigure.web.servlet.MockMvcWebDriverAutoConfiguration, org.springframework.boot.autoconfigure.security.oauth2.client.servlet.OAuth2ClientAutoConfiguration, org.springframework.boot.autoconfigure.security.oauth2.resource.servlet.OAuth2ResourceServerAutoConfiguration, org.springframework.boot.autoconfigure.security.servlet.SecurityAutoConfiguration, org.springframework.boot.autoconfigure.security.servlet.SecurityFilterAutoConfiguration, org.springframework.boot.autoconfigure.security.servlet.UserDetailsServiceAutoConfiguration, org.springframework.boot.test.autoconfigure.web.servlet.MockMvcSecurityConfiguration, org.springframework.boot.test.autoconfigure.web.reactive.WebTestClientAutoConfiguration]], org.springframework.boot.test.context.filter.ExcludeFilterContextCustomizer@3d08f3f5, org.springframework.boot.test.json.DuplicateJsonObjectContextCustomizerFactory$DuplicateJsonObjectContextCustomizer@165b8a71, org.springframework.boot.test.mock.mockito.MockitoContextCustomizer@0, org.springframework.boot.test.web.client.TestRestTemplateContextCustomizer@6ffab045, org.springframework.boot.test.context.SpringBootTestArgs@1, org.springframework.boot.test.context.SpringBootTestWebEnvironment@7e19ebf0], resourceBasePath = 'src/main/webapp', contextLoader = 'org.springframework.boot.test.context.SpringBootContextLoader', parent = [null]], attributes = map['org.springframework.test.context.web.ServletTestExecutionListener.activateListener' -> true, 'org.springframework.test.context.web.ServletTestExecutionListener.populatedRequestContextHolder' -> true, 'org.springframework.test.context.web.ServletTestExecutionListener.resetRequestContextHolder' -> true, 'org.springframework.test.context.event.ApplicationEventsTestExecutionListener.recordApplicationEvents' -> false]]; transaction manager [org.springframework.orm.jpa.JpaTransactionManager@1bccd936]; rollback [true]
2022-12-20 15:07:30.939  INFO 13332 --- [    Test worker] o.s.t.c.transaction.TransactionContext   : Rolled back transaction for test: [DefaultTestContext@45bf1b4e testClass = PostTest, testInstance = com.team.todaycheck.main.PostTest@59250335, testMethod = notexistHeaderException@PostTest, testException = [null], mergedContextConfiguration = [WebMergedContextConfiguration@109fa8e2 testClass = PostTest, locations = '{}', classes = '{class com.team.todaycheck.main.Library}', contextInitializerClasses = '[]', activeProfiles = '{}', propertySourceLocations = '{}', propertySourceProperties = '{org.springframework.boot.test.context.SpringBootTestContextBootstrapper=true}', contextCustomizers = set[org.springframework.boot.test.autoconfigure.actuate.metrics.MetricsExportContextCustomizerFactory$DisableMetricExportContextCustomizer@4ebea12c, org.springframework.boot.test.autoconfigure.properties.PropertyMappingContextCustomizer@4b3fa0b3, org.springframework.boot.test.autoconfigure.web.servlet.WebDriverContextCustomizerFactory$Customizer@5dbe30be, [ImportsContextCustomizer@743fc1ee key = [org.springframework.boot.test.autoconfigure.web.servlet.MockMvcAutoConfiguration, org.springframework.boot.test.autoconfigure.web.servlet.MockMvcWebClientAutoConfiguration, org.springframework.boot.test.autoconfigure.web.servlet.MockMvcWebDriverAutoConfiguration, org.springframework.boot.autoconfigure.security.oauth2.client.servlet.OAuth2ClientAutoConfiguration, org.springframework.boot.autoconfigure.security.oauth2.resource.servlet.OAuth2ResourceServerAutoConfiguration, org.springframework.boot.autoconfigure.security.servlet.SecurityAutoConfiguration, org.springframework.boot.autoconfigure.security.servlet.SecurityFilterAutoConfiguration, org.springframework.boot.autoconfigure.security.servlet.UserDetailsServiceAutoConfiguration, org.springframework.boot.test.autoconfigure.web.servlet.MockMvcSecurityConfiguration, org.springframework.boot.test.autoconfigure.web.reactive.WebTestClientAutoConfiguration]], org.springframework.boot.test.context.filter.ExcludeFilterContextCustomizer@3d08f3f5, org.springframework.boot.test.json.DuplicateJsonObjectContextCustomizerFactory$DuplicateJsonObjectContextCustomizer@165b8a71, org.springframework.boot.test.mock.mockito.MockitoContextCustomizer@0, org.springframework.boot.test.web.client.TestRestTemplateContextCustomizer@6ffab045, org.springframework.boot.test.context.SpringBootTestArgs@1, org.springframework.boot.test.context.SpringBootTestWebEnvironment@7e19ebf0], resourceBasePath = 'src/main/webapp', contextLoader = 'org.springframework.boot.test.context.SpringBootContextLoader', parent = [null]], attributes = map['org.springframework.test.context.web.ServletTestExecutionListener.activateListener' -> true, 'org.springframework.test.context.web.ServletTestExecutionListener.populatedRequestContextHolder' -> true, 'org.springframework.test.context.web.ServletTestExecutionListener.resetRequestContextHolder' -> true, 'org.springframework.test.context.event.ApplicationEventsTestExecutionListener.recordApplicationEvents' -> false]]
]]></system-out>
  <system-err><![CDATA[]]></system-err>
</testsuite>
