<?xml version="1.0" encoding="UTF-8"?>
<testsuite name="com.team.todaycheck.main.PostTest" tests="10" skipped="0" failures="0" errors="0" timestamp="2022-12-20T10:00:50" hostname="DESKTOP-OFA3CC5" time="0.585">
  <properties/>
  <testcase name="새 Post 등록" classname="com.team.todaycheck.main.PostTest" time="0.345"/>
  <testcase name="Post 리스트 가져오기" classname="com.team.todaycheck.main.PostTest" time="0.018"/>
  <testcase name="특정 포스트 가져오기" classname="com.team.todaycheck.main.PostTest" time="0.036"/>
  <testcase name="동일 작성자가 Post 수정" classname="com.team.todaycheck.main.PostTest" time="0.02"/>
  <testcase name="다른 작성자가 Post 수정 거부" classname="com.team.todaycheck.main.PostTest" time="0.021"/>
  <testcase name="Post 삭제" classname="com.team.todaycheck.main.PostTest" time="0.024"/>
  <testcase name="Comment 등록" classname="com.team.todaycheck.main.PostTest" time="0.02"/>
  <testcase name="동일 사용자가 Comment 삭제" classname="com.team.todaycheck.main.PostTest" time="0.034"/>
  <testcase name="등록자가 아닌 다른 사용자가 Comment 삭제" classname="com.team.todaycheck.main.PostTest" time="0.026"/>
  <testcase name="인증이 필요한 요청에 존재하지 않는 헤더 예외 발생" classname="com.team.todaycheck.main.PostTest" time="0.036"/>
  <system-out><![CDATA[19:00:39.791 [Test worker] DEBUG org.springframework.test.context.BootstrapUtils - Instantiating CacheAwareContextLoaderDelegate from class [org.springframework.test.context.cache.DefaultCacheAwareContextLoaderDelegate]
19:00:39.808 [Test worker] DEBUG org.springframework.test.context.BootstrapUtils - Instantiating BootstrapContext using constructor [public org.springframework.test.context.support.DefaultBootstrapContext(java.lang.Class,org.springframework.test.context.CacheAwareContextLoaderDelegate)]
19:00:39.834 [Test worker] DEBUG org.springframework.test.context.BootstrapUtils - Instantiating TestContextBootstrapper for test class [com.team.todaycheck.main.PostTest] from class [org.springframework.boot.test.context.SpringBootTestContextBootstrapper]
19:00:39.847 [Test worker] INFO org.springframework.boot.test.context.SpringBootTestContextBootstrapper - Neither @ContextConfiguration nor @ContextHierarchy found for test class [com.team.todaycheck.main.PostTest], using SpringBootContextLoader
19:00:39.852 [Test worker] DEBUG org.springframework.test.context.support.AbstractContextLoader - Did not detect default resource location for test class [com.team.todaycheck.main.PostTest]: class path resource [com/team/todaycheck/main/PostTest-context.xml] does not exist
19:00:39.852 [Test worker] DEBUG org.springframework.test.context.support.AbstractContextLoader - Did not detect default resource location for test class [com.team.todaycheck.main.PostTest]: class path resource [com/team/todaycheck/main/PostTestContext.groovy] does not exist
19:00:39.852 [Test worker] INFO org.springframework.test.context.support.AbstractContextLoader - Could not detect default resource locations for test class [com.team.todaycheck.main.PostTest]: no resource found for suffixes {-context.xml, Context.groovy}.
19:00:39.853 [Test worker] INFO org.springframework.test.context.support.AnnotationConfigContextLoaderUtils - Could not detect default configuration classes for test class [com.team.todaycheck.main.PostTest]: PostTest does not declare any static, non-private, non-final, nested classes annotated with @Configuration.
19:00:39.938 [Test worker] DEBUG org.springframework.test.context.support.ActiveProfilesUtils - Could not find an 'annotation declaring class' for annotation type [org.springframework.test.context.ActiveProfiles] and class [com.team.todaycheck.main.PostTest]
19:00:40.032 [Test worker] DEBUG org.springframework.context.annotation.ClassPathScanningCandidateComponentProvider - Identified candidate component class: file [C:\Users\tjseo\OneDrive\바탕 화면\projects\today-check\todayCheck\lib\build\classes\java\main\com\team\todaycheck\main\Library.class]
19:00:40.040 [Test worker] INFO org.springframework.boot.test.context.SpringBootTestContextBootstrapper - Found @SpringBootConfiguration com.team.todaycheck.main.Library for test class com.team.todaycheck.main.PostTest
19:00:40.157 [Test worker] DEBUG org.springframework.boot.test.context.SpringBootTestContextBootstrapper - @TestExecutionListeners is not present for class [com.team.todaycheck.main.PostTest]: using defaults.
19:00:40.158 [Test worker] INFO org.springframework.boot.test.context.SpringBootTestContextBootstrapper - Loaded default TestExecutionListener class names from location [META-INF/spring.factories]: [org.springframework.security.test.context.support.WithSecurityContextTestExecutionListener, org.springframework.security.test.context.support.ReactorContextTestExecutionListener, org.springframework.boot.test.autoconfigure.restdocs.RestDocsTestExecutionListener, org.springframework.boot.test.autoconfigure.web.client.MockRestServiceServerResetTestExecutionListener, org.springframework.boot.test.autoconfigure.web.servlet.MockMvcPrintOnlyOnFailureTestExecutionListener, org.springframework.boot.test.autoconfigure.web.servlet.WebDriverTestExecutionListener, org.springframework.boot.test.autoconfigure.webservices.client.MockWebServiceServerTestExecutionListener, org.springframework.boot.test.mock.mockito.MockitoTestExecutionListener, org.springframework.boot.test.mock.mockito.ResetMocksTestExecutionListener, org.springframework.test.context.web.ServletTestExecutionListener, org.springframework.test.context.support.DirtiesContextBeforeModesTestExecutionListener, org.springframework.test.context.event.ApplicationEventsTestExecutionListener, org.springframework.test.context.support.DependencyInjectionTestExecutionListener, org.springframework.test.context.support.DirtiesContextTestExecutionListener, org.springframework.test.context.transaction.TransactionalTestExecutionListener, org.springframework.test.context.jdbc.SqlScriptsTestExecutionListener, org.springframework.test.context.event.EventPublishingTestExecutionListener]
19:00:40.176 [Test worker] INFO org.springframework.boot.test.context.SpringBootTestContextBootstrapper - Using TestExecutionListeners: [org.springframework.test.context.web.ServletTestExecutionListener@62315f22, org.springframework.test.context.support.DirtiesContextBeforeModesTestExecutionListener@6e4ea0bd, org.springframework.test.context.event.ApplicationEventsTestExecutionListener@56f2bbea, org.springframework.boot.test.mock.mockito.MockitoTestExecutionListener@78f9ed3e, org.springframework.boot.test.autoconfigure.SpringBootDependencyInjectionTestExecutionListener@1059754c, org.springframework.test.context.support.DirtiesContextTestExecutionListener@b0964b2, org.springframework.test.context.transaction.TransactionalTestExecutionListener@48e7b3d2, org.springframework.test.context.jdbc.SqlScriptsTestExecutionListener@7f4037ed, org.springframework.security.test.context.support.WithSecurityContextTestExecutionListener@24e8de5c, org.springframework.test.context.event.EventPublishingTestExecutionListener@64040287, org.springframework.security.test.context.support.ReactorContextTestExecutionListener@110844f6, org.springframework.boot.test.autoconfigure.restdocs.RestDocsTestExecutionListener@6f89f665, org.springframework.boot.test.autoconfigure.web.client.MockRestServiceServerResetTestExecutionListener@df1cff6, org.springframework.boot.test.autoconfigure.web.servlet.MockMvcPrintOnlyOnFailureTestExecutionListener@4925f4f5, org.springframework.boot.test.autoconfigure.web.servlet.WebDriverTestExecutionListener@1ad926d3, org.springframework.boot.test.autoconfigure.webservices.client.MockWebServiceServerTestExecutionListener@3a43d133, org.springframework.boot.test.mock.mockito.ResetMocksTestExecutionListener@39ce27f2]

  .   ____          _            __ _ _
 /\\ / ___'_ __ _ _(_)_ __  __ _ \ \ \ \
( ( )\___ | '_ | '_| | '_ \/ _` | \ \ \ \
 \\/  ___)| |_)| | | | | || (_| |  ) ) ) )
  '  |____| .__|_| |_|_| |_\__, | / / / /
 =========|_|==============|___/=/_/_/_/
 :: Spring Boot ::                (v2.7.4)

2022-12-20 19:00:40.525  INFO 7464 --- [    Test worker] com.team.todaycheck.main.PostTest        : Starting PostTest using Java 17.0.1 on DESKTOP-OFA3CC5 with PID 7464 (started by tjseo in C:\Users\tjseo\OneDrive\바탕 화면\projects\today-check\todayCheck\lib)
2022-12-20 19:00:40.527  INFO 7464 --- [    Test worker] com.team.todaycheck.main.PostTest        : No active profile set, falling back to 1 default profile: "default"
2022-12-20 19:00:40.549 DEBUG 7464 --- [    Test worker] o.s.w.c.s.GenericWebApplicationContext   : Refreshing org.springframework.web.context.support.GenericWebApplicationContext@7ce7e83c
2022-12-20 19:00:41.457  INFO 7464 --- [    Test worker] .s.d.r.c.RepositoryConfigurationDelegate : Bootstrapping Spring Data JPA repositories in DEFAULT mode.
2022-12-20 19:00:41.583  INFO 7464 --- [    Test worker] .s.d.r.c.RepositoryConfigurationDelegate : Finished Spring Data repository scanning in 112 ms. Found 7 JPA repository interfaces.
2022-12-20 19:00:42.332  INFO 7464 --- [    Test worker] trationDelegate$BeanPostProcessorChecker : Bean 'org.springframework.ws.config.annotation.DelegatingWsConfiguration' of type [org.springframework.ws.config.annotation.DelegatingWsConfiguration$$EnhancerBySpringCGLIB$$f51fa885] is not eligible for getting processed by all BeanPostProcessors (for example: not eligible for auto-proxying)
2022-12-20 19:00:42.383  INFO 7464 --- [    Test worker] .w.s.a.s.AnnotationActionEndpointMapping : Supporting [WS-Addressing August 2004, WS-Addressing 1.0]
2022-12-20 19:00:42.799  INFO 7464 --- [    Test worker] o.hibernate.jpa.internal.util.LogHelper  : HHH000204: Processing PersistenceUnitInfo [name: default]
2022-12-20 19:00:42.909  INFO 7464 --- [    Test worker] org.hibernate.Version                    : HHH000412: Hibernate ORM core version 5.6.11.Final
2022-12-20 19:00:43.144  INFO 7464 --- [    Test worker] o.hibernate.annotations.common.Version   : HCANN000001: Hibernate Commons Annotations {5.1.2.Final}
2022-12-20 19:00:43.361  INFO 7464 --- [    Test worker] com.zaxxer.hikari.HikariDataSource       : HikariPool-1 - Starting...
2022-12-20 19:00:43.553  INFO 7464 --- [    Test worker] com.zaxxer.hikari.HikariDataSource       : HikariPool-1 - Start completed.
2022-12-20 19:00:43.569  INFO 7464 --- [    Test worker] org.hibernate.dialect.Dialect            : HHH000400: Using dialect: org.hibernate.dialect.MySQL5InnoDBDialect
2022-12-20 19:00:44.903  INFO 7464 --- [    Test worker] o.h.e.t.j.p.i.JtaPlatformInitiator       : HHH000490: Using JtaPlatform implementation: [org.hibernate.engine.transaction.jta.platform.internal.NoJtaPlatform]
2022-12-20 19:00:44.915  INFO 7464 --- [    Test worker] j.LocalContainerEntityManagerFactoryBean : Initialized JPA EntityManagerFactory for persistence unit 'default'
2022-12-20 19:00:47.078  WARN 7464 --- [    Test worker] JpaBaseConfiguration$JpaWebConfiguration : spring.jpa.open-in-view is enabled by default. Therefore, database queries may be performed during view rendering. Explicitly configure spring.jpa.open-in-view to disable this warning
2022-12-20 19:00:47.572 DEBUG 7464 --- [    Test worker] s.w.s.m.m.a.RequestMappingHandlerMapping : 34 mappings in 'requestMappingHandlerMapping'
2022-12-20 19:00:48.272  INFO 7464 --- [    Test worker] o.s.s.web.DefaultSecurityFilterChain     : Will secure any request with [org.springframework.security.web.session.DisableEncodeUrlFilter@2330c5c5, org.springframework.security.web.context.request.async.WebAsyncManagerIntegrationFilter@2e587292, org.springframework.security.web.context.SecurityContextPersistenceFilter@6f647464, org.springframework.security.web.header.HeaderWriterFilter@4ee9daf5, org.springframework.security.web.authentication.logout.LogoutFilter@93fb20b, org.springframework.security.oauth2.client.web.OAuth2AuthorizationRequestRedirectFilter@1b6441c9, org.springframework.security.oauth2.client.web.OAuth2LoginAuthenticationFilter@6419726f, com.team.todaycheck.main.security.JwtAuthenticationFilter@36c763cd, org.springframework.security.web.savedrequest.RequestCacheAwareFilter@4be171d1, org.springframework.security.web.servletapi.SecurityContextHolderAwareRequestFilter@76afb9d, org.springframework.security.web.authentication.AnonymousAuthenticationFilter@97842a0, org.springframework.security.web.session.SessionManagementFilter@156b31d, org.springframework.security.web.access.ExceptionTranslationFilter@d35d84a, org.springframework.security.web.access.intercept.FilterSecurityInterceptor@28357fc3]
2022-12-20 19:00:49.046 DEBUG 7464 --- [    Test worker] s.w.s.m.m.a.RequestMappingHandlerAdapter : ControllerAdvice beans: 0 @ModelAttribute, 0 @InitBinder, 1 RequestBodyAdvice, 1 ResponseBodyAdvice
2022-12-20 19:00:49.215 DEBUG 7464 --- [    Test worker] o.s.w.s.handler.SimpleUrlHandlerMapping  : Patterns [/swagger-ui/] in 'viewControllerHandlerMapping'
2022-12-20 19:00:49.288 DEBUG 7464 --- [    Test worker] o.s.w.s.handler.SimpleUrlHandlerMapping  : Patterns [/webjars/**, /**, /swagger-ui/**] in 'resourceHandlerMapping'
2022-12-20 19:00:49.333 DEBUG 7464 --- [    Test worker] .m.m.a.ExceptionHandlerExceptionResolver : ControllerAdvice beans: 1 @ExceptionHandler, 1 ResponseBodyAdvice
2022-12-20 19:00:49.861  INFO 7464 --- [    Test worker] o.s.b.t.m.w.SpringBootMockServletContext : Initializing Spring TestDispatcherServlet ''
2022-12-20 19:00:49.862  INFO 7464 --- [    Test worker] o.s.t.web.servlet.TestDispatcherServlet  : Initializing Servlet ''
2022-12-20 19:00:49.863  INFO 7464 --- [    Test worker] o.s.t.web.servlet.TestDispatcherServlet  : Completed initialization in 1 ms
2022-12-20 19:00:50.475  INFO 7464 --- [    Test worker] com.team.todaycheck.main.PostTest        : Started PostTest in 10.27 seconds (JVM running for 11.695)
Hibernate: select userentity0_.user_id as user_id1_7_, userentity0_.address as address2_7_, userentity0_.admin as admin3_7_, userentity0_.id as id4_7_, userentity0_.password as password5_7_, userentity0_.phone_number as phone_nu6_7_, userentity0_.profile_images as profile_7_7_ from user_entity userentity0_ where userentity0_.id=?
Hibernate: select next_val as id_val from hibernate_sequence for update
Hibernate: update hibernate_sequence set next_val= ? where next_val=?
Hibernate: insert into user_entity (address, admin, id, password, phone_number, profile_images, user_id) values (?, ?, ?, ?, ?, ?, ?)
Hibernate: insert into user_entity_roles (user_entity_user_id, roles) values (?, ?)
2022-12-20 19:00:50.721  INFO 7464 --- [    Test worker] o.s.t.c.transaction.TransactionContext   : Began transaction (1) for test context [DefaultTestContext@b997735 testClass = PostTest, testInstance = com.team.todaycheck.main.PostTest@178826db, testMethod = addNewPost@PostTest, testException = [null], mergedContextConfiguration = [WebMergedContextConfiguration@7f913c47 testClass = PostTest, locations = '{}', classes = '{class com.team.todaycheck.main.Library}', contextInitializerClasses = '[]', activeProfiles = '{}', propertySourceLocations = '{}', propertySourceProperties = '{org.springframework.boot.test.context.SpringBootTestContextBootstrapper=true}', contextCustomizers = set[org.springframework.boot.test.autoconfigure.actuate.metrics.MetricsExportContextCustomizerFactory$DisableMetricExportContextCustomizer@3c0fae6c, org.springframework.boot.test.autoconfigure.properties.PropertyMappingContextCustomizer@4b3fa0b3, org.springframework.boot.test.autoconfigure.web.servlet.WebDriverContextCustomizerFactory$Customizer@756cf158, [ImportsContextCustomizer@2c9573f1 key = [org.springframework.boot.test.autoconfigure.web.servlet.MockMvcAutoConfiguration, org.springframework.boot.test.autoconfigure.web.servlet.MockMvcWebClientAutoConfiguration, org.springframework.boot.test.autoconfigure.web.servlet.MockMvcWebDriverAutoConfiguration, org.springframework.boot.autoconfigure.security.oauth2.client.servlet.OAuth2ClientAutoConfiguration, org.springframework.boot.autoconfigure.security.oauth2.resource.servlet.OAuth2ResourceServerAutoConfiguration, org.springframework.boot.autoconfigure.security.servlet.SecurityAutoConfiguration, org.springframework.boot.autoconfigure.security.servlet.SecurityFilterAutoConfiguration, org.springframework.boot.autoconfigure.security.servlet.UserDetailsServiceAutoConfiguration, org.springframework.boot.test.autoconfigure.web.servlet.MockMvcSecurityConfiguration, org.springframework.boot.test.autoconfigure.web.reactive.WebTestClientAutoConfiguration]], org.springframework.boot.test.context.filter.ExcludeFilterContextCustomizer@46e8a539, org.springframework.boot.test.json.DuplicateJsonObjectContextCustomizerFactory$DuplicateJsonObjectContextCustomizer@66629f63, org.springframework.boot.test.mock.mockito.MockitoContextCustomizer@0, org.springframework.boot.test.web.client.TestRestTemplateContextCustomizer@32cb636e, org.springframework.boot.test.context.SpringBootTestArgs@1, org.springframework.boot.test.context.SpringBootTestWebEnvironment@53251a66], resourceBasePath = 'src/main/webapp', contextLoader = 'org.springframework.boot.test.context.SpringBootContextLoader', parent = [null]], attributes = map['org.springframework.test.context.web.ServletTestExecutionListener.activateListener' -> true, 'org.springframework.test.context.web.ServletTestExecutionListener.populatedRequestContextHolder' -> true, 'org.springframework.test.context.web.ServletTestExecutionListener.resetRequestContextHolder' -> true, 'org.springframework.test.context.event.ApplicationEventsTestExecutionListener.recordApplicationEvents' -> false]]; transaction manager [org.springframework.orm.jpa.JpaTransactionManager@76737130]; rollback [true]
Hibernate: select userentity0_.user_id as user_id1_7_, userentity0_.address as address2_7_, userentity0_.admin as admin3_7_, userentity0_.id as id4_7_, userentity0_.password as password5_7_, userentity0_.phone_number as phone_nu6_7_, userentity0_.profile_images as profile_7_7_ from user_entity userentity0_ where userentity0_.id=?
Hibernate: select roles0_.user_entity_user_id as user_ent1_8_0_, roles0_.roles as roles2_8_0_ from user_entity_roles roles0_ where roles0_.user_entity_user_id=?
Hibernate: insert into post (date, description, recommendation, thumbnail, title, user_id, views, writer) values (?, ?, ?, ?, ?, ?, ?, ?)
Hibernate: select max(post0_.post_key) as col_0_0_ from post post0_
2022-12-20 19:00:51.051  INFO 7464 --- [    Test worker] o.s.t.c.transaction.TransactionContext   : Rolled back transaction for test: [DefaultTestContext@b997735 testClass = PostTest, testInstance = com.team.todaycheck.main.PostTest@178826db, testMethod = addNewPost@PostTest, testException = [null], mergedContextConfiguration = [WebMergedContextConfiguration@7f913c47 testClass = PostTest, locations = '{}', classes = '{class com.team.todaycheck.main.Library}', contextInitializerClasses = '[]', activeProfiles = '{}', propertySourceLocations = '{}', propertySourceProperties = '{org.springframework.boot.test.context.SpringBootTestContextBootstrapper=true}', contextCustomizers = set[org.springframework.boot.test.autoconfigure.actuate.metrics.MetricsExportContextCustomizerFactory$DisableMetricExportContextCustomizer@3c0fae6c, org.springframework.boot.test.autoconfigure.properties.PropertyMappingContextCustomizer@4b3fa0b3, org.springframework.boot.test.autoconfigure.web.servlet.WebDriverContextCustomizerFactory$Customizer@756cf158, [ImportsContextCustomizer@2c9573f1 key = [org.springframework.boot.test.autoconfigure.web.servlet.MockMvcAutoConfiguration, org.springframework.boot.test.autoconfigure.web.servlet.MockMvcWebClientAutoConfiguration, org.springframework.boot.test.autoconfigure.web.servlet.MockMvcWebDriverAutoConfiguration, org.springframework.boot.autoconfigure.security.oauth2.client.servlet.OAuth2ClientAutoConfiguration, org.springframework.boot.autoconfigure.security.oauth2.resource.servlet.OAuth2ResourceServerAutoConfiguration, org.springframework.boot.autoconfigure.security.servlet.SecurityAutoConfiguration, org.springframework.boot.autoconfigure.security.servlet.SecurityFilterAutoConfiguration, org.springframework.boot.autoconfigure.security.servlet.UserDetailsServiceAutoConfiguration, org.springframework.boot.test.autoconfigure.web.servlet.MockMvcSecurityConfiguration, org.springframework.boot.test.autoconfigure.web.reactive.WebTestClientAutoConfiguration]], org.springframework.boot.test.context.filter.ExcludeFilterContextCustomizer@46e8a539, org.springframework.boot.test.json.DuplicateJsonObjectContextCustomizerFactory$DuplicateJsonObjectContextCustomizer@66629f63, org.springframework.boot.test.mock.mockito.MockitoContextCustomizer@0, org.springframework.boot.test.web.client.TestRestTemplateContextCustomizer@32cb636e, org.springframework.boot.test.context.SpringBootTestArgs@1, org.springframework.boot.test.context.SpringBootTestWebEnvironment@53251a66], resourceBasePath = 'src/main/webapp', contextLoader = 'org.springframework.boot.test.context.SpringBootContextLoader', parent = [null]], attributes = map['org.springframework.test.context.web.ServletTestExecutionListener.activateListener' -> true, 'org.springframework.test.context.web.ServletTestExecutionListener.populatedRequestContextHolder' -> true, 'org.springframework.test.context.web.ServletTestExecutionListener.resetRequestContextHolder' -> true, 'org.springframework.test.context.event.ApplicationEventsTestExecutionListener.recordApplicationEvents' -> false]]
2022-12-20 19:00:51.060  INFO 7464 --- [    Test worker] o.s.t.c.transaction.TransactionContext   : Began transaction (1) for test context [DefaultTestContext@b997735 testClass = PostTest, testInstance = com.team.todaycheck.main.PostTest@178826db, testMethod = getAllPost@PostTest, testException = [null], mergedContextConfiguration = [WebMergedContextConfiguration@7f913c47 testClass = PostTest, locations = '{}', classes = '{class com.team.todaycheck.main.Library}', contextInitializerClasses = '[]', activeProfiles = '{}', propertySourceLocations = '{}', propertySourceProperties = '{org.springframework.boot.test.context.SpringBootTestContextBootstrapper=true}', contextCustomizers = set[org.springframework.boot.test.autoconfigure.actuate.metrics.MetricsExportContextCustomizerFactory$DisableMetricExportContextCustomizer@3c0fae6c, org.springframework.boot.test.autoconfigure.properties.PropertyMappingContextCustomizer@4b3fa0b3, org.springframework.boot.test.autoconfigure.web.servlet.WebDriverContextCustomizerFactory$Customizer@756cf158, [ImportsContextCustomizer@2c9573f1 key = [org.springframework.boot.test.autoconfigure.web.servlet.MockMvcAutoConfiguration, org.springframework.boot.test.autoconfigure.web.servlet.MockMvcWebClientAutoConfiguration, org.springframework.boot.test.autoconfigure.web.servlet.MockMvcWebDriverAutoConfiguration, org.springframework.boot.autoconfigure.security.oauth2.client.servlet.OAuth2ClientAutoConfiguration, org.springframework.boot.autoconfigure.security.oauth2.resource.servlet.OAuth2ResourceServerAutoConfiguration, org.springframework.boot.autoconfigure.security.servlet.SecurityAutoConfiguration, org.springframework.boot.autoconfigure.security.servlet.SecurityFilterAutoConfiguration, org.springframework.boot.autoconfigure.security.servlet.UserDetailsServiceAutoConfiguration, org.springframework.boot.test.autoconfigure.web.servlet.MockMvcSecurityConfiguration, org.springframework.boot.test.autoconfigure.web.reactive.WebTestClientAutoConfiguration]], org.springframework.boot.test.context.filter.ExcludeFilterContextCustomizer@46e8a539, org.springframework.boot.test.json.DuplicateJsonObjectContextCustomizerFactory$DuplicateJsonObjectContextCustomizer@66629f63, org.springframework.boot.test.mock.mockito.MockitoContextCustomizer@0, org.springframework.boot.test.web.client.TestRestTemplateContextCustomizer@32cb636e, org.springframework.boot.test.context.SpringBootTestArgs@1, org.springframework.boot.test.context.SpringBootTestWebEnvironment@53251a66], resourceBasePath = 'src/main/webapp', contextLoader = 'org.springframework.boot.test.context.SpringBootContextLoader', parent = [null]], attributes = map['org.springframework.test.context.web.ServletTestExecutionListener.activateListener' -> true, 'org.springframework.test.context.web.ServletTestExecutionListener.populatedRequestContextHolder' -> true, 'org.springframework.test.context.web.ServletTestExecutionListener.resetRequestContextHolder' -> true, 'org.springframework.test.context.event.ApplicationEventsTestExecutionListener.recordApplicationEvents' -> false]]; transaction manager [org.springframework.orm.jpa.JpaTransactionManager@76737130]; rollback [true]
2022-12-20 19:00:51.071  WARN 7464 --- [    Test worker] o.h.h.internal.ast.QueryTranslatorImpl   : HHH000104: firstResult/maxResults specified with collection fetch; applying in memory!
Hibernate: select post0_.post_key as post_key1_4_0_, comment1_.comment_id as comment_1_0_1_, post0_.date as date2_4_0_, post0_.description as descript3_4_0_, post0_.recommendation as recommen4_4_0_, post0_.thumbnail as thumbnai5_4_0_, post0_.title as title6_4_0_, post0_.user_id as user_id9_4_0_, post0_.views as views7_4_0_, post0_.writer as writer8_4_0_, comment1_.content as content2_0_1_, comment1_.date as date3_0_1_, comment1_.post_id as post_id5_0_1_, comment1_.writer as writer4_0_1_, comment1_.post_id as post_id5_0_0__, comment1_.comment_id as comment_1_0_0__ from post post0_ left outer join comment comment1_ on post0_.post_key=comment1_.post_id order by post0_.post_key desc
2022-12-20 19:00:51.075  INFO 7464 --- [    Test worker] o.s.t.c.transaction.TransactionContext   : Rolled back transaction for test: [DefaultTestContext@b997735 testClass = PostTest, testInstance = com.team.todaycheck.main.PostTest@178826db, testMethod = getAllPost@PostTest, testException = [null], mergedContextConfiguration = [WebMergedContextConfiguration@7f913c47 testClass = PostTest, locations = '{}', classes = '{class com.team.todaycheck.main.Library}', contextInitializerClasses = '[]', activeProfiles = '{}', propertySourceLocations = '{}', propertySourceProperties = '{org.springframework.boot.test.context.SpringBootTestContextBootstrapper=true}', contextCustomizers = set[org.springframework.boot.test.autoconfigure.actuate.metrics.MetricsExportContextCustomizerFactory$DisableMetricExportContextCustomizer@3c0fae6c, org.springframework.boot.test.autoconfigure.properties.PropertyMappingContextCustomizer@4b3fa0b3, org.springframework.boot.test.autoconfigure.web.servlet.WebDriverContextCustomizerFactory$Customizer@756cf158, [ImportsContextCustomizer@2c9573f1 key = [org.springframework.boot.test.autoconfigure.web.servlet.MockMvcAutoConfiguration, org.springframework.boot.test.autoconfigure.web.servlet.MockMvcWebClientAutoConfiguration, org.springframework.boot.test.autoconfigure.web.servlet.MockMvcWebDriverAutoConfiguration, org.springframework.boot.autoconfigure.security.oauth2.client.servlet.OAuth2ClientAutoConfiguration, org.springframework.boot.autoconfigure.security.oauth2.resource.servlet.OAuth2ResourceServerAutoConfiguration, org.springframework.boot.autoconfigure.security.servlet.SecurityAutoConfiguration, org.springframework.boot.autoconfigure.security.servlet.SecurityFilterAutoConfiguration, org.springframework.boot.autoconfigure.security.servlet.UserDetailsServiceAutoConfiguration, org.springframework.boot.test.autoconfigure.web.servlet.MockMvcSecurityConfiguration, org.springframework.boot.test.autoconfigure.web.reactive.WebTestClientAutoConfiguration]], org.springframework.boot.test.context.filter.ExcludeFilterContextCustomizer@46e8a539, org.springframework.boot.test.json.DuplicateJsonObjectContextCustomizerFactory$DuplicateJsonObjectContextCustomizer@66629f63, org.springframework.boot.test.mock.mockito.MockitoContextCustomizer@0, org.springframework.boot.test.web.client.TestRestTemplateContextCustomizer@32cb636e, org.springframework.boot.test.context.SpringBootTestArgs@1, org.springframework.boot.test.context.SpringBootTestWebEnvironment@53251a66], resourceBasePath = 'src/main/webapp', contextLoader = 'org.springframework.boot.test.context.SpringBootContextLoader', parent = [null]], attributes = map['org.springframework.test.context.web.ServletTestExecutionListener.activateListener' -> true, 'org.springframework.test.context.web.ServletTestExecutionListener.populatedRequestContextHolder' -> true, 'org.springframework.test.context.web.ServletTestExecutionListener.resetRequestContextHolder' -> true, 'org.springframework.test.context.event.ApplicationEventsTestExecutionListener.recordApplicationEvents' -> false]]
2022-12-20 19:00:51.077  INFO 7464 --- [    Test worker] o.s.t.c.transaction.TransactionContext   : Began transaction (1) for test context [DefaultTestContext@b997735 testClass = PostTest, testInstance = com.team.todaycheck.main.PostTest@178826db, testMethod = getPostOne@PostTest, testException = [null], mergedContextConfiguration = [WebMergedContextConfiguration@7f913c47 testClass = PostTest, locations = '{}', classes = '{class com.team.todaycheck.main.Library}', contextInitializerClasses = '[]', activeProfiles = '{}', propertySourceLocations = '{}', propertySourceProperties = '{org.springframework.boot.test.context.SpringBootTestContextBootstrapper=true}', contextCustomizers = set[org.springframework.boot.test.autoconfigure.actuate.metrics.MetricsExportContextCustomizerFactory$DisableMetricExportContextCustomizer@3c0fae6c, org.springframework.boot.test.autoconfigure.properties.PropertyMappingContextCustomizer@4b3fa0b3, org.springframework.boot.test.autoconfigure.web.servlet.WebDriverContextCustomizerFactory$Customizer@756cf158, [ImportsContextCustomizer@2c9573f1 key = [org.springframework.boot.test.autoconfigure.web.servlet.MockMvcAutoConfiguration, org.springframework.boot.test.autoconfigure.web.servlet.MockMvcWebClientAutoConfiguration, org.springframework.boot.test.autoconfigure.web.servlet.MockMvcWebDriverAutoConfiguration, org.springframework.boot.autoconfigure.security.oauth2.client.servlet.OAuth2ClientAutoConfiguration, org.springframework.boot.autoconfigure.security.oauth2.resource.servlet.OAuth2ResourceServerAutoConfiguration, org.springframework.boot.autoconfigure.security.servlet.SecurityAutoConfiguration, org.springframework.boot.autoconfigure.security.servlet.SecurityFilterAutoConfiguration, org.springframework.boot.autoconfigure.security.servlet.UserDetailsServiceAutoConfiguration, org.springframework.boot.test.autoconfigure.web.servlet.MockMvcSecurityConfiguration, org.springframework.boot.test.autoconfigure.web.reactive.WebTestClientAutoConfiguration]], org.springframework.boot.test.context.filter.ExcludeFilterContextCustomizer@46e8a539, org.springframework.boot.test.json.DuplicateJsonObjectContextCustomizerFactory$DuplicateJsonObjectContextCustomizer@66629f63, org.springframework.boot.test.mock.mockito.MockitoContextCustomizer@0, org.springframework.boot.test.web.client.TestRestTemplateContextCustomizer@32cb636e, org.springframework.boot.test.context.SpringBootTestArgs@1, org.springframework.boot.test.context.SpringBootTestWebEnvironment@53251a66], resourceBasePath = 'src/main/webapp', contextLoader = 'org.springframework.boot.test.context.SpringBootContextLoader', parent = [null]], attributes = map['org.springframework.test.context.web.ServletTestExecutionListener.activateListener' -> true, 'org.springframework.test.context.web.ServletTestExecutionListener.populatedRequestContextHolder' -> true, 'org.springframework.test.context.web.ServletTestExecutionListener.resetRequestContextHolder' -> true, 'org.springframework.test.context.event.ApplicationEventsTestExecutionListener.recordApplicationEvents' -> false]]; transaction manager [org.springframework.orm.jpa.JpaTransactionManager@76737130]; rollback [true]
Hibernate: select userentity0_.user_id as user_id1_7_, userentity0_.address as address2_7_, userentity0_.admin as admin3_7_, userentity0_.id as id4_7_, userentity0_.password as password5_7_, userentity0_.phone_number as phone_nu6_7_, userentity0_.profile_images as profile_7_7_ from user_entity userentity0_ where userentity0_.id=?
Hibernate: select roles0_.user_entity_user_id as user_ent1_8_0_, roles0_.roles as roles2_8_0_ from user_entity_roles roles0_ where roles0_.user_entity_user_id=?
Hibernate: insert into post (date, description, recommendation, thumbnail, title, user_id, views, writer) values (?, ?, ?, ?, ?, ?, ?, ?)
Hibernate: select max(post0_.post_key) as col_0_0_ from post post0_
Hibernate: select max(post0_.post_key) as col_0_0_ from post post0_
Hibernate: update post set views=views+? where post_key=?
Hibernate: select post0_.post_key as post_key1_4_0_, comment1_.comment_id as comment_1_0_1_, post0_.date as date2_4_0_, post0_.description as descript3_4_0_, post0_.recommendation as recommen4_4_0_, post0_.thumbnail as thumbnai5_4_0_, post0_.title as title6_4_0_, post0_.user_id as user_id9_4_0_, post0_.views as views7_4_0_, post0_.writer as writer8_4_0_, comment1_.content as content2_0_1_, comment1_.date as date3_0_1_, comment1_.post_id as post_id5_0_1_, comment1_.writer as writer4_0_1_, comment1_.post_id as post_id5_0_0__, comment1_.comment_id as comment_1_0_0__ from post post0_ left outer join comment comment1_ on post0_.post_key=comment1_.post_id where post0_.post_key=?
2022-12-20 19:00:51.112  INFO 7464 --- [    Test worker] o.s.t.c.transaction.TransactionContext   : Rolled back transaction for test: [DefaultTestContext@b997735 testClass = PostTest, testInstance = com.team.todaycheck.main.PostTest@178826db, testMethod = getPostOne@PostTest, testException = [null], mergedContextConfiguration = [WebMergedContextConfiguration@7f913c47 testClass = PostTest, locations = '{}', classes = '{class com.team.todaycheck.main.Library}', contextInitializerClasses = '[]', activeProfiles = '{}', propertySourceLocations = '{}', propertySourceProperties = '{org.springframework.boot.test.context.SpringBootTestContextBootstrapper=true}', contextCustomizers = set[org.springframework.boot.test.autoconfigure.actuate.metrics.MetricsExportContextCustomizerFactory$DisableMetricExportContextCustomizer@3c0fae6c, org.springframework.boot.test.autoconfigure.properties.PropertyMappingContextCustomizer@4b3fa0b3, org.springframework.boot.test.autoconfigure.web.servlet.WebDriverContextCustomizerFactory$Customizer@756cf158, [ImportsContextCustomizer@2c9573f1 key = [org.springframework.boot.test.autoconfigure.web.servlet.MockMvcAutoConfiguration, org.springframework.boot.test.autoconfigure.web.servlet.MockMvcWebClientAutoConfiguration, org.springframework.boot.test.autoconfigure.web.servlet.MockMvcWebDriverAutoConfiguration, org.springframework.boot.autoconfigure.security.oauth2.client.servlet.OAuth2ClientAutoConfiguration, org.springframework.boot.autoconfigure.security.oauth2.resource.servlet.OAuth2ResourceServerAutoConfiguration, org.springframework.boot.autoconfigure.security.servlet.SecurityAutoConfiguration, org.springframework.boot.autoconfigure.security.servlet.SecurityFilterAutoConfiguration, org.springframework.boot.autoconfigure.security.servlet.UserDetailsServiceAutoConfiguration, org.springframework.boot.test.autoconfigure.web.servlet.MockMvcSecurityConfiguration, org.springframework.boot.test.autoconfigure.web.reactive.WebTestClientAutoConfiguration]], org.springframework.boot.test.context.filter.ExcludeFilterContextCustomizer@46e8a539, org.springframework.boot.test.json.DuplicateJsonObjectContextCustomizerFactory$DuplicateJsonObjectContextCustomizer@66629f63, org.springframework.boot.test.mock.mockito.MockitoContextCustomizer@0, org.springframework.boot.test.web.client.TestRestTemplateContextCustomizer@32cb636e, org.springframework.boot.test.context.SpringBootTestArgs@1, org.springframework.boot.test.context.SpringBootTestWebEnvironment@53251a66], resourceBasePath = 'src/main/webapp', contextLoader = 'org.springframework.boot.test.context.SpringBootContextLoader', parent = [null]], attributes = map['org.springframework.test.context.web.ServletTestExecutionListener.activateListener' -> true, 'org.springframework.test.context.web.ServletTestExecutionListener.populatedRequestContextHolder' -> true, 'org.springframework.test.context.web.ServletTestExecutionListener.resetRequestContextHolder' -> true, 'org.springframework.test.context.event.ApplicationEventsTestExecutionListener.recordApplicationEvents' -> false]]
2022-12-20 19:00:51.115  INFO 7464 --- [    Test worker] o.s.t.c.transaction.TransactionContext   : Began transaction (1) for test context [DefaultTestContext@b997735 testClass = PostTest, testInstance = com.team.todaycheck.main.PostTest@178826db, testMethod = sameAuthorModifyPost@PostTest, testException = [null], mergedContextConfiguration = [WebMergedContextConfiguration@7f913c47 testClass = PostTest, locations = '{}', classes = '{class com.team.todaycheck.main.Library}', contextInitializerClasses = '[]', activeProfiles = '{}', propertySourceLocations = '{}', propertySourceProperties = '{org.springframework.boot.test.context.SpringBootTestContextBootstrapper=true}', contextCustomizers = set[org.springframework.boot.test.autoconfigure.actuate.metrics.MetricsExportContextCustomizerFactory$DisableMetricExportContextCustomizer@3c0fae6c, org.springframework.boot.test.autoconfigure.properties.PropertyMappingContextCustomizer@4b3fa0b3, org.springframework.boot.test.autoconfigure.web.servlet.WebDriverContextCustomizerFactory$Customizer@756cf158, [ImportsContextCustomizer@2c9573f1 key = [org.springframework.boot.test.autoconfigure.web.servlet.MockMvcAutoConfiguration, org.springframework.boot.test.autoconfigure.web.servlet.MockMvcWebClientAutoConfiguration, org.springframework.boot.test.autoconfigure.web.servlet.MockMvcWebDriverAutoConfiguration, org.springframework.boot.autoconfigure.security.oauth2.client.servlet.OAuth2ClientAutoConfiguration, org.springframework.boot.autoconfigure.security.oauth2.resource.servlet.OAuth2ResourceServerAutoConfiguration, org.springframework.boot.autoconfigure.security.servlet.SecurityAutoConfiguration, org.springframework.boot.autoconfigure.security.servlet.SecurityFilterAutoConfiguration, org.springframework.boot.autoconfigure.security.servlet.UserDetailsServiceAutoConfiguration, org.springframework.boot.test.autoconfigure.web.servlet.MockMvcSecurityConfiguration, org.springframework.boot.test.autoconfigure.web.reactive.WebTestClientAutoConfiguration]], org.springframework.boot.test.context.filter.ExcludeFilterContextCustomizer@46e8a539, org.springframework.boot.test.json.DuplicateJsonObjectContextCustomizerFactory$DuplicateJsonObjectContextCustomizer@66629f63, org.springframework.boot.test.mock.mockito.MockitoContextCustomizer@0, org.springframework.boot.test.web.client.TestRestTemplateContextCustomizer@32cb636e, org.springframework.boot.test.context.SpringBootTestArgs@1, org.springframework.boot.test.context.SpringBootTestWebEnvironment@53251a66], resourceBasePath = 'src/main/webapp', contextLoader = 'org.springframework.boot.test.context.SpringBootContextLoader', parent = [null]], attributes = map['org.springframework.test.context.web.ServletTestExecutionListener.activateListener' -> true, 'org.springframework.test.context.web.ServletTestExecutionListener.populatedRequestContextHolder' -> true, 'org.springframework.test.context.web.ServletTestExecutionListener.resetRequestContextHolder' -> true, 'org.springframework.test.context.event.ApplicationEventsTestExecutionListener.recordApplicationEvents' -> false]]; transaction manager [org.springframework.orm.jpa.JpaTransactionManager@76737130]; rollback [true]
Hibernate: select userentity0_.user_id as user_id1_7_, userentity0_.address as address2_7_, userentity0_.admin as admin3_7_, userentity0_.id as id4_7_, userentity0_.password as password5_7_, userentity0_.phone_number as phone_nu6_7_, userentity0_.profile_images as profile_7_7_ from user_entity userentity0_ where userentity0_.id=?
Hibernate: select roles0_.user_entity_user_id as user_ent1_8_0_, roles0_.roles as roles2_8_0_ from user_entity_roles roles0_ where roles0_.user_entity_user_id=?
Hibernate: insert into post (date, description, recommendation, thumbnail, title, user_id, views, writer) values (?, ?, ?, ?, ?, ?, ?, ?)
Hibernate: select max(post0_.post_key) as col_0_0_ from post post0_
Hibernate: select max(post0_.post_key) as col_0_0_ from post post0_
Hibernate: select post0_.post_key as post_key1_4_, post0_.date as date2_4_, post0_.description as descript3_4_, post0_.recommendation as recommen4_4_, post0_.thumbnail as thumbnai5_4_, post0_.title as title6_4_, post0_.user_id as user_id9_4_, post0_.views as views7_4_, post0_.writer as writer8_4_ from post post0_ where post0_.post_key=? and post0_.writer=?
2022-12-20 19:00:51.132  INFO 7464 --- [    Test worker] o.s.t.c.transaction.TransactionContext   : Rolled back transaction for test: [DefaultTestContext@b997735 testClass = PostTest, testInstance = com.team.todaycheck.main.PostTest@178826db, testMethod = sameAuthorModifyPost@PostTest, testException = [null], mergedContextConfiguration = [WebMergedContextConfiguration@7f913c47 testClass = PostTest, locations = '{}', classes = '{class com.team.todaycheck.main.Library}', contextInitializerClasses = '[]', activeProfiles = '{}', propertySourceLocations = '{}', propertySourceProperties = '{org.springframework.boot.test.context.SpringBootTestContextBootstrapper=true}', contextCustomizers = set[org.springframework.boot.test.autoconfigure.actuate.metrics.MetricsExportContextCustomizerFactory$DisableMetricExportContextCustomizer@3c0fae6c, org.springframework.boot.test.autoconfigure.properties.PropertyMappingContextCustomizer@4b3fa0b3, org.springframework.boot.test.autoconfigure.web.servlet.WebDriverContextCustomizerFactory$Customizer@756cf158, [ImportsContextCustomizer@2c9573f1 key = [org.springframework.boot.test.autoconfigure.web.servlet.MockMvcAutoConfiguration, org.springframework.boot.test.autoconfigure.web.servlet.MockMvcWebClientAutoConfiguration, org.springframework.boot.test.autoconfigure.web.servlet.MockMvcWebDriverAutoConfiguration, org.springframework.boot.autoconfigure.security.oauth2.client.servlet.OAuth2ClientAutoConfiguration, org.springframework.boot.autoconfigure.security.oauth2.resource.servlet.OAuth2ResourceServerAutoConfiguration, org.springframework.boot.autoconfigure.security.servlet.SecurityAutoConfiguration, org.springframework.boot.autoconfigure.security.servlet.SecurityFilterAutoConfiguration, org.springframework.boot.autoconfigure.security.servlet.UserDetailsServiceAutoConfiguration, org.springframework.boot.test.autoconfigure.web.servlet.MockMvcSecurityConfiguration, org.springframework.boot.test.autoconfigure.web.reactive.WebTestClientAutoConfiguration]], org.springframework.boot.test.context.filter.ExcludeFilterContextCustomizer@46e8a539, org.springframework.boot.test.json.DuplicateJsonObjectContextCustomizerFactory$DuplicateJsonObjectContextCustomizer@66629f63, org.springframework.boot.test.mock.mockito.MockitoContextCustomizer@0, org.springframework.boot.test.web.client.TestRestTemplateContextCustomizer@32cb636e, org.springframework.boot.test.context.SpringBootTestArgs@1, org.springframework.boot.test.context.SpringBootTestWebEnvironment@53251a66], resourceBasePath = 'src/main/webapp', contextLoader = 'org.springframework.boot.test.context.SpringBootContextLoader', parent = [null]], attributes = map['org.springframework.test.context.web.ServletTestExecutionListener.activateListener' -> true, 'org.springframework.test.context.web.ServletTestExecutionListener.populatedRequestContextHolder' -> true, 'org.springframework.test.context.web.ServletTestExecutionListener.resetRequestContextHolder' -> true, 'org.springframework.test.context.event.ApplicationEventsTestExecutionListener.recordApplicationEvents' -> false]]
2022-12-20 19:00:51.135  INFO 7464 --- [    Test worker] o.s.t.c.transaction.TransactionContext   : Began transaction (1) for test context [DefaultTestContext@b997735 testClass = PostTest, testInstance = com.team.todaycheck.main.PostTest@178826db, testMethod = otherAuthorModifyPost@PostTest, testException = [null], mergedContextConfiguration = [WebMergedContextConfiguration@7f913c47 testClass = PostTest, locations = '{}', classes = '{class com.team.todaycheck.main.Library}', contextInitializerClasses = '[]', activeProfiles = '{}', propertySourceLocations = '{}', propertySourceProperties = '{org.springframework.boot.test.context.SpringBootTestContextBootstrapper=true}', contextCustomizers = set[org.springframework.boot.test.autoconfigure.actuate.metrics.MetricsExportContextCustomizerFactory$DisableMetricExportContextCustomizer@3c0fae6c, org.springframework.boot.test.autoconfigure.properties.PropertyMappingContextCustomizer@4b3fa0b3, org.springframework.boot.test.autoconfigure.web.servlet.WebDriverContextCustomizerFactory$Customizer@756cf158, [ImportsContextCustomizer@2c9573f1 key = [org.springframework.boot.test.autoconfigure.web.servlet.MockMvcAutoConfiguration, org.springframework.boot.test.autoconfigure.web.servlet.MockMvcWebClientAutoConfiguration, org.springframework.boot.test.autoconfigure.web.servlet.MockMvcWebDriverAutoConfiguration, org.springframework.boot.autoconfigure.security.oauth2.client.servlet.OAuth2ClientAutoConfiguration, org.springframework.boot.autoconfigure.security.oauth2.resource.servlet.OAuth2ResourceServerAutoConfiguration, org.springframework.boot.autoconfigure.security.servlet.SecurityAutoConfiguration, org.springframework.boot.autoconfigure.security.servlet.SecurityFilterAutoConfiguration, org.springframework.boot.autoconfigure.security.servlet.UserDetailsServiceAutoConfiguration, org.springframework.boot.test.autoconfigure.web.servlet.MockMvcSecurityConfiguration, org.springframework.boot.test.autoconfigure.web.reactive.WebTestClientAutoConfiguration]], org.springframework.boot.test.context.filter.ExcludeFilterContextCustomizer@46e8a539, org.springframework.boot.test.json.DuplicateJsonObjectContextCustomizerFactory$DuplicateJsonObjectContextCustomizer@66629f63, org.springframework.boot.test.mock.mockito.MockitoContextCustomizer@0, org.springframework.boot.test.web.client.TestRestTemplateContextCustomizer@32cb636e, org.springframework.boot.test.context.SpringBootTestArgs@1, org.springframework.boot.test.context.SpringBootTestWebEnvironment@53251a66], resourceBasePath = 'src/main/webapp', contextLoader = 'org.springframework.boot.test.context.SpringBootContextLoader', parent = [null]], attributes = map['org.springframework.test.context.web.ServletTestExecutionListener.activateListener' -> true, 'org.springframework.test.context.web.ServletTestExecutionListener.populatedRequestContextHolder' -> true, 'org.springframework.test.context.web.ServletTestExecutionListener.resetRequestContextHolder' -> true, 'org.springframework.test.context.event.ApplicationEventsTestExecutionListener.recordApplicationEvents' -> false]]; transaction manager [org.springframework.orm.jpa.JpaTransactionManager@76737130]; rollback [true]
Hibernate: select userentity0_.user_id as user_id1_7_, userentity0_.address as address2_7_, userentity0_.admin as admin3_7_, userentity0_.id as id4_7_, userentity0_.password as password5_7_, userentity0_.phone_number as phone_nu6_7_, userentity0_.profile_images as profile_7_7_ from user_entity userentity0_ where userentity0_.id=?
Hibernate: select roles0_.user_entity_user_id as user_ent1_8_0_, roles0_.roles as roles2_8_0_ from user_entity_roles roles0_ where roles0_.user_entity_user_id=?
Hibernate: insert into post (date, description, recommendation, thumbnail, title, user_id, views, writer) values (?, ?, ?, ?, ?, ?, ?, ?)
Hibernate: select max(post0_.post_key) as col_0_0_ from post post0_
Hibernate: select max(post0_.post_key) as col_0_0_ from post post0_
Hibernate: select post0_.post_key as post_key1_4_, post0_.date as date2_4_, post0_.description as descript3_4_, post0_.recommendation as recommen4_4_, post0_.thumbnail as thumbnai5_4_, post0_.title as title6_4_, post0_.user_id as user_id9_4_, post0_.views as views7_4_, post0_.writer as writer8_4_ from post post0_ where post0_.post_key=? and post0_.writer=?
2022-12-20 19:00:51.154  INFO 7464 --- [    Test worker] o.s.t.c.transaction.TransactionContext   : Rolled back transaction for test: [DefaultTestContext@b997735 testClass = PostTest, testInstance = com.team.todaycheck.main.PostTest@178826db, testMethod = otherAuthorModifyPost@PostTest, testException = [null], mergedContextConfiguration = [WebMergedContextConfiguration@7f913c47 testClass = PostTest, locations = '{}', classes = '{class com.team.todaycheck.main.Library}', contextInitializerClasses = '[]', activeProfiles = '{}', propertySourceLocations = '{}', propertySourceProperties = '{org.springframework.boot.test.context.SpringBootTestContextBootstrapper=true}', contextCustomizers = set[org.springframework.boot.test.autoconfigure.actuate.metrics.MetricsExportContextCustomizerFactory$DisableMetricExportContextCustomizer@3c0fae6c, org.springframework.boot.test.autoconfigure.properties.PropertyMappingContextCustomizer@4b3fa0b3, org.springframework.boot.test.autoconfigure.web.servlet.WebDriverContextCustomizerFactory$Customizer@756cf158, [ImportsContextCustomizer@2c9573f1 key = [org.springframework.boot.test.autoconfigure.web.servlet.MockMvcAutoConfiguration, org.springframework.boot.test.autoconfigure.web.servlet.MockMvcWebClientAutoConfiguration, org.springframework.boot.test.autoconfigure.web.servlet.MockMvcWebDriverAutoConfiguration, org.springframework.boot.autoconfigure.security.oauth2.client.servlet.OAuth2ClientAutoConfiguration, org.springframework.boot.autoconfigure.security.oauth2.resource.servlet.OAuth2ResourceServerAutoConfiguration, org.springframework.boot.autoconfigure.security.servlet.SecurityAutoConfiguration, org.springframework.boot.autoconfigure.security.servlet.SecurityFilterAutoConfiguration, org.springframework.boot.autoconfigure.security.servlet.UserDetailsServiceAutoConfiguration, org.springframework.boot.test.autoconfigure.web.servlet.MockMvcSecurityConfiguration, org.springframework.boot.test.autoconfigure.web.reactive.WebTestClientAutoConfiguration]], org.springframework.boot.test.context.filter.ExcludeFilterContextCustomizer@46e8a539, org.springframework.boot.test.json.DuplicateJsonObjectContextCustomizerFactory$DuplicateJsonObjectContextCustomizer@66629f63, org.springframework.boot.test.mock.mockito.MockitoContextCustomizer@0, org.springframework.boot.test.web.client.TestRestTemplateContextCustomizer@32cb636e, org.springframework.boot.test.context.SpringBootTestArgs@1, org.springframework.boot.test.context.SpringBootTestWebEnvironment@53251a66], resourceBasePath = 'src/main/webapp', contextLoader = 'org.springframework.boot.test.context.SpringBootContextLoader', parent = [null]], attributes = map['org.springframework.test.context.web.ServletTestExecutionListener.activateListener' -> true, 'org.springframework.test.context.web.ServletTestExecutionListener.populatedRequestContextHolder' -> true, 'org.springframework.test.context.web.ServletTestExecutionListener.resetRequestContextHolder' -> true, 'org.springframework.test.context.event.ApplicationEventsTestExecutionListener.recordApplicationEvents' -> false]]
2022-12-20 19:00:51.156  INFO 7464 --- [    Test worker] o.s.t.c.transaction.TransactionContext   : Began transaction (1) for test context [DefaultTestContext@b997735 testClass = PostTest, testInstance = com.team.todaycheck.main.PostTest@178826db, testMethod = deletePost@PostTest, testException = [null], mergedContextConfiguration = [WebMergedContextConfiguration@7f913c47 testClass = PostTest, locations = '{}', classes = '{class com.team.todaycheck.main.Library}', contextInitializerClasses = '[]', activeProfiles = '{}', propertySourceLocations = '{}', propertySourceProperties = '{org.springframework.boot.test.context.SpringBootTestContextBootstrapper=true}', contextCustomizers = set[org.springframework.boot.test.autoconfigure.actuate.metrics.MetricsExportContextCustomizerFactory$DisableMetricExportContextCustomizer@3c0fae6c, org.springframework.boot.test.autoconfigure.properties.PropertyMappingContextCustomizer@4b3fa0b3, org.springframework.boot.test.autoconfigure.web.servlet.WebDriverContextCustomizerFactory$Customizer@756cf158, [ImportsContextCustomizer@2c9573f1 key = [org.springframework.boot.test.autoconfigure.web.servlet.MockMvcAutoConfiguration, org.springframework.boot.test.autoconfigure.web.servlet.MockMvcWebClientAutoConfiguration, org.springframework.boot.test.autoconfigure.web.servlet.MockMvcWebDriverAutoConfiguration, org.springframework.boot.autoconfigure.security.oauth2.client.servlet.OAuth2ClientAutoConfiguration, org.springframework.boot.autoconfigure.security.oauth2.resource.servlet.OAuth2ResourceServerAutoConfiguration, org.springframework.boot.autoconfigure.security.servlet.SecurityAutoConfiguration, org.springframework.boot.autoconfigure.security.servlet.SecurityFilterAutoConfiguration, org.springframework.boot.autoconfigure.security.servlet.UserDetailsServiceAutoConfiguration, org.springframework.boot.test.autoconfigure.web.servlet.MockMvcSecurityConfiguration, org.springframework.boot.test.autoconfigure.web.reactive.WebTestClientAutoConfiguration]], org.springframework.boot.test.context.filter.ExcludeFilterContextCustomizer@46e8a539, org.springframework.boot.test.json.DuplicateJsonObjectContextCustomizerFactory$DuplicateJsonObjectContextCustomizer@66629f63, org.springframework.boot.test.mock.mockito.MockitoContextCustomizer@0, org.springframework.boot.test.web.client.TestRestTemplateContextCustomizer@32cb636e, org.springframework.boot.test.context.SpringBootTestArgs@1, org.springframework.boot.test.context.SpringBootTestWebEnvironment@53251a66], resourceBasePath = 'src/main/webapp', contextLoader = 'org.springframework.boot.test.context.SpringBootContextLoader', parent = [null]], attributes = map['org.springframework.test.context.web.ServletTestExecutionListener.activateListener' -> true, 'org.springframework.test.context.web.ServletTestExecutionListener.populatedRequestContextHolder' -> true, 'org.springframework.test.context.web.ServletTestExecutionListener.resetRequestContextHolder' -> true, 'org.springframework.test.context.event.ApplicationEventsTestExecutionListener.recordApplicationEvents' -> false]]; transaction manager [org.springframework.orm.jpa.JpaTransactionManager@76737130]; rollback [true]
Hibernate: select userentity0_.user_id as user_id1_7_, userentity0_.address as address2_7_, userentity0_.admin as admin3_7_, userentity0_.id as id4_7_, userentity0_.password as password5_7_, userentity0_.phone_number as phone_nu6_7_, userentity0_.profile_images as profile_7_7_ from user_entity userentity0_ where userentity0_.id=?
Hibernate: select roles0_.user_entity_user_id as user_ent1_8_0_, roles0_.roles as roles2_8_0_ from user_entity_roles roles0_ where roles0_.user_entity_user_id=?
Hibernate: insert into post (date, description, recommendation, thumbnail, title, user_id, views, writer) values (?, ?, ?, ?, ?, ?, ?, ?)
Hibernate: select max(post0_.post_key) as col_0_0_ from post post0_
Hibernate: select max(post0_.post_key) as col_0_0_ from post post0_
Hibernate: delete from post where writer=? and post_key=?
2022-12-20 19:00:51.178  INFO 7464 --- [    Test worker] o.s.t.c.transaction.TransactionContext   : Rolled back transaction for test: [DefaultTestContext@b997735 testClass = PostTest, testInstance = com.team.todaycheck.main.PostTest@178826db, testMethod = deletePost@PostTest, testException = [null], mergedContextConfiguration = [WebMergedContextConfiguration@7f913c47 testClass = PostTest, locations = '{}', classes = '{class com.team.todaycheck.main.Library}', contextInitializerClasses = '[]', activeProfiles = '{}', propertySourceLocations = '{}', propertySourceProperties = '{org.springframework.boot.test.context.SpringBootTestContextBootstrapper=true}', contextCustomizers = set[org.springframework.boot.test.autoconfigure.actuate.metrics.MetricsExportContextCustomizerFactory$DisableMetricExportContextCustomizer@3c0fae6c, org.springframework.boot.test.autoconfigure.properties.PropertyMappingContextCustomizer@4b3fa0b3, org.springframework.boot.test.autoconfigure.web.servlet.WebDriverContextCustomizerFactory$Customizer@756cf158, [ImportsContextCustomizer@2c9573f1 key = [org.springframework.boot.test.autoconfigure.web.servlet.MockMvcAutoConfiguration, org.springframework.boot.test.autoconfigure.web.servlet.MockMvcWebClientAutoConfiguration, org.springframework.boot.test.autoconfigure.web.servlet.MockMvcWebDriverAutoConfiguration, org.springframework.boot.autoconfigure.security.oauth2.client.servlet.OAuth2ClientAutoConfiguration, org.springframework.boot.autoconfigure.security.oauth2.resource.servlet.OAuth2ResourceServerAutoConfiguration, org.springframework.boot.autoconfigure.security.servlet.SecurityAutoConfiguration, org.springframework.boot.autoconfigure.security.servlet.SecurityFilterAutoConfiguration, org.springframework.boot.autoconfigure.security.servlet.UserDetailsServiceAutoConfiguration, org.springframework.boot.test.autoconfigure.web.servlet.MockMvcSecurityConfiguration, org.springframework.boot.test.autoconfigure.web.reactive.WebTestClientAutoConfiguration]], org.springframework.boot.test.context.filter.ExcludeFilterContextCustomizer@46e8a539, org.springframework.boot.test.json.DuplicateJsonObjectContextCustomizerFactory$DuplicateJsonObjectContextCustomizer@66629f63, org.springframework.boot.test.mock.mockito.MockitoContextCustomizer@0, org.springframework.boot.test.web.client.TestRestTemplateContextCustomizer@32cb636e, org.springframework.boot.test.context.SpringBootTestArgs@1, org.springframework.boot.test.context.SpringBootTestWebEnvironment@53251a66], resourceBasePath = 'src/main/webapp', contextLoader = 'org.springframework.boot.test.context.SpringBootContextLoader', parent = [null]], attributes = map['org.springframework.test.context.web.ServletTestExecutionListener.activateListener' -> true, 'org.springframework.test.context.web.ServletTestExecutionListener.populatedRequestContextHolder' -> true, 'org.springframework.test.context.web.ServletTestExecutionListener.resetRequestContextHolder' -> true, 'org.springframework.test.context.event.ApplicationEventsTestExecutionListener.recordApplicationEvents' -> false]]
2022-12-20 19:00:51.180  INFO 7464 --- [    Test worker] o.s.t.c.transaction.TransactionContext   : Began transaction (1) for test context [DefaultTestContext@b997735 testClass = PostTest, testInstance = com.team.todaycheck.main.PostTest@178826db, testMethod = addComment@PostTest, testException = [null], mergedContextConfiguration = [WebMergedContextConfiguration@7f913c47 testClass = PostTest, locations = '{}', classes = '{class com.team.todaycheck.main.Library}', contextInitializerClasses = '[]', activeProfiles = '{}', propertySourceLocations = '{}', propertySourceProperties = '{org.springframework.boot.test.context.SpringBootTestContextBootstrapper=true}', contextCustomizers = set[org.springframework.boot.test.autoconfigure.actuate.metrics.MetricsExportContextCustomizerFactory$DisableMetricExportContextCustomizer@3c0fae6c, org.springframework.boot.test.autoconfigure.properties.PropertyMappingContextCustomizer@4b3fa0b3, org.springframework.boot.test.autoconfigure.web.servlet.WebDriverContextCustomizerFactory$Customizer@756cf158, [ImportsContextCustomizer@2c9573f1 key = [org.springframework.boot.test.autoconfigure.web.servlet.MockMvcAutoConfiguration, org.springframework.boot.test.autoconfigure.web.servlet.MockMvcWebClientAutoConfiguration, org.springframework.boot.test.autoconfigure.web.servlet.MockMvcWebDriverAutoConfiguration, org.springframework.boot.autoconfigure.security.oauth2.client.servlet.OAuth2ClientAutoConfiguration, org.springframework.boot.autoconfigure.security.oauth2.resource.servlet.OAuth2ResourceServerAutoConfiguration, org.springframework.boot.autoconfigure.security.servlet.SecurityAutoConfiguration, org.springframework.boot.autoconfigure.security.servlet.SecurityFilterAutoConfiguration, org.springframework.boot.autoconfigure.security.servlet.UserDetailsServiceAutoConfiguration, org.springframework.boot.test.autoconfigure.web.servlet.MockMvcSecurityConfiguration, org.springframework.boot.test.autoconfigure.web.reactive.WebTestClientAutoConfiguration]], org.springframework.boot.test.context.filter.ExcludeFilterContextCustomizer@46e8a539, org.springframework.boot.test.json.DuplicateJsonObjectContextCustomizerFactory$DuplicateJsonObjectContextCustomizer@66629f63, org.springframework.boot.test.mock.mockito.MockitoContextCustomizer@0, org.springframework.boot.test.web.client.TestRestTemplateContextCustomizer@32cb636e, org.springframework.boot.test.context.SpringBootTestArgs@1, org.springframework.boot.test.context.SpringBootTestWebEnvironment@53251a66], resourceBasePath = 'src/main/webapp', contextLoader = 'org.springframework.boot.test.context.SpringBootContextLoader', parent = [null]], attributes = map['org.springframework.test.context.web.ServletTestExecutionListener.activateListener' -> true, 'org.springframework.test.context.web.ServletTestExecutionListener.populatedRequestContextHolder' -> true, 'org.springframework.test.context.web.ServletTestExecutionListener.resetRequestContextHolder' -> true, 'org.springframework.test.context.event.ApplicationEventsTestExecutionListener.recordApplicationEvents' -> false]]; transaction manager [org.springframework.orm.jpa.JpaTransactionManager@76737130]; rollback [true]
Hibernate: select userentity0_.user_id as user_id1_7_, userentity0_.address as address2_7_, userentity0_.admin as admin3_7_, userentity0_.id as id4_7_, userentity0_.password as password5_7_, userentity0_.phone_number as phone_nu6_7_, userentity0_.profile_images as profile_7_7_ from user_entity userentity0_ where userentity0_.id=?
Hibernate: select roles0_.user_entity_user_id as user_ent1_8_0_, roles0_.roles as roles2_8_0_ from user_entity_roles roles0_ where roles0_.user_entity_user_id=?
Hibernate: insert into post (date, description, recommendation, thumbnail, title, user_id, views, writer) values (?, ?, ?, ?, ?, ?, ?, ?)
Hibernate: select max(post0_.post_key) as col_0_0_ from post post0_
Hibernate: select max(post0_.post_key) as col_0_0_ from post post0_
Hibernate: select post0_.post_key as post_key1_4_0_, comment1_.comment_id as comment_1_0_1_, post0_.date as date2_4_0_, post0_.description as descript3_4_0_, post0_.recommendation as recommen4_4_0_, post0_.thumbnail as thumbnai5_4_0_, post0_.title as title6_4_0_, post0_.user_id as user_id9_4_0_, post0_.views as views7_4_0_, post0_.writer as writer8_4_0_, comment1_.content as content2_0_1_, comment1_.date as date3_0_1_, comment1_.post_id as post_id5_0_1_, comment1_.writer as writer4_0_1_, comment1_.post_id as post_id5_0_0__, comment1_.comment_id as comment_1_0_0__ from post post0_ left outer join comment comment1_ on post0_.post_key=comment1_.post_id where post0_.post_key=?
2022-12-20 19:00:51.198  INFO 7464 --- [    Test worker] o.s.t.c.transaction.TransactionContext   : Rolled back transaction for test: [DefaultTestContext@b997735 testClass = PostTest, testInstance = com.team.todaycheck.main.PostTest@178826db, testMethod = addComment@PostTest, testException = [null], mergedContextConfiguration = [WebMergedContextConfiguration@7f913c47 testClass = PostTest, locations = '{}', classes = '{class com.team.todaycheck.main.Library}', contextInitializerClasses = '[]', activeProfiles = '{}', propertySourceLocations = '{}', propertySourceProperties = '{org.springframework.boot.test.context.SpringBootTestContextBootstrapper=true}', contextCustomizers = set[org.springframework.boot.test.autoconfigure.actuate.metrics.MetricsExportContextCustomizerFactory$DisableMetricExportContextCustomizer@3c0fae6c, org.springframework.boot.test.autoconfigure.properties.PropertyMappingContextCustomizer@4b3fa0b3, org.springframework.boot.test.autoconfigure.web.servlet.WebDriverContextCustomizerFactory$Customizer@756cf158, [ImportsContextCustomizer@2c9573f1 key = [org.springframework.boot.test.autoconfigure.web.servlet.MockMvcAutoConfiguration, org.springframework.boot.test.autoconfigure.web.servlet.MockMvcWebClientAutoConfiguration, org.springframework.boot.test.autoconfigure.web.servlet.MockMvcWebDriverAutoConfiguration, org.springframework.boot.autoconfigure.security.oauth2.client.servlet.OAuth2ClientAutoConfiguration, org.springframework.boot.autoconfigure.security.oauth2.resource.servlet.OAuth2ResourceServerAutoConfiguration, org.springframework.boot.autoconfigure.security.servlet.SecurityAutoConfiguration, org.springframework.boot.autoconfigure.security.servlet.SecurityFilterAutoConfiguration, org.springframework.boot.autoconfigure.security.servlet.UserDetailsServiceAutoConfiguration, org.springframework.boot.test.autoconfigure.web.servlet.MockMvcSecurityConfiguration, org.springframework.boot.test.autoconfigure.web.reactive.WebTestClientAutoConfiguration]], org.springframework.boot.test.context.filter.ExcludeFilterContextCustomizer@46e8a539, org.springframework.boot.test.json.DuplicateJsonObjectContextCustomizerFactory$DuplicateJsonObjectContextCustomizer@66629f63, org.springframework.boot.test.mock.mockito.MockitoContextCustomizer@0, org.springframework.boot.test.web.client.TestRestTemplateContextCustomizer@32cb636e, org.springframework.boot.test.context.SpringBootTestArgs@1, org.springframework.boot.test.context.SpringBootTestWebEnvironment@53251a66], resourceBasePath = 'src/main/webapp', contextLoader = 'org.springframework.boot.test.context.SpringBootContextLoader', parent = [null]], attributes = map['org.springframework.test.context.web.ServletTestExecutionListener.activateListener' -> true, 'org.springframework.test.context.web.ServletTestExecutionListener.populatedRequestContextHolder' -> true, 'org.springframework.test.context.web.ServletTestExecutionListener.resetRequestContextHolder' -> true, 'org.springframework.test.context.event.ApplicationEventsTestExecutionListener.recordApplicationEvents' -> false]]
2022-12-20 19:00:51.201  INFO 7464 --- [    Test worker] o.s.t.c.transaction.TransactionContext   : Began transaction (1) for test context [DefaultTestContext@b997735 testClass = PostTest, testInstance = com.team.todaycheck.main.PostTest@178826db, testMethod = removeCommitFromSameUser@PostTest, testException = [null], mergedContextConfiguration = [WebMergedContextConfiguration@7f913c47 testClass = PostTest, locations = '{}', classes = '{class com.team.todaycheck.main.Library}', contextInitializerClasses = '[]', activeProfiles = '{}', propertySourceLocations = '{}', propertySourceProperties = '{org.springframework.boot.test.context.SpringBootTestContextBootstrapper=true}', contextCustomizers = set[org.springframework.boot.test.autoconfigure.actuate.metrics.MetricsExportContextCustomizerFactory$DisableMetricExportContextCustomizer@3c0fae6c, org.springframework.boot.test.autoconfigure.properties.PropertyMappingContextCustomizer@4b3fa0b3, org.springframework.boot.test.autoconfigure.web.servlet.WebDriverContextCustomizerFactory$Customizer@756cf158, [ImportsContextCustomizer@2c9573f1 key = [org.springframework.boot.test.autoconfigure.web.servlet.MockMvcAutoConfiguration, org.springframework.boot.test.autoconfigure.web.servlet.MockMvcWebClientAutoConfiguration, org.springframework.boot.test.autoconfigure.web.servlet.MockMvcWebDriverAutoConfiguration, org.springframework.boot.autoconfigure.security.oauth2.client.servlet.OAuth2ClientAutoConfiguration, org.springframework.boot.autoconfigure.security.oauth2.resource.servlet.OAuth2ResourceServerAutoConfiguration, org.springframework.boot.autoconfigure.security.servlet.SecurityAutoConfiguration, org.springframework.boot.autoconfigure.security.servlet.SecurityFilterAutoConfiguration, org.springframework.boot.autoconfigure.security.servlet.UserDetailsServiceAutoConfiguration, org.springframework.boot.test.autoconfigure.web.servlet.MockMvcSecurityConfiguration, org.springframework.boot.test.autoconfigure.web.reactive.WebTestClientAutoConfiguration]], org.springframework.boot.test.context.filter.ExcludeFilterContextCustomizer@46e8a539, org.springframework.boot.test.json.DuplicateJsonObjectContextCustomizerFactory$DuplicateJsonObjectContextCustomizer@66629f63, org.springframework.boot.test.mock.mockito.MockitoContextCustomizer@0, org.springframework.boot.test.web.client.TestRestTemplateContextCustomizer@32cb636e, org.springframework.boot.test.context.SpringBootTestArgs@1, org.springframework.boot.test.context.SpringBootTestWebEnvironment@53251a66], resourceBasePath = 'src/main/webapp', contextLoader = 'org.springframework.boot.test.context.SpringBootContextLoader', parent = [null]], attributes = map['org.springframework.test.context.web.ServletTestExecutionListener.activateListener' -> true, 'org.springframework.test.context.web.ServletTestExecutionListener.populatedRequestContextHolder' -> true, 'org.springframework.test.context.web.ServletTestExecutionListener.resetRequestContextHolder' -> true, 'org.springframework.test.context.event.ApplicationEventsTestExecutionListener.recordApplicationEvents' -> false]]; transaction manager [org.springframework.orm.jpa.JpaTransactionManager@76737130]; rollback [true]
Hibernate: select userentity0_.user_id as user_id1_7_, userentity0_.address as address2_7_, userentity0_.admin as admin3_7_, userentity0_.id as id4_7_, userentity0_.password as password5_7_, userentity0_.phone_number as phone_nu6_7_, userentity0_.profile_images as profile_7_7_ from user_entity userentity0_ where userentity0_.id=?
Hibernate: select roles0_.user_entity_user_id as user_ent1_8_0_, roles0_.roles as roles2_8_0_ from user_entity_roles roles0_ where roles0_.user_entity_user_id=?
Hibernate: insert into post (date, description, recommendation, thumbnail, title, user_id, views, writer) values (?, ?, ?, ?, ?, ?, ?, ?)
Hibernate: select max(post0_.post_key) as col_0_0_ from post post0_
Hibernate: select max(post0_.post_key) as col_0_0_ from post post0_
Hibernate: select post0_.post_key as post_key1_4_0_, comment1_.comment_id as comment_1_0_1_, post0_.date as date2_4_0_, post0_.description as descript3_4_0_, post0_.recommendation as recommen4_4_0_, post0_.thumbnail as thumbnai5_4_0_, post0_.title as title6_4_0_, post0_.user_id as user_id9_4_0_, post0_.views as views7_4_0_, post0_.writer as writer8_4_0_, comment1_.content as content2_0_1_, comment1_.date as date3_0_1_, comment1_.post_id as post_id5_0_1_, comment1_.writer as writer4_0_1_, comment1_.post_id as post_id5_0_0__, comment1_.comment_id as comment_1_0_0__ from post post0_ left outer join comment comment1_ on post0_.post_key=comment1_.post_id where post0_.post_key=?
Hibernate: select next_val as id_val from hibernate_sequence for update
Hibernate: update hibernate_sequence set next_val= ? where next_val=?
Hibernate: insert into comment (content, date, post_id, writer, comment_id) values (?, ?, ?, ?, ?)
Hibernate: select max(comment0_.comment_id) as col_0_0_ from comment comment0_
Hibernate: delete from comment where comment_id=? and writer=?
2022-12-20 19:00:51.233  INFO 7464 --- [    Test worker] o.s.t.c.transaction.TransactionContext   : Rolled back transaction for test: [DefaultTestContext@b997735 testClass = PostTest, testInstance = com.team.todaycheck.main.PostTest@178826db, testMethod = removeCommitFromSameUser@PostTest, testException = [null], mergedContextConfiguration = [WebMergedContextConfiguration@7f913c47 testClass = PostTest, locations = '{}', classes = '{class com.team.todaycheck.main.Library}', contextInitializerClasses = '[]', activeProfiles = '{}', propertySourceLocations = '{}', propertySourceProperties = '{org.springframework.boot.test.context.SpringBootTestContextBootstrapper=true}', contextCustomizers = set[org.springframework.boot.test.autoconfigure.actuate.metrics.MetricsExportContextCustomizerFactory$DisableMetricExportContextCustomizer@3c0fae6c, org.springframework.boot.test.autoconfigure.properties.PropertyMappingContextCustomizer@4b3fa0b3, org.springframework.boot.test.autoconfigure.web.servlet.WebDriverContextCustomizerFactory$Customizer@756cf158, [ImportsContextCustomizer@2c9573f1 key = [org.springframework.boot.test.autoconfigure.web.servlet.MockMvcAutoConfiguration, org.springframework.boot.test.autoconfigure.web.servlet.MockMvcWebClientAutoConfiguration, org.springframework.boot.test.autoconfigure.web.servlet.MockMvcWebDriverAutoConfiguration, org.springframework.boot.autoconfigure.security.oauth2.client.servlet.OAuth2ClientAutoConfiguration, org.springframework.boot.autoconfigure.security.oauth2.resource.servlet.OAuth2ResourceServerAutoConfiguration, org.springframework.boot.autoconfigure.security.servlet.SecurityAutoConfiguration, org.springframework.boot.autoconfigure.security.servlet.SecurityFilterAutoConfiguration, org.springframework.boot.autoconfigure.security.servlet.UserDetailsServiceAutoConfiguration, org.springframework.boot.test.autoconfigure.web.servlet.MockMvcSecurityConfiguration, org.springframework.boot.test.autoconfigure.web.reactive.WebTestClientAutoConfiguration]], org.springframework.boot.test.context.filter.ExcludeFilterContextCustomizer@46e8a539, org.springframework.boot.test.json.DuplicateJsonObjectContextCustomizerFactory$DuplicateJsonObjectContextCustomizer@66629f63, org.springframework.boot.test.mock.mockito.MockitoContextCustomizer@0, org.springframework.boot.test.web.client.TestRestTemplateContextCustomizer@32cb636e, org.springframework.boot.test.context.SpringBootTestArgs@1, org.springframework.boot.test.context.SpringBootTestWebEnvironment@53251a66], resourceBasePath = 'src/main/webapp', contextLoader = 'org.springframework.boot.test.context.SpringBootContextLoader', parent = [null]], attributes = map['org.springframework.test.context.web.ServletTestExecutionListener.activateListener' -> true, 'org.springframework.test.context.web.ServletTestExecutionListener.populatedRequestContextHolder' -> true, 'org.springframework.test.context.web.ServletTestExecutionListener.resetRequestContextHolder' -> true, 'org.springframework.test.context.event.ApplicationEventsTestExecutionListener.recordApplicationEvents' -> false]]
2022-12-20 19:00:51.235  INFO 7464 --- [    Test worker] o.s.t.c.transaction.TransactionContext   : Began transaction (1) for test context [DefaultTestContext@b997735 testClass = PostTest, testInstance = com.team.todaycheck.main.PostTest@178826db, testMethod = removeCommitFromAnotherUser@PostTest, testException = [null], mergedContextConfiguration = [WebMergedContextConfiguration@7f913c47 testClass = PostTest, locations = '{}', classes = '{class com.team.todaycheck.main.Library}', contextInitializerClasses = '[]', activeProfiles = '{}', propertySourceLocations = '{}', propertySourceProperties = '{org.springframework.boot.test.context.SpringBootTestContextBootstrapper=true}', contextCustomizers = set[org.springframework.boot.test.autoconfigure.actuate.metrics.MetricsExportContextCustomizerFactory$DisableMetricExportContextCustomizer@3c0fae6c, org.springframework.boot.test.autoconfigure.properties.PropertyMappingContextCustomizer@4b3fa0b3, org.springframework.boot.test.autoconfigure.web.servlet.WebDriverContextCustomizerFactory$Customizer@756cf158, [ImportsContextCustomizer@2c9573f1 key = [org.springframework.boot.test.autoconfigure.web.servlet.MockMvcAutoConfiguration, org.springframework.boot.test.autoconfigure.web.servlet.MockMvcWebClientAutoConfiguration, org.springframework.boot.test.autoconfigure.web.servlet.MockMvcWebDriverAutoConfiguration, org.springframework.boot.autoconfigure.security.oauth2.client.servlet.OAuth2ClientAutoConfiguration, org.springframework.boot.autoconfigure.security.oauth2.resource.servlet.OAuth2ResourceServerAutoConfiguration, org.springframework.boot.autoconfigure.security.servlet.SecurityAutoConfiguration, org.springframework.boot.autoconfigure.security.servlet.SecurityFilterAutoConfiguration, org.springframework.boot.autoconfigure.security.servlet.UserDetailsServiceAutoConfiguration, org.springframework.boot.test.autoconfigure.web.servlet.MockMvcSecurityConfiguration, org.springframework.boot.test.autoconfigure.web.reactive.WebTestClientAutoConfiguration]], org.springframework.boot.test.context.filter.ExcludeFilterContextCustomizer@46e8a539, org.springframework.boot.test.json.DuplicateJsonObjectContextCustomizerFactory$DuplicateJsonObjectContextCustomizer@66629f63, org.springframework.boot.test.mock.mockito.MockitoContextCustomizer@0, org.springframework.boot.test.web.client.TestRestTemplateContextCustomizer@32cb636e, org.springframework.boot.test.context.SpringBootTestArgs@1, org.springframework.boot.test.context.SpringBootTestWebEnvironment@53251a66], resourceBasePath = 'src/main/webapp', contextLoader = 'org.springframework.boot.test.context.SpringBootContextLoader', parent = [null]], attributes = map['org.springframework.test.context.web.ServletTestExecutionListener.activateListener' -> true, 'org.springframework.test.context.web.ServletTestExecutionListener.populatedRequestContextHolder' -> true, 'org.springframework.test.context.web.ServletTestExecutionListener.resetRequestContextHolder' -> true, 'org.springframework.test.context.event.ApplicationEventsTestExecutionListener.recordApplicationEvents' -> false]]; transaction manager [org.springframework.orm.jpa.JpaTransactionManager@76737130]; rollback [true]
Hibernate: select userentity0_.user_id as user_id1_7_, userentity0_.address as address2_7_, userentity0_.admin as admin3_7_, userentity0_.id as id4_7_, userentity0_.password as password5_7_, userentity0_.phone_number as phone_nu6_7_, userentity0_.profile_images as profile_7_7_ from user_entity userentity0_ where userentity0_.id=?
Hibernate: select roles0_.user_entity_user_id as user_ent1_8_0_, roles0_.roles as roles2_8_0_ from user_entity_roles roles0_ where roles0_.user_entity_user_id=?
Hibernate: insert into post (date, description, recommendation, thumbnail, title, user_id, views, writer) values (?, ?, ?, ?, ?, ?, ?, ?)
Hibernate: select max(post0_.post_key) as col_0_0_ from post post0_
Hibernate: select max(post0_.post_key) as col_0_0_ from post post0_
Hibernate: select post0_.post_key as post_key1_4_0_, comment1_.comment_id as comment_1_0_1_, post0_.date as date2_4_0_, post0_.description as descript3_4_0_, post0_.recommendation as recommen4_4_0_, post0_.thumbnail as thumbnai5_4_0_, post0_.title as title6_4_0_, post0_.user_id as user_id9_4_0_, post0_.views as views7_4_0_, post0_.writer as writer8_4_0_, comment1_.content as content2_0_1_, comment1_.date as date3_0_1_, comment1_.post_id as post_id5_0_1_, comment1_.writer as writer4_0_1_, comment1_.post_id as post_id5_0_0__, comment1_.comment_id as comment_1_0_0__ from post post0_ left outer join comment comment1_ on post0_.post_key=comment1_.post_id where post0_.post_key=?
Hibernate: select next_val as id_val from hibernate_sequence for update
Hibernate: update hibernate_sequence set next_val= ? where next_val=?
Hibernate: insert into comment (content, date, post_id, writer, comment_id) values (?, ?, ?, ?, ?)
Hibernate: select max(comment0_.comment_id) as col_0_0_ from comment comment0_
Hibernate: delete from comment where comment_id=? and writer=?
2022-12-20 19:00:51.259  INFO 7464 --- [    Test worker] o.s.t.c.transaction.TransactionContext   : Rolled back transaction for test: [DefaultTestContext@b997735 testClass = PostTest, testInstance = com.team.todaycheck.main.PostTest@178826db, testMethod = removeCommitFromAnotherUser@PostTest, testException = [null], mergedContextConfiguration = [WebMergedContextConfiguration@7f913c47 testClass = PostTest, locations = '{}', classes = '{class com.team.todaycheck.main.Library}', contextInitializerClasses = '[]', activeProfiles = '{}', propertySourceLocations = '{}', propertySourceProperties = '{org.springframework.boot.test.context.SpringBootTestContextBootstrapper=true}', contextCustomizers = set[org.springframework.boot.test.autoconfigure.actuate.metrics.MetricsExportContextCustomizerFactory$DisableMetricExportContextCustomizer@3c0fae6c, org.springframework.boot.test.autoconfigure.properties.PropertyMappingContextCustomizer@4b3fa0b3, org.springframework.boot.test.autoconfigure.web.servlet.WebDriverContextCustomizerFactory$Customizer@756cf158, [ImportsContextCustomizer@2c9573f1 key = [org.springframework.boot.test.autoconfigure.web.servlet.MockMvcAutoConfiguration, org.springframework.boot.test.autoconfigure.web.servlet.MockMvcWebClientAutoConfiguration, org.springframework.boot.test.autoconfigure.web.servlet.MockMvcWebDriverAutoConfiguration, org.springframework.boot.autoconfigure.security.oauth2.client.servlet.OAuth2ClientAutoConfiguration, org.springframework.boot.autoconfigure.security.oauth2.resource.servlet.OAuth2ResourceServerAutoConfiguration, org.springframework.boot.autoconfigure.security.servlet.SecurityAutoConfiguration, org.springframework.boot.autoconfigure.security.servlet.SecurityFilterAutoConfiguration, org.springframework.boot.autoconfigure.security.servlet.UserDetailsServiceAutoConfiguration, org.springframework.boot.test.autoconfigure.web.servlet.MockMvcSecurityConfiguration, org.springframework.boot.test.autoconfigure.web.reactive.WebTestClientAutoConfiguration]], org.springframework.boot.test.context.filter.ExcludeFilterContextCustomizer@46e8a539, org.springframework.boot.test.json.DuplicateJsonObjectContextCustomizerFactory$DuplicateJsonObjectContextCustomizer@66629f63, org.springframework.boot.test.mock.mockito.MockitoContextCustomizer@0, org.springframework.boot.test.web.client.TestRestTemplateContextCustomizer@32cb636e, org.springframework.boot.test.context.SpringBootTestArgs@1, org.springframework.boot.test.context.SpringBootTestWebEnvironment@53251a66], resourceBasePath = 'src/main/webapp', contextLoader = 'org.springframework.boot.test.context.SpringBootContextLoader', parent = [null]], attributes = map['org.springframework.test.context.web.ServletTestExecutionListener.activateListener' -> true, 'org.springframework.test.context.web.ServletTestExecutionListener.populatedRequestContextHolder' -> true, 'org.springframework.test.context.web.ServletTestExecutionListener.resetRequestContextHolder' -> true, 'org.springframework.test.context.event.ApplicationEventsTestExecutionListener.recordApplicationEvents' -> false]]
2022-12-20 19:00:51.262  INFO 7464 --- [    Test worker] o.s.t.c.transaction.TransactionContext   : Began transaction (1) for test context [DefaultTestContext@b997735 testClass = PostTest, testInstance = com.team.todaycheck.main.PostTest@178826db, testMethod = notexistHeaderException@PostTest, testException = [null], mergedContextConfiguration = [WebMergedContextConfiguration@7f913c47 testClass = PostTest, locations = '{}', classes = '{class com.team.todaycheck.main.Library}', contextInitializerClasses = '[]', activeProfiles = '{}', propertySourceLocations = '{}', propertySourceProperties = '{org.springframework.boot.test.context.SpringBootTestContextBootstrapper=true}', contextCustomizers = set[org.springframework.boot.test.autoconfigure.actuate.metrics.MetricsExportContextCustomizerFactory$DisableMetricExportContextCustomizer@3c0fae6c, org.springframework.boot.test.autoconfigure.properties.PropertyMappingContextCustomizer@4b3fa0b3, org.springframework.boot.test.autoconfigure.web.servlet.WebDriverContextCustomizerFactory$Customizer@756cf158, [ImportsContextCustomizer@2c9573f1 key = [org.springframework.boot.test.autoconfigure.web.servlet.MockMvcAutoConfiguration, org.springframework.boot.test.autoconfigure.web.servlet.MockMvcWebClientAutoConfiguration, org.springframework.boot.test.autoconfigure.web.servlet.MockMvcWebDriverAutoConfiguration, org.springframework.boot.autoconfigure.security.oauth2.client.servlet.OAuth2ClientAutoConfiguration, org.springframework.boot.autoconfigure.security.oauth2.resource.servlet.OAuth2ResourceServerAutoConfiguration, org.springframework.boot.autoconfigure.security.servlet.SecurityAutoConfiguration, org.springframework.boot.autoconfigure.security.servlet.SecurityFilterAutoConfiguration, org.springframework.boot.autoconfigure.security.servlet.UserDetailsServiceAutoConfiguration, org.springframework.boot.test.autoconfigure.web.servlet.MockMvcSecurityConfiguration, org.springframework.boot.test.autoconfigure.web.reactive.WebTestClientAutoConfiguration]], org.springframework.boot.test.context.filter.ExcludeFilterContextCustomizer@46e8a539, org.springframework.boot.test.json.DuplicateJsonObjectContextCustomizerFactory$DuplicateJsonObjectContextCustomizer@66629f63, org.springframework.boot.test.mock.mockito.MockitoContextCustomizer@0, org.springframework.boot.test.web.client.TestRestTemplateContextCustomizer@32cb636e, org.springframework.boot.test.context.SpringBootTestArgs@1, org.springframework.boot.test.context.SpringBootTestWebEnvironment@53251a66], resourceBasePath = 'src/main/webapp', contextLoader = 'org.springframework.boot.test.context.SpringBootContextLoader', parent = [null]], attributes = map['org.springframework.test.context.web.ServletTestExecutionListener.activateListener' -> true, 'org.springframework.test.context.web.ServletTestExecutionListener.populatedRequestContextHolder' -> true, 'org.springframework.test.context.web.ServletTestExecutionListener.resetRequestContextHolder' -> true, 'org.springframework.test.context.event.ApplicationEventsTestExecutionListener.recordApplicationEvents' -> false]]; transaction manager [org.springframework.orm.jpa.JpaTransactionManager@76737130]; rollback [true]
2022-12-20 19:00:51.296  INFO 7464 --- [    Test worker] o.s.t.c.transaction.TransactionContext   : Rolled back transaction for test: [DefaultTestContext@b997735 testClass = PostTest, testInstance = com.team.todaycheck.main.PostTest@178826db, testMethod = notexistHeaderException@PostTest, testException = [null], mergedContextConfiguration = [WebMergedContextConfiguration@7f913c47 testClass = PostTest, locations = '{}', classes = '{class com.team.todaycheck.main.Library}', contextInitializerClasses = '[]', activeProfiles = '{}', propertySourceLocations = '{}', propertySourceProperties = '{org.springframework.boot.test.context.SpringBootTestContextBootstrapper=true}', contextCustomizers = set[org.springframework.boot.test.autoconfigure.actuate.metrics.MetricsExportContextCustomizerFactory$DisableMetricExportContextCustomizer@3c0fae6c, org.springframework.boot.test.autoconfigure.properties.PropertyMappingContextCustomizer@4b3fa0b3, org.springframework.boot.test.autoconfigure.web.servlet.WebDriverContextCustomizerFactory$Customizer@756cf158, [ImportsContextCustomizer@2c9573f1 key = [org.springframework.boot.test.autoconfigure.web.servlet.MockMvcAutoConfiguration, org.springframework.boot.test.autoconfigure.web.servlet.MockMvcWebClientAutoConfiguration, org.springframework.boot.test.autoconfigure.web.servlet.MockMvcWebDriverAutoConfiguration, org.springframework.boot.autoconfigure.security.oauth2.client.servlet.OAuth2ClientAutoConfiguration, org.springframework.boot.autoconfigure.security.oauth2.resource.servlet.OAuth2ResourceServerAutoConfiguration, org.springframework.boot.autoconfigure.security.servlet.SecurityAutoConfiguration, org.springframework.boot.autoconfigure.security.servlet.SecurityFilterAutoConfiguration, org.springframework.boot.autoconfigure.security.servlet.UserDetailsServiceAutoConfiguration, org.springframework.boot.test.autoconfigure.web.servlet.MockMvcSecurityConfiguration, org.springframework.boot.test.autoconfigure.web.reactive.WebTestClientAutoConfiguration]], org.springframework.boot.test.context.filter.ExcludeFilterContextCustomizer@46e8a539, org.springframework.boot.test.json.DuplicateJsonObjectContextCustomizerFactory$DuplicateJsonObjectContextCustomizer@66629f63, org.springframework.boot.test.mock.mockito.MockitoContextCustomizer@0, org.springframework.boot.test.web.client.TestRestTemplateContextCustomizer@32cb636e, org.springframework.boot.test.context.SpringBootTestArgs@1, org.springframework.boot.test.context.SpringBootTestWebEnvironment@53251a66], resourceBasePath = 'src/main/webapp', contextLoader = 'org.springframework.boot.test.context.SpringBootContextLoader', parent = [null]], attributes = map['org.springframework.test.context.web.ServletTestExecutionListener.activateListener' -> true, 'org.springframework.test.context.web.ServletTestExecutionListener.populatedRequestContextHolder' -> true, 'org.springframework.test.context.web.ServletTestExecutionListener.resetRequestContextHolder' -> true, 'org.springframework.test.context.event.ApplicationEventsTestExecutionListener.recordApplicationEvents' -> false]]
]]></system-out>
  <system-err><![CDATA[]]></system-err>
</testsuite>
